This is pdfTeX, Version 3.141592653-2.6-1.40.22 (MiKTeX 21.2) (preloaded format=pdflatex 2021.4.30)  5 JUN 2021 14:41
entering extended mode
**./2_1.tex
(2_1.tex
LaTeX2e <2020-10-01> patch level 4
L3 programming layer <2021-02-18> xparse <2020-03-03>
! Undefined control sequence.
l.1 \chapter
            {–ê—Å—Å–∏–º–ø—Ç–æ—Ç–∏—á–µ—Å–∫–∏ –æ–ø—Ç–∏–º–∞–ª—å–Ω—ã–µ –æ—Ü–µ–Ω–...
The control sequence at the end of the top line
of your error message was never \def'ed. If you have
misspelled it (e.g., `\hobx'), type `I' and the correct
spelling (e.g., `I\hbox'). Otherwise just continue,
and I'll forget about whatever was undefined.


! Package inputenc Error: Unicode character –ê (U+0410)
(inputenc)                not set up for use with LaTeX.

See the inputenc package documentation for explanation.
Type  H <return>  for immediate help.
 ...                                              
                                                  
l.1 \chapter{–ê
               —Å—Å–∏–º–ø—Ç–æ—Ç–∏—á–µ—Å–∫–∏ –æ–ø—Ç–∏–º–∞–ª—å–Ω—ã–µ –æ—Ü–µ–Ω–...

You may provide a definition with
\DeclareUnicodeCharacter 


! Package inputenc Error: Unicode character —Å (U+0441)
(inputenc)                not set up for use with LaTeX.

See the inputenc package documentation for explanation.
Type  H <return>  for immediate help.
 ...                                              
                                                  
l.1 \chapter{–ê—Å
                 —Å–∏–º–ø—Ç–æ—Ç–∏—á–µ—Å–∫–∏ –æ–ø—Ç–∏–º–∞–ª—å–Ω—ã–µ –æ—Ü–µ–Ω–...

You may provide a definition with
\DeclareUnicodeCharacter 


! Package inputenc Error: Unicode character —Å (U+0441)
(inputenc)                not set up for use with LaTeX.

See the inputenc package documentation for explanation.
Type  H <return>  for immediate help.
 ...                                              
                                                  
l.1 \chapter{–ê—Å—Å
                   –∏–º–ø—Ç–æ—Ç–∏—á–µ—Å–∫–∏ –æ–ø—Ç–∏–º–∞–ª—å–Ω—ã–µ –æ—Ü–µ–Ω–...

You may provide a definition with
\DeclareUnicodeCharacter 


! Package inputenc Error: Unicode character –∏ (U+0438)
(inputenc)                not set up for use with LaTeX.

See the inputenc package documentation for explanation.
Type  H <return>  for immediate help.
 ...                                              
                                                  
l.1 \chapter{–ê—Å—Å–∏
                     –º–ø—Ç–æ—Ç–∏—á–µ—Å–∫–∏ –æ–ø—Ç–∏–º–∞–ª—å–Ω—ã–µ –æ—Ü–µ–Ω–...

You may provide a definition with
\DeclareUnicodeCharacter 


! Package inputenc Error: Unicode character –º (U+043C)
(inputenc)                not set up for use with LaTeX.

See the inputenc package documentation for explanation.
Type  H <return>  for immediate help.
 ...                                              
                                                  
l.1 \chapter{–ê—Å—Å–∏–º
                       –ø—Ç–æ—Ç–∏—á–µ—Å–∫–∏ –æ–ø—Ç–∏–º–∞–ª—å–Ω—ã–µ –æ—Ü–µ–Ω–...

You may provide a definition with
\DeclareUnicodeCharacter 


! Package inputenc Error: Unicode character –ø (U+043F)
(inputenc)                not set up for use with LaTeX.

See the inputenc package documentation for explanation.
Type  H <return>  for immediate help.
 ...                                              
                                                  
l.1 \chapter{–ê—Å—Å–∏–º–ø
                         —Ç–æ—Ç–∏—á–µ—Å–∫–∏ –æ–ø—Ç–∏–º–∞–ª—å–Ω—ã–µ –æ—Ü–µ–Ω–...

You may provide a definition with
\DeclareUnicodeCharacter 


! Package inputenc Error: Unicode character —Ç (U+0442)
(inputenc)                not set up for use with LaTeX.

See the inputenc package documentation for explanation.
Type  H <return>  for immediate help.
 ...                                              
                                                  
l.1 \chapter{–ê—Å—Å–∏–º–ø—Ç
                           –æ—Ç–∏—á–µ—Å–∫–∏ –æ–ø—Ç–∏–º–∞–ª—å–Ω—ã–µ –æ—Ü–µ–Ω–...

You may provide a definition with
\DeclareUnicodeCharacter 


! Package inputenc Error: Unicode character –æ (U+043E)
(inputenc)                not set up for use with LaTeX.

See the inputenc package documentation for explanation.
Type  H <return>  for immediate help.
 ...                                              
                                                  
l.1 \chapter{–ê—Å—Å–∏–º–ø—Ç–æ
                             —Ç–∏—á–µ—Å–∫–∏ –æ–ø—Ç–∏–º–∞–ª—å–Ω—ã–µ –æ—Ü–µ–Ω–...

You may provide a definition with
\DeclareUnicodeCharacter 


! Package inputenc Error: Unicode character —Ç (U+0442)
(inputenc)                not set up for use with LaTeX.

See the inputenc package documentation for explanation.
Type  H <return>  for immediate help.
 ...                                              
                                                  
l.1 \chapter{–ê—Å—Å–∏–º–ø—Ç–æ—Ç
                               –∏—á–µ—Å–∫–∏ –æ–ø—Ç–∏–º–∞–ª—å–Ω—ã–µ –æ—Ü–µ–Ω–...

You may provide a definition with
\DeclareUnicodeCharacter 


! Package inputenc Error: Unicode character –∏ (U+0438)
(inputenc)                not set up for use with LaTeX.

See the inputenc package documentation for explanation.
Type  H <return>  for immediate help.
 ...                                              
                                                  
l.1 \chapter{–ê—Å—Å–∏–º–ø—Ç–æ—Ç–∏
                                 —á–µ—Å–∫–∏ –æ–ø—Ç–∏–º–∞–ª—å–Ω—ã–µ –æ—Ü–µ–Ω–...

You may provide a definition with
\DeclareUnicodeCharacter 


! Package inputenc Error: Unicode character —á (U+0447)
(inputenc)                not set up for use with LaTeX.

See the inputenc package documentation for explanation.
Type  H <return>  for immediate help.
 ...                                              
                                                  
l.1 \chapter{–ê—Å—Å–∏–º–ø—Ç–æ—Ç–∏—á
                                   –µ—Å–∫–∏ –æ–ø—Ç–∏–º–∞–ª—å–Ω—ã–µ –æ—Ü–µ–Ω–...

You may provide a definition with
\DeclareUnicodeCharacter 


! Package inputenc Error: Unicode character –µ (U+0435)
(inputenc)                not set up for use with LaTeX.

See the inputenc package documentation for explanation.
Type  H <return>  for immediate help.
 ...                                              
                                                  
l.1 \chapter{–ê—Å—Å–∏–º–ø—Ç–æ—Ç–∏—á–µ
                                     —Å–∫–∏ –æ–ø—Ç–∏–º–∞–ª—å–Ω—ã–µ –æ—Ü–µ–Ω–...

You may provide a definition with
\DeclareUnicodeCharacter 


! Package inputenc Error: Unicode character —Å (U+0441)
(inputenc)                not set up for use with LaTeX.

See the inputenc package documentation for explanation.
Type  H <return>  for immediate help.
 ...                                              
                                                  
l.1 \chapter{–ê—Å—Å–∏–º–ø—Ç–æ—Ç–∏—á–µ—Å
                                       –∫–∏ –æ–ø—Ç–∏–º–∞–ª—å–Ω—ã–µ –æ—Ü–µ–Ω–...

You may provide a definition with
\DeclareUnicodeCharacter 


! Package inputenc Error: Unicode character –∫ (U+043A)
(inputenc)                not set up for use with LaTeX.

See the inputenc package documentation for explanation.
Type  H <return>  for immediate help.
 ...                                              
                                                  
l.1 \chapter{–ê—Å—Å–∏–º–ø—Ç–æ—Ç–∏—á–µ—Å–∫
                                         –∏ –æ–ø—Ç–∏–º–∞–ª—å–Ω—ã–µ –æ—Ü–µ–Ω–...

You may provide a definition with
\DeclareUnicodeCharacter 


! Package inputenc Error: Unicode character –∏ (U+0438)
(inputenc)                not set up for use with LaTeX.

See the inputenc package documentation for explanation.
Type  H <return>  for immediate help.
 ...                                              
                                                  
l.1 \chapter{–ê—Å—Å–∏–º–ø—Ç–æ—Ç–∏—á–µ—Å–∫–∏
                                            –æ–ø—Ç–∏–º–∞–ª—å–Ω—ã–µ –æ—Ü–µ–Ω–...

You may provide a definition with
\DeclareUnicodeCharacter 


! Package inputenc Error: Unicode character –æ (U+043E)
(inputenc)                not set up for use with LaTeX.

See the inputenc package documentation for explanation.
Type  H <return>  for immediate help.
 ...                                              
                                                  
l.1 \chapter{–ê—Å—Å–∏–º–ø—Ç–æ—Ç–∏—á–µ—Å–∫–∏ –æ
                                              –ø—Ç–∏–º–∞–ª—å–Ω—ã–µ –æ—Ü–µ–Ω–...

You may provide a definition with
\DeclareUnicodeCharacter 


! Package inputenc Error: Unicode character –ø (U+043F)
(inputenc)                not set up for use with LaTeX.

See the inputenc package documentation for explanation.
Type  H <return>  for immediate help.
 ...                                              
                                                  
l.1 \chapter{–ê—Å—Å–∏–º–ø—Ç–æ—Ç–∏—á–µ—Å–∫–∏ –æ–ø
                                                —Ç–∏–º–∞–ª—å–Ω—ã–µ –æ—Ü–µ–Ω–...

You may provide a definition with
\DeclareUnicodeCharacter 


! Package inputenc Error: Unicode character —Ç (U+0442)
(inputenc)                not set up for use with LaTeX.

See the inputenc package documentation for explanation.
Type  H <return>  for immediate help.
 ...                                              
                                                  
l.1 \chapter{–ê—Å—Å–∏–º–ø—Ç–æ—Ç–∏—á–µ—Å–∫–∏ –æ–ø—Ç
                                                  –∏–º–∞–ª—å–Ω—ã–µ –æ—Ü–µ–Ω–...

You may provide a definition with
\DeclareUnicodeCharacter 


! Package inputenc Error: Unicode character –∏ (U+0438)
(inputenc)                not set up for use with LaTeX.

See the inputenc package documentation for explanation.
Type  H <return>  for immediate help.
 ...                                              
                                                  
l.1 ...ter{–ê—Å—Å–∏–º–ø—Ç–æ—Ç–∏—á–µ—Å–∫–∏ –æ–ø—Ç–∏
                                                  –º–∞–ª—å–Ω—ã–µ –æ—Ü–µ–Ω–∫–∏.}

You may provide a definition with
\DeclareUnicodeCharacter 


! Package inputenc Error: Unicode character –º (U+043C)
(inputenc)                not set up for use with LaTeX.

See the inputenc package documentation for explanation.
Type  H <return>  for immediate help.
 ...                                              
                                                  
l.1 ...r{–ê—Å—Å–∏–º–ø—Ç–æ—Ç–∏—á–µ—Å–∫–∏ –æ–ø—Ç–∏–º
                                                  –∞–ª—å–Ω—ã–µ –æ—Ü–µ–Ω–∫–∏.}
You may provide a definition with
\DeclareUnicodeCharacter 


! Package inputenc Error: Unicode character –∞ (U+0430)
(inputenc)                not set up for use with LaTeX.

See the inputenc package documentation for explanation.
Type  H <return>  for immediate help.
 ...                                              
                                                  
l.1 ...–ê—Å—Å–∏–º–ø—Ç–æ—Ç–∏—á–µ—Å–∫–∏ –æ–ø—Ç–∏–º–∞
                                                  –ª—å–Ω—ã–µ –æ—Ü–µ–Ω–∫–∏.}
You may provide a definition with
\DeclareUnicodeCharacter 


! Package inputenc Error: Unicode character –ª (U+043B)
(inputenc)                not set up for use with LaTeX.

See the inputenc package documentation for explanation.
Type  H <return>  for immediate help.
 ...                                              
                                                  
l.1 ...—Å—Å–∏–º–ø—Ç–æ—Ç–∏—á–µ—Å–∫–∏ –æ–ø—Ç–∏–º–∞–ª
                                                  —å–Ω—ã–µ –æ—Ü–µ–Ω–∫–∏.}
You may provide a definition with
\DeclareUnicodeCharacter 


! Package inputenc Error: Unicode character —å (U+044C)
(inputenc)                not set up for use with LaTeX.

See the inputenc package documentation for explanation.
Type  H <return>  for immediate help.
 ...                                              
                                                  
l.1 ...—Å–∏–º–ø—Ç–æ—Ç–∏—á–µ—Å–∫–∏ –æ–ø—Ç–∏–º–∞–ª—å
                                                  –Ω—ã–µ –æ—Ü–µ–Ω–∫–∏.}
You may provide a definition with
\DeclareUnicodeCharacter 


! Package inputenc Error: Unicode character –Ω (U+043D)
(inputenc)                not set up for use with LaTeX.

See the inputenc package documentation for explanation.
Type  H <return>  for immediate help.
 ...                                              
                                                  
l.1 ...–∏–º–ø—Ç–æ—Ç–∏—á–µ—Å–∫–∏ –æ–ø—Ç–∏–º–∞–ª—å–Ω
                                                  —ã–µ –æ—Ü–µ–Ω–∫–∏.}
You may provide a definition with
\DeclareUnicodeCharacter 


! Package inputenc Error: Unicode character —ã (U+044B)
(inputenc)                not set up for use with LaTeX.

See the inputenc package documentation for explanation.
Type  H <return>  for immediate help.
 ...                                              
                                                  
l.1 ...–º–ø—Ç–æ—Ç–∏—á–µ—Å–∫–∏ –æ–ø—Ç–∏–º–∞–ª—å–Ω—ã
                                                  –µ –æ—Ü–µ–Ω–∫–∏.}
You may provide a definition with
\DeclareUnicodeCharacter 


! Package inputenc Error: Unicode character –µ (U+0435)
(inputenc)                not set up for use with LaTeX.

See the inputenc package documentation for explanation.
Type  H <return>  for immediate help.
 ...                                              
                                                  
l.1 ...–ø—Ç–æ—Ç–∏—á–µ—Å–∫–∏ –æ–ø—Ç–∏–º–∞–ª—å–Ω—ã–µ
                                                   –æ—Ü–µ–Ω–∫–∏.}
You may provide a definition with
\DeclareUnicodeCharacter 


! Package inputenc Error: Unicode character –æ (U+043E)
(inputenc)                not set up for use with LaTeX.

See the inputenc package documentation for explanation.
Type  H <return>  for immediate help.
 ...                                              
                                                  
l.1 ...Ç–æ—Ç–∏—á–µ—Å–∫–∏ –æ–ø—Ç–∏–º–∞–ª—å–Ω—ã–µ –æ
                                                  —Ü–µ–Ω–∫–∏.}
You may provide a definition with
\DeclareUnicodeCharacter 


! Package inputenc Error: Unicode character —Ü (U+0446)
(inputenc)                not set up for use with LaTeX.

See the inputenc package documentation for explanation.
Type  H <return>  for immediate help.
 ...                                              
                                                  
l.1 ...æ—Ç–∏—á–µ—Å–∫–∏ –æ–ø—Ç–∏–º–∞–ª—å–Ω—ã–µ –æ—Ü
                                                  –µ–Ω–∫–∏.}
You may provide a definition with
\DeclareUnicodeCharacter 


! Package inputenc Error: Unicode character –µ (U+0435)
(inputenc)                not set up for use with LaTeX.

See the inputenc package documentation for explanation.
Type  H <return>  for immediate help.
 ...                                              
                                                  
l.1 ...Ç–∏—á–µ—Å–∫–∏ –æ–ø—Ç–∏–º–∞–ª—å–Ω—ã–µ –æ—Ü–µ
                                                  –Ω–∫–∏.}
You may provide a definition with
\DeclareUnicodeCharacter 


! Package inputenc Error: Unicode character –Ω (U+043D)
(inputenc)                not set up for use with LaTeX.

See the inputenc package documentation for explanation.
Type  H <return>  for immediate help.
 ...                                              
                                                  
l.1 ...∏—á–µ—Å–∫–∏ –æ–ø—Ç–∏–º–∞–ª—å–Ω—ã–µ –æ—Ü–µ–Ω
                                                  –∫–∏.}
You may provide a definition with
\DeclareUnicodeCharacter 


! Package inputenc Error: Unicode character –∫ (U+043A)
(inputenc)                not set up for use with LaTeX.

See the inputenc package documentation for explanation.
Type  H <return>  for immediate help.
 ...                                              
                                                  
l.1 ...á–µ—Å–∫–∏ –æ–ø—Ç–∏–º–∞–ª—å–Ω—ã–µ –æ—Ü–µ–Ω–∫
                                                  –∏.}
You may provide a definition with
\DeclareUnicodeCharacter 


! Package inputenc Error: Unicode character –∏ (U+0438)
(inputenc)                not set up for use with LaTeX.

See the inputenc package documentation for explanation.
Type  H <return>  for immediate help.
 ...                                              
                                                  
l.1 ...µ—Å–∫–∏ –æ–ø—Ç–∏–º–∞–ª—å–Ω—ã–µ –æ—Ü–µ–Ω–∫–∏
                                                  .}
You may provide a definition with
\DeclareUnicodeCharacter 


! LaTeX Error: Missing \begin{document}.

See the LaTeX manual or LaTeX Companion for explanation.
Type  H <return>  for immediate help.
 ...                                              
                                                  
l.1 ...—Å–∫–∏ –æ–ø—Ç–∏–º–∞–ª—å–Ω—ã–µ –æ—Ü–µ–Ω–∫–∏.
                                                  }
You're in trouble here.  Try typing  <return>  to proceed.
If that doesn't work, type  X <return>  to quit.

Missing character: There is no . in font nullfont!

Overfull \hbox (20.0pt too wide) in paragraph at lines 1--2
[] 
 []

! Undefined control sequence.
l.3 \section
            {–°—Ö–æ–¥–∏–º–æ—Å—Ç–∏, –ª–µ–º–º–∞ –°–ª—É—Ü–∫–æ–≥–æ} %\label{lec:...
The control sequence at the end of the top line
of your error message was never \def'ed. If you have
misspelled it (e.g., `\hobx'), type `I' and the correct
spelling (e.g., `I\hbox'). Otherwise just continue,
and I'll forget about whatever was undefined.


! Package inputenc Error: Unicode character –° (U+0421)
(inputenc)                not set up for use with LaTeX.

See the inputenc package documentation for explanation.
Type  H <return>  for immediate help.
 ...                                              
                                                  
l.3 \section{–°
               —Ö–æ–¥–∏–º–æ—Å—Ç–∏, –ª–µ–º–º–∞ –°–ª—É—Ü–∫–æ–≥–æ} %\label{lec:...

You may provide a definition with
\DeclareUnicodeCharacter 


! Package inputenc Error: Unicode character —Ö (U+0445)
(inputenc)                not set up for use with LaTeX.

See the inputenc package documentation for explanation.
Type  H <return>  for immediate help.
 ...                                              
                                                  
l.3 \section{–°—Ö
                 –æ–¥–∏–º–æ—Å—Ç–∏, –ª–µ–º–º–∞ –°–ª—É—Ü–∫–æ–≥–æ} %\label{lec:...

You may provide a definition with
\DeclareUnicodeCharacter 


! Package inputenc Error: Unicode character –æ (U+043E)
(inputenc)                not set up for use with LaTeX.

See the inputenc package documentation for explanation.
Type  H <return>  for immediate help.
 ...                                              
                                                  
l.3 \section{–°—Ö–æ
                   –¥–∏–º–æ—Å—Ç–∏, –ª–µ–º–º–∞ –°–ª—É—Ü–∫–æ–≥–æ} %\label{lec:...

You may provide a definition with
\DeclareUnicodeCharacter 


! Package inputenc Error: Unicode character –¥ (U+0434)
(inputenc)                not set up for use with LaTeX.

See the inputenc package documentation for explanation.
Type  H <return>  for immediate help.
 ...                                              
                                                  
l.3 \section{–°—Ö–æ–¥
                     –∏–º–æ—Å—Ç–∏, –ª–µ–º–º–∞ –°–ª—É—Ü–∫–æ–≥–æ} %\label{lec:...

You may provide a definition with
\DeclareUnicodeCharacter 


! Package inputenc Error: Unicode character –∏ (U+0438)
(inputenc)                not set up for use with LaTeX.

See the inputenc package documentation for explanation.
Type  H <return>  for immediate help.
 ...                                              
                                                  
l.3 \section{–°—Ö–æ–¥–∏
                       –º–æ—Å—Ç–∏, –ª–µ–º–º–∞ –°–ª—É—Ü–∫–æ–≥–æ} %\label{lec:...

You may provide a definition with
\DeclareUnicodeCharacter 


! Package inputenc Error: Unicode character –º (U+043C)
(inputenc)                not set up for use with LaTeX.

See the inputenc package documentation for explanation.
Type  H <return>  for immediate help.
 ...                                              
                                                  
l.3 \section{–°—Ö–æ–¥–∏–º
                         –æ—Å—Ç–∏, –ª–µ–º–º–∞ –°–ª—É—Ü–∫–æ–≥–æ} %\label{lec:...

You may provide a definition with
\DeclareUnicodeCharacter 


! Package inputenc Error: Unicode character –æ (U+043E)
(inputenc)                not set up for use with LaTeX.

See the inputenc package documentation for explanation.
Type  H <return>  for immediate help.
 ...                                              
                                                  
l.3 \section{–°—Ö–æ–¥–∏–º–æ
                           —Å—Ç–∏, –ª–µ–º–º–∞ –°–ª—É—Ü–∫–æ–≥–æ} %\label{lec:...

You may provide a definition with
\DeclareUnicodeCharacter 


! Package inputenc Error: Unicode character —Å (U+0441)
(inputenc)                not set up for use with LaTeX.

See the inputenc package documentation for explanation.
Type  H <return>  for immediate help.
 ...                                              
                                                  
l.3 \section{–°—Ö–æ–¥–∏–º–æ—Å
                             —Ç–∏, –ª–µ–º–º–∞ –°–ª—É—Ü–∫–æ–≥–æ} %\label{lec:...

You may provide a definition with
\DeclareUnicodeCharacter 


! Package inputenc Error: Unicode character —Ç (U+0442)
(inputenc)                not set up for use with LaTeX.

See the inputenc package documentation for explanation.
Type  H <return>  for immediate help.
 ...                                              
                                                  
l.3 \section{–°—Ö–æ–¥–∏–º–æ—Å—Ç
                               –∏, –ª–µ–º–º–∞ –°–ª—É—Ü–∫–æ–≥–æ} %\label{lec:...

You may provide a definition with
\DeclareUnicodeCharacter 


! Package inputenc Error: Unicode character –∏ (U+0438)
(inputenc)                not set up for use with LaTeX.

See the inputenc package documentation for explanation.
Type  H <return>  for immediate help.
 ...                                              
                                                  
l.3 \section{–°—Ö–æ–¥–∏–º–æ—Å—Ç–∏
                                 , –ª–µ–º–º–∞ –°–ª—É—Ü–∫–æ–≥–æ} %\label{lec:...

You may provide a definition with
\DeclareUnicodeCharacter 


! LaTeX Error: Missing \begin{document}.

See the LaTeX manual or LaTeX Companion for explanation.
Type  H <return>  for immediate help.
 ...                                              
                                                  
l.3 \section{–°—Ö–æ–¥–∏–º–æ—Å—Ç–∏,
                                   –ª–µ–º–º–∞ –°–ª—É—Ü–∫–æ–≥–æ} %\label{lec:...

You're in trouble here.  Try typing  <return>  to proceed.
If that doesn't work, type  X <return>  to quit.

Missing character: There is no , in font nullfont!

! Package inputenc Error: Unicode character –ª (U+043B)
(inputenc)                not set up for use with LaTeX.

See the inputenc package documentation for explanation.
Type  H <return>  for immediate help.
 ...                                              
                                                  
l.3 \section{–°—Ö–æ–¥–∏–º–æ—Å—Ç–∏, –ª
                                     –µ–º–º–∞ –°–ª—É—Ü–∫–æ–≥–æ} %\label{lec:...

You may provide a definition with
\DeclareUnicodeCharacter 


! Package inputenc Error: Unicode character –µ (U+0435)
(inputenc)                not set up for use with LaTeX.

See the inputenc package documentation for explanation.
Type  H <return>  for immediate help.
 ...                                              
                                                  
l.3 \section{–°—Ö–æ–¥–∏–º–æ—Å—Ç–∏, –ª–µ
                                       –º–º–∞ –°–ª—É—Ü–∫–æ–≥–æ} %\label{lec:...

You may provide a definition with
\DeclareUnicodeCharacter 


! Package inputenc Error: Unicode character –º (U+043C)
(inputenc)                not set up for use with LaTeX.

See the inputenc package documentation for explanation.
Type  H <return>  for immediate help.
 ...                                              
                                                  
l.3 \section{–°—Ö–æ–¥–∏–º–æ—Å—Ç–∏, –ª–µ–º
                                         –º–∞ –°–ª—É—Ü–∫–æ–≥–æ} %\label{lec:...

You may provide a definition with
\DeclareUnicodeCharacter 


! Package inputenc Error: Unicode character –º (U+043C)
(inputenc)                not set up for use with LaTeX.

See the inputenc package documentation for explanation.
Type  H <return>  for immediate help.
 ...                                              
                                                  
l.3 \section{–°—Ö–æ–¥–∏–º–æ—Å—Ç–∏, –ª–µ–º–º
                                           –∞ –°–ª—É—Ü–∫–æ–≥–æ} %\label{lec:...

You may provide a definition with
\DeclareUnicodeCharacter 


! Package inputenc Error: Unicode character –∞ (U+0430)
(inputenc)                not set up for use with LaTeX.

See the inputenc package documentation for explanation.
Type  H <return>  for immediate help.
 ...                                              
                                                  
l.3 \section{–°—Ö–æ–¥–∏–º–æ—Å—Ç–∏, –ª–µ–º–º–∞
                                              –°–ª—É—Ü–∫–æ–≥–æ} %\label{lec:...

You may provide a definition with
\DeclareUnicodeCharacter 


! Package inputenc Error: Unicode character –° (U+0421)
(inputenc)                not set up for use with LaTeX.

See the inputenc package documentation for explanation.
Type  H <return>  for immediate help.
 ...                                              
                                                  
l.3 \section{–°—Ö–æ–¥–∏–º–æ—Å—Ç–∏, –ª–µ–º–º–∞ –°
                                                –ª—É—Ü–∫–æ–≥–æ} %\label{lec:...

You may provide a definition with
\DeclareUnicodeCharacter 


! Package inputenc Error: Unicode character –ª (U+043B)
(inputenc)                not set up for use with LaTeX.

See the inputenc package documentation for explanation.
Type  H <return>  for immediate help.
 ...                                              
                                                  
l.3 \section{–°—Ö–æ–¥–∏–º–æ—Å—Ç–∏, –ª–µ–º–º–∞ –°–ª
                                                  —É—Ü–∫–æ–≥–æ} %\label{lec:...

You may provide a definition with
\DeclareUnicodeCharacter 


! Package inputenc Error: Unicode character —É (U+0443)
(inputenc)                not set up for use with LaTeX.

See the inputenc package documentation for explanation.
Type  H <return>  for immediate help.
 ...                                              
                                                  
l.3 ...ion{–°—Ö–æ–¥–∏–º–æ—Å—Ç–∏, –ª–µ–º–º–∞ –°–ª—É
                                                  —Ü–∫–æ–≥–æ} %\label{lec:1/...

You may provide a definition with
\DeclareUnicodeCharacter 


! Package inputenc Error: Unicode character —Ü (U+0446)
(inputenc)                not set up for use with LaTeX.

See the inputenc package documentation for explanation.
Type  H <return>  for immediate help.
 ...                                              
                                                  
l.3 ...n{–°—Ö–æ–¥–∏–º–æ—Å—Ç–∏, –ª–µ–º–º–∞ –°–ª—É—Ü
                                                  –∫–æ–≥–æ} %\label{lec:1/se...

You may provide a definition with
\DeclareUnicodeCharacter 


! Package inputenc Error: Unicode character –∫ (U+043A)
(inputenc)                not set up for use with LaTeX.

See the inputenc package documentation for explanation.
Type  H <return>  for immediate help.
 ...                                              
                                                  
l.3 ...–°—Ö–æ–¥–∏–º–æ—Å—Ç–∏, –ª–µ–º–º–∞ –°–ª—É—Ü–∫
                                                  –æ–≥–æ} %\label{lec:1/sec:1}
You may provide a definition with
\DeclareUnicodeCharacter 


! Package inputenc Error: Unicode character –æ (U+043E)
(inputenc)                not set up for use with LaTeX.

See the inputenc package documentation for explanation.
Type  H <return>  for immediate help.
 ...                                              
                                                  
l.3 ...—Ö–æ–¥–∏–º–æ—Å—Ç–∏, –ª–µ–º–º–∞ –°–ª—É—Ü–∫–æ
                                                  –≥–æ} %\label{lec:1/sec:1}
You may provide a definition with
\DeclareUnicodeCharacter 


! Package inputenc Error: Unicode character –≥ (U+0433)
(inputenc)                not set up for use with LaTeX.

See the inputenc package documentation for explanation.
Type  H <return>  for immediate help.
 ...                                              
                                                  
l.3 ...–æ–¥–∏–º–æ—Å—Ç–∏, –ª–µ–º–º–∞ –°–ª—É—Ü–∫–æ–≥
                                                  –æ} %\label{lec:1/sec:1}
You may provide a definition with
\DeclareUnicodeCharacter 


! Package inputenc Error: Unicode character –æ (U+043E)
(inputenc)                not set up for use with LaTeX.

See the inputenc package documentation for explanation.
Type  H <return>  for immediate help.
 ...                                              
                                                  
l.3 ...–¥–∏–º–æ—Å—Ç–∏, –ª–µ–º–º–∞ –°–ª—É—Ü–∫–æ–≥–æ
                                                  } %\label{lec:1/sec:1}
You may provide a definition with
\DeclareUnicodeCharacter 


Overfull \hbox (20.0pt too wide) in paragraph at lines 3--4
[]
 []


! Package inputenc Error: Unicode character –ü (U+041F)
(inputenc)                not set up for use with LaTeX.

See the inputenc package documentation for explanation.
Type  H <return>  for immediate help.
 ...                                              
                                                  
l.5 –ü
      —É—Å—Ç—å —Å–ª—É—á–∞–π–Ω—ã–µ –≤–µ–ª–∏—á–∏–Ω—ã $\xi_n, \xi \in \mathbb{R...

You may provide a definition with
\DeclareUnicodeCharacter 


! Package inputenc Error: Unicode character —É (U+0443)
(inputenc)                not set up for use with LaTeX.

See the inputenc package documentation for explanation.
Type  H <return>  for immediate help.
 ...                                              
                                                  
l.5 –ü—É
        —Å—Ç—å —Å–ª—É—á–∞–π–Ω—ã–µ –≤–µ–ª–∏—á–∏–Ω—ã $\xi_n, \xi \in \mathbb{R...

You may provide a definition with
\DeclareUnicodeCharacter 


! Package inputenc Error: Unicode character —Å (U+0441)
(inputenc)                not set up for use with LaTeX.

See the inputenc package documentation for explanation.
Type  H <return>  for immediate help.
 ...                                              
                                                  
l.5 –ü—É—Å
          —Ç—å —Å–ª—É—á–∞–π–Ω—ã–µ –≤–µ–ª–∏—á–∏–Ω—ã $\xi_n, \xi \in \mathbb{R...

You may provide a definition with
\DeclareUnicodeCharacter 


! Package inputenc Error: Unicode character —Ç (U+0442)
(inputenc)                not set up for use with LaTeX.

See the inputenc package documentation for explanation.
Type  H <return>  for immediate help.
 ...                                              
                                                  
l.5 –ü—É—Å—Ç
            —å —Å–ª—É—á–∞–π–Ω—ã–µ –≤–µ–ª–∏—á–∏–Ω—ã $\xi_n, \xi \in \mathbb{R...

You may provide a definition with
\DeclareUnicodeCharacter 


! Package inputenc Error: Unicode character —å (U+044C)
(inputenc)                not set up for use with LaTeX.

See the inputenc package documentation for explanation.
Type  H <return>  for immediate help.
 ...                                              
                                                  
l.5 –ü—É—Å—Ç—å
               —Å–ª—É—á–∞–π–Ω—ã–µ –≤–µ–ª–∏—á–∏–Ω—ã $\xi_n, \xi \in \mathbb{R...

You may provide a definition with
\DeclareUnicodeCharacter 


! Package inputenc Error: Unicode character —Å (U+0441)
(inputenc)                not set up for use with LaTeX.

See the inputenc package documentation for explanation.
Type  H <return>  for immediate help.
 ...                                              
                                                  
l.5 –ü—É—Å—Ç—å —Å
                 –ª—É—á–∞–π–Ω—ã–µ –≤–µ–ª–∏—á–∏–Ω—ã $\xi_n, \xi \in \mathbb{R...

You may provide a definition with
\DeclareUnicodeCharacter 


! Package inputenc Error: Unicode character –ª (U+043B)
(inputenc)                not set up for use with LaTeX.

See the inputenc package documentation for explanation.
Type  H <return>  for immediate help.
 ...                                              
                                                  
l.5 –ü—É—Å—Ç—å —Å–ª
                   —É—á–∞–π–Ω—ã–µ –≤–µ–ª–∏—á–∏–Ω—ã $\xi_n, \xi \in \mathbb{R...

You may provide a definition with
\DeclareUnicodeCharacter 


! Package inputenc Error: Unicode character —É (U+0443)
(inputenc)                not set up for use with LaTeX.

See the inputenc package documentation for explanation.
Type  H <return>  for immediate help.
 ...                                              
                                                  
l.5 –ü—É—Å—Ç—å —Å–ª—É
                     —á–∞–π–Ω—ã–µ –≤–µ–ª–∏—á–∏–Ω—ã $\xi_n, \xi \in \mathbb{R...

You may provide a definition with
\DeclareUnicodeCharacter 


! Package inputenc Error: Unicode character —á (U+0447)
(inputenc)                not set up for use with LaTeX.

See the inputenc package documentation for explanation.
Type  H <return>  for immediate help.
 ...                                              
                                                  
l.5 –ü—É—Å—Ç—å —Å–ª—É—á
                       –∞–π–Ω—ã–µ –≤–µ–ª–∏—á–∏–Ω—ã $\xi_n, \xi \in \mathbb{R...

You may provide a definition with
\DeclareUnicodeCharacter 


! Package inputenc Error: Unicode character –∞ (U+0430)
(inputenc)                not set up for use with LaTeX.

See the inputenc package documentation for explanation.
Type  H <return>  for immediate help.
 ...                                              
                                                  
l.5 –ü—É—Å—Ç—å —Å–ª—É—á–∞
                         –π–Ω—ã–µ –≤–µ–ª–∏—á–∏–Ω—ã $\xi_n, \xi \in \mathbb{R...

You may provide a definition with
\DeclareUnicodeCharacter 


! Package inputenc Error: Unicode character –π (U+0439)
(inputenc)                not set up for use with LaTeX.

See the inputenc package documentation for explanation.
Type  H <return>  for immediate help.
 ...                                              
                                                  
l.5 –ü—É—Å—Ç—å —Å–ª—É—á–∞–π
                           –Ω—ã–µ –≤–µ–ª–∏—á–∏–Ω—ã $\xi_n, \xi \in \mathbb{R...

You may provide a definition with
\DeclareUnicodeCharacter 


! Package inputenc Error: Unicode character –Ω (U+043D)
(inputenc)                not set up for use with LaTeX.

See the inputenc package documentation for explanation.
Type  H <return>  for immediate help.
 ...                                              
                                                  
l.5 –ü—É—Å—Ç—å —Å–ª—É—á–∞–π–Ω
                             —ã–µ –≤–µ–ª–∏—á–∏–Ω—ã $\xi_n, \xi \in \mathbb{R...

You may provide a definition with
\DeclareUnicodeCharacter 


! Package inputenc Error: Unicode character —ã (U+044B)
(inputenc)                not set up for use with LaTeX.

See the inputenc package documentation for explanation.
Type  H <return>  for immediate help.
 ...                                              
                                                  
l.5 –ü—É—Å—Ç—å —Å–ª—É—á–∞–π–Ω—ã
                               –µ –≤–µ–ª–∏—á–∏–Ω—ã $\xi_n, \xi \in \mathbb{R...

You may provide a definition with
\DeclareUnicodeCharacter 


! Package inputenc Error: Unicode character –µ (U+0435)
(inputenc)                not set up for use with LaTeX.

See the inputenc package documentation for explanation.
Type  H <return>  for immediate help.
 ...                                              
                                                  
l.5 –ü—É—Å—Ç—å —Å–ª—É—á–∞–π–Ω—ã–µ
                                  –≤–µ–ª–∏—á–∏–Ω—ã $\xi_n, \xi \in \mathbb{R...

You may provide a definition with
\DeclareUnicodeCharacter 


! Package inputenc Error: Unicode character –≤ (U+0432)
(inputenc)                not set up for use with LaTeX.

See the inputenc package documentation for explanation.
Type  H <return>  for immediate help.
 ...                                              
                                                  
l.5 –ü—É—Å—Ç—å —Å–ª—É—á–∞–π–Ω—ã–µ –≤
                                    –µ–ª–∏—á–∏–Ω—ã $\xi_n, \xi \in \mathbb{R...

You may provide a definition with
\DeclareUnicodeCharacter 


! Package inputenc Error: Unicode character –µ (U+0435)
(inputenc)                not set up for use with LaTeX.

See the inputenc package documentation for explanation.
Type  H <return>  for immediate help.
 ...                                              
                                                  
l.5 –ü—É—Å—Ç—å —Å–ª—É—á–∞–π–Ω—ã–µ –≤–µ
                                      –ª–∏—á–∏–Ω—ã $\xi_n, \xi \in \mathbb{R...

You may provide a definition with
\DeclareUnicodeCharacter 


! Package inputenc Error: Unicode character –ª (U+043B)
(inputenc)                not set up for use with LaTeX.

See the inputenc package documentation for explanation.
Type  H <return>  for immediate help.
 ...                                              
                                                  
l.5 –ü—É—Å—Ç—å —Å–ª—É—á–∞–π–Ω—ã–µ –≤–µ–ª
                                        –∏—á–∏–Ω—ã $\xi_n, \xi \in \mathbb{R...

You may provide a definition with
\DeclareUnicodeCharacter 


! Package inputenc Error: Unicode character –∏ (U+0438)
(inputenc)                not set up for use with LaTeX.

See the inputenc package documentation for explanation.
Type  H <return>  for immediate help.
 ...                                              
                                                  
l.5 –ü—É—Å—Ç—å —Å–ª—É—á–∞–π–Ω—ã–µ –≤–µ–ª–∏
                                          —á–∏–Ω—ã $\xi_n, \xi \in \mathbb{R...

You may provide a definition with
\DeclareUnicodeCharacter 


! Package inputenc Error: Unicode character —á (U+0447)
(inputenc)                not set up for use with LaTeX.

See the inputenc package documentation for explanation.
Type  H <return>  for immediate help.
 ...                                              
                                                  
l.5 –ü—É—Å—Ç—å —Å–ª—É—á–∞–π–Ω—ã–µ –≤–µ–ª–∏—á
                                            –∏–Ω—ã $\xi_n, \xi \in \mathbb{R...

You may provide a definition with
\DeclareUnicodeCharacter 


! Package inputenc Error: Unicode character –∏ (U+0438)
(inputenc)                not set up for use with LaTeX.

See the inputenc package documentation for explanation.
Type  H <return>  for immediate help.
 ...                                              
                                                  
l.5 –ü—É—Å—Ç—å —Å–ª—É—á–∞–π–Ω—ã–µ –≤–µ–ª–∏—á–∏
                                              –Ω—ã $\xi_n, \xi \in \mathbb{R...

You may provide a definition with
\DeclareUnicodeCharacter 


! Package inputenc Error: Unicode character –Ω (U+043D)
(inputenc)                not set up for use with LaTeX.

See the inputenc package documentation for explanation.
Type  H <return>  for immediate help.
 ...                                              
                                                  
l.5 –ü—É—Å—Ç—å —Å–ª—É—á–∞–π–Ω—ã–µ –≤–µ–ª–∏—á–∏–Ω
                                                —ã $\xi_n, \xi \in \mathbb{R...

You may provide a definition with
\DeclareUnicodeCharacter 


! Package inputenc Error: Unicode character —ã (U+044B)
(inputenc)                not set up for use with LaTeX.

See the inputenc package documentation for explanation.
Type  H <return>  for immediate help.
 ...                                              
                                                  
l.5 –ü—É—Å—Ç—å —Å–ª—É—á–∞–π–Ω—ã–µ –≤–µ–ª–∏—á–∏–Ω—ã
                                                   $\xi_n, \xi \in \mathbb{R...

You may provide a definition with
\DeclareUnicodeCharacter 


! LaTeX Error: Missing \begin{document}.

See the LaTeX manual or LaTeX Companion for explanation.
Type  H <return>  for immediate help.
 ...                                              
                                                  
l.5 ...Å—Ç—å —Å–ª—É—á–∞–π–Ω—ã–µ –≤–µ–ª–∏—á–∏–Ω—ã $
                                                  \xi_n, \xi \in \mathbb{R}^...

You're in trouble here.  Try typing  <return>  to proceed.
If that doesn't work, type  X <return>  to quit.

LaTeX Font Info:    External font `cmex10' loaded for size
(Font)              <7> on input line 5.
LaTeX Font Info:    External font `cmex10' loaded for size
(Font)              <5> on input line 5.
! Undefined control sequence.
l.5 ...–µ –≤–µ–ª–∏—á–∏–Ω—ã $\xi_n, \xi \in \mathbb
                                                  {R}^n$ –æ–ø—Ä–µ–¥–µ–ª–µ–Ω—...
The control sequence at the end of the top line
of your error message was never \def'ed. If you have
misspelled it (e.g., `\hobx'), type `I' and the correct
spelling (e.g., `I\hbox'). Otherwise just continue,
and I'll forget about whatever was undefined.


! Package inputenc Error: Unicode character –æ (U+043E)
(inputenc)                not set up for use with LaTeX.

See the inputenc package documentation for explanation.
Type  H <return>  for immediate help.
 ...                                              
                                                  
l.5 ...–∏—á–∏–Ω—ã $\xi_n, \xi \in \mathbb{R}^n$ –æ
                                                  –ø—Ä–µ–¥–µ–ª–µ–Ω—ã –Ω–∞ –∫...

You may provide a definition with
\DeclareUnicodeCharacter 


! Package inputenc Error: Unicode character –ø (U+043F)
(inputenc)                not set up for use with LaTeX.

See the inputenc package documentation for explanation.
Type  H <return>  for immediate help.
 ...                                              
                                                  
l.5 ...—á–∏–Ω—ã $\xi_n, \xi \in \mathbb{R}^n$ –æ–ø
                                                  —Ä–µ–¥–µ–ª–µ–Ω—ã –Ω–∞ –∫–æ...

You may provide a definition with
\DeclareUnicodeCharacter 


! Package inputenc Error: Unicode character —Ä (U+0440)
(inputenc)                not set up for use with LaTeX.

See the inputenc package documentation for explanation.
Type  H <return>  for immediate help.
 ...                                              
                                                  
l.5 ...–∏–Ω—ã $\xi_n, \xi \in \mathbb{R}^n$ –æ–ø—Ä
                                                  –µ–¥–µ–ª–µ–Ω—ã –Ω–∞ –∫–æ–ª...

You may provide a definition with
\DeclareUnicodeCharacter 


! Package inputenc Error: Unicode character –µ (U+0435)
(inputenc)                not set up for use with LaTeX.

See the inputenc package documentation for explanation.
Type  H <return>  for immediate help.
 ...                                              
                                                  
l.5 ...–Ω—ã $\xi_n, \xi \in \mathbb{R}^n$ –æ–ø—Ä–µ
                                                  –¥–µ–ª–µ–Ω—ã –Ω–∞ –∫–æ–ª–º...

You may provide a definition with
\DeclareUnicodeCharacter 


! Package inputenc Error: Unicode character –¥ (U+0434)
(inputenc)                not set up for use with LaTeX.

See the inputenc package documentation for explanation.
Type  H <return>  for immediate help.
 ...                                              
                                                  
l.5 ...—ã $\xi_n, \xi \in \mathbb{R}^n$ –æ–ø—Ä–µ–¥
                                                  –µ–ª–µ–Ω—ã –Ω–∞ –∫–æ–ª–º–æ...

You may provide a definition with
\DeclareUnicodeCharacter 


! Package inputenc Error: Unicode character –µ (U+0435)
(inputenc)                not set up for use with LaTeX.

See the inputenc package documentation for explanation.
Type  H <return>  for immediate help.
 ...                                              
                                                  
l.5 ... $\xi_n, \xi \in \mathbb{R}^n$ –æ–ø—Ä–µ–¥–µ
                                                  –ª–µ–Ω—ã –Ω–∞ –∫–æ–ª–º–æ–≥...

You may provide a definition with
\DeclareUnicodeCharacter 


! Package inputenc Error: Unicode character –ª (U+043B)
(inputenc)                not set up for use with LaTeX.

See the inputenc package documentation for explanation.
Type  H <return>  for immediate help.
 ...                                              
                                                  
l.5 ...\xi_n, \xi \in \mathbb{R}^n$ –æ–ø—Ä–µ–¥–µ–ª
                                                  –µ–Ω—ã –Ω–∞ –∫–æ–ª–º–æ–≥–æ...

You may provide a definition with
\DeclareUnicodeCharacter 


! Package inputenc Error: Unicode character –µ (U+0435)
(inputenc)                not set up for use with LaTeX.

See the inputenc package documentation for explanation.
Type  H <return>  for immediate help.
 ...                                              
                                                  
l.5 ...i_n, \xi \in \mathbb{R}^n$ –æ–ø—Ä–µ–¥–µ–ª–µ
                                                  –Ω—ã –Ω–∞ –∫–æ–ª–º–æ–≥–æ—Ä...

You may provide a definition with
\DeclareUnicodeCharacter 


! Package inputenc Error: Unicode character –Ω (U+043D)
(inputenc)                not set up for use with LaTeX.

See the inputenc package documentation for explanation.
Type  H <return>  for immediate help.
 ...                                              
                                                  
l.5 ...n, \xi \in \mathbb{R}^n$ –æ–ø—Ä–µ–¥–µ–ª–µ–Ω
                                                  —ã –Ω–∞ –∫–æ–ª–º–æ–≥–æ—Ä–æ...

You may provide a definition with
\DeclareUnicodeCharacter 


! Package inputenc Error: Unicode character —ã (U+044B)
(inputenc)                not set up for use with LaTeX.

See the inputenc package documentation for explanation.
Type  H <return>  for immediate help.
 ...                                              
                                                  
l.5 ... \xi \in \mathbb{R}^n$ –æ–ø—Ä–µ–¥–µ–ª–µ–Ω—ã
                                                   –Ω–∞ –∫–æ–ª–º–æ–≥–æ—Ä–æ–≤...

You may provide a definition with
\DeclareUnicodeCharacter 


! Package inputenc Error: Unicode character –Ω (U+043D)
(inputenc)                not set up for use with LaTeX.

See the inputenc package documentation for explanation.
Type  H <return>  for immediate help.
 ...                                              
                                                  
l.5 ...i \in \mathbb{R}^n$ –æ–ø—Ä–µ–¥–µ–ª–µ–Ω—ã –Ω
                                                  –∞ –∫–æ–ª–º–æ–≥–æ—Ä–æ–≤–æ–...

You may provide a definition with
\DeclareUnicodeCharacter 


! Package inputenc Error: Unicode character –∞ (U+0430)
(inputenc)                not set up for use with LaTeX.

See the inputenc package documentation for explanation.
Type  H <return>  for immediate help.
 ...                                              
                                                  
l.5 ...\in \mathbb{R}^n$ –æ–ø—Ä–µ–¥–µ–ª–µ–Ω—ã –Ω–∞
                                                   –∫–æ–ª–º–æ–≥–æ—Ä–æ–≤–æ–π ...

You may provide a definition with
\DeclareUnicodeCharacter 


! Package inputenc Error: Unicode character –∫ (U+043A)
(inputenc)                not set up for use with LaTeX.

See the inputenc package documentation for explanation.
Type  H <return>  for immediate help.
 ...                                              
                                                  
l.5 ... \mathbb{R}^n$ –æ–ø—Ä–µ–¥–µ–ª–µ–Ω—ã –Ω–∞ –∫
                                                  –æ–ª–º–æ–≥–æ—Ä–æ–≤–æ–π —Ç—...

You may provide a definition with
\DeclareUnicodeCharacter 


! Package inputenc Error: Unicode character –æ (U+043E)
(inputenc)                not set up for use with LaTeX.

See the inputenc package documentation for explanation.
Type  H <return>  for immediate help.
 ...                                              
                                                  
l.5 ...mathbb{R}^n$ –æ–ø—Ä–µ–¥–µ–ª–µ–Ω—ã –Ω–∞ –∫–æ
                                                  –ª–º–æ–≥–æ—Ä–æ–≤–æ–π —Ç—Ä–...

You may provide a definition with
\DeclareUnicodeCharacter 


! Package inputenc Error: Unicode character –ª (U+043B)
(inputenc)                not set up for use with LaTeX.

See the inputenc package documentation for explanation.
Type  H <return>  for immediate help.
 ...                                              
                                                  
l.5 ...thbb{R}^n$ –æ–ø—Ä–µ–¥–µ–ª–µ–Ω—ã –Ω–∞ –∫–æ–ª
                                                  –º–æ–≥–æ—Ä–æ–≤–æ–π —Ç—Ä–æ–...

You may provide a definition with
\DeclareUnicodeCharacter 


! Package inputenc Error: Unicode character –º (U+043C)
(inputenc)                not set up for use with LaTeX.

See the inputenc package documentation for explanation.
Type  H <return>  for immediate help.
 ...                                              
                                                  
l.5 ...bb{R}^n$ –æ–ø—Ä–µ–¥–µ–ª–µ–Ω—ã –Ω–∞ –∫–æ–ª–º
                                                  –æ–≥–æ—Ä–æ–≤–æ–π —Ç—Ä–æ–π–...

You may provide a definition with
\DeclareUnicodeCharacter 


! Package inputenc Error: Unicode character –æ (U+043E)
(inputenc)                not set up for use with LaTeX.

See the inputenc package documentation for explanation.
Type  H <return>  for immediate help.
 ...                                              
                                                  
l.5 ...{R}^n$ –æ–ø—Ä–µ–¥–µ–ª–µ–Ω—ã –Ω–∞ –∫–æ–ª–º–æ
                                                  –≥–æ—Ä–æ–≤–æ–π —Ç—Ä–æ–π–∫–...

You may provide a definition with
\DeclareUnicodeCharacter 


! Package inputenc Error: Unicode character –≥ (U+0433)
(inputenc)                not set up for use with LaTeX.

See the inputenc package documentation for explanation.
Type  H <return>  for immediate help.
 ...                                              
                                                  
l.5 ...}^n$ –æ–ø—Ä–µ–¥–µ–ª–µ–Ω—ã –Ω–∞ –∫–æ–ª–º–æ–≥
                                                  –æ—Ä–æ–≤–æ–π —Ç—Ä–æ–π–∫–µ ...

You may provide a definition with
\DeclareUnicodeCharacter 


! Package inputenc Error: Unicode character –æ (U+043E)
(inputenc)                not set up for use with LaTeX.

See the inputenc package documentation for explanation.
Type  H <return>  for immediate help.
 ...                                              
                                                  
l.5 ...n$ –æ–ø—Ä–µ–¥–µ–ª–µ–Ω—ã –Ω–∞ –∫–æ–ª–º–æ–≥–æ
                                                  —Ä–æ–≤–æ–π —Ç—Ä–æ–π–∫–µ $(...

You may provide a definition with
\DeclareUnicodeCharacter 


! Package inputenc Error: Unicode character —Ä (U+0440)
(inputenc)                not set up for use with LaTeX.

See the inputenc package documentation for explanation.
Type  H <return>  for immediate help.
 ...                                              
                                                  
l.5 ... –æ–ø—Ä–µ–¥–µ–ª–µ–Ω—ã –Ω–∞ –∫–æ–ª–º–æ–≥–æ—Ä
                                                  –æ–≤–æ–π —Ç—Ä–æ–π–∫–µ $(\O...

You may provide a definition with
\DeclareUnicodeCharacter 


! Package inputenc Error: Unicode character –æ (U+043E)
(inputenc)                not set up for use with LaTeX.

See the inputenc package documentation for explanation.
Type  H <return>  for immediate help.
 ...                                              
                                                  
l.5 ...æ–ø—Ä–µ–¥–µ–ª–µ–Ω—ã –Ω–∞ –∫–æ–ª–º–æ–≥–æ—Ä–æ
                                                  –≤–æ–π —Ç—Ä–æ–π–∫–µ $(\Ome...

You may provide a definition with
\DeclareUnicodeCharacter 


! Package inputenc Error: Unicode character –≤ (U+0432)
(inputenc)                not set up for use with LaTeX.

See the inputenc package documentation for explanation.
Type  H <return>  for immediate help.
 ...                                              
                                                  
l.5 ...ø—Ä–µ–¥–µ–ª–µ–Ω—ã –Ω–∞ –∫–æ–ª–º–æ–≥–æ—Ä–æ–≤
                                                  –æ–π —Ç—Ä–æ–π–∫–µ $(\Omega...

You may provide a definition with
\DeclareUnicodeCharacter 


! Package inputenc Error: Unicode character –æ (U+043E)
(inputenc)                not set up for use with LaTeX.

See the inputenc package documentation for explanation.
Type  H <return>  for immediate help.
 ...                                              
                                                  
l.5 ...Ä–µ–¥–µ–ª–µ–Ω—ã –Ω–∞ –∫–æ–ª–º–æ–≥–æ—Ä–æ–≤–æ
                                                  –π —Ç—Ä–æ–π–∫–µ $(\Omega, ...

You may provide a definition with
\DeclareUnicodeCharacter 


! Package inputenc Error: Unicode character –π (U+0439)
(inputenc)                not set up for use with LaTeX.

See the inputenc package documentation for explanation.
Type  H <return>  for immediate help.
 ...                                              
                                                  
l.5 ...µ–¥–µ–ª–µ–Ω—ã –Ω–∞ –∫–æ–ª–º–æ–≥–æ—Ä–æ–≤–æ–π
                                                   —Ç—Ä–æ–π–∫–µ $(\Omega, F,...

You may provide a definition with
\DeclareUnicodeCharacter 


! Package inputenc Error: Unicode character —Ç (U+0442)
(inputenc)                not set up for use with LaTeX.

See the inputenc package documentation for explanation.
Type  H <return>  for immediate help.
 ...                                              
                                                  
l.5 ...–µ–ª–µ–Ω—ã –Ω–∞ –∫–æ–ª–º–æ–≥–æ—Ä–æ–≤–æ–π —Ç
                                                  —Ä–æ–π–∫–µ $(\Omega, F, P)$.
You may provide a definition with
\DeclareUnicodeCharacter 


! Package inputenc Error: Unicode character —Ä (U+0440)
(inputenc)                not set up for use with LaTeX.

See the inputenc package documentation for explanation.
Type  H <return>  for immediate help.
 ...                                              
                                                  
l.5 ...–ª–µ–Ω—ã –Ω–∞ –∫–æ–ª–º–æ–≥–æ—Ä–æ–≤–æ–π —Ç—Ä
                                                  –æ–π–∫–µ $(\Omega, F, P)$.
You may provide a definition with
\DeclareUnicodeCharacter 


! Package inputenc Error: Unicode character –æ (U+043E)
(inputenc)                not set up for use with LaTeX.

See the inputenc package documentation for explanation.
Type  H <return>  for immediate help.
 ...                                              
                                                  
l.5 ...–µ–Ω—ã –Ω–∞ –∫–æ–ª–º–æ–≥–æ—Ä–æ–≤–æ–π —Ç—Ä–æ
                                                  –π–∫–µ $(\Omega, F, P)$.
You may provide a definition with
\DeclareUnicodeCharacter 


! Package inputenc Error: Unicode character –π (U+0439)
(inputenc)                not set up for use with LaTeX.

See the inputenc package documentation for explanation.
Type  H <return>  for immediate help.
 ...                                              
                                                  
l.5 ...–Ω—ã –Ω–∞ –∫–æ–ª–º–æ–≥–æ—Ä–æ–≤–æ–π —Ç—Ä–æ–π
                                                  –∫–µ $(\Omega, F, P)$.
You may provide a definition with
\DeclareUnicodeCharacter 


! Package inputenc Error: Unicode character –∫ (U+043A)
(inputenc)                not set up for use with LaTeX.

See the inputenc package documentation for explanation.
Type  H <return>  for immediate help.
 ...                                              
                                                  
l.5 ...—ã –Ω–∞ –∫–æ–ª–º–æ–≥–æ—Ä–æ–≤–æ–π —Ç—Ä–æ–π–∫
                                                  –µ $(\Omega, F, P)$.
You may provide a definition with
\DeclareUnicodeCharacter 


! Package inputenc Error: Unicode character –µ (U+0435)
(inputenc)                not set up for use with LaTeX.

See the inputenc package documentation for explanation.
Type  H <return>  for immediate help.
 ...                                              
                                                  
l.5 ... –Ω–∞ –∫–æ–ª–º–æ–≥–æ—Ä–æ–≤–æ–π —Ç—Ä–æ–π–∫–µ
                                                   $(\Omega, F, P)$.
You may provide a definition with
\DeclareUnicodeCharacter 

Missing character: There is no . in font nullfont!
Missing character: There is no - in font nullfont!

! Package inputenc Error: Unicode character —Ñ (U+0444)
(inputenc)                not set up for use with LaTeX.

See the inputenc package documentation for explanation.
Type  H <return>  for immediate help.
 ...                                              
                                                  
l.6 $F_n (x)$ - —Ñ
                  —É–Ω–∫—Ü–∏—è —Ä–∞—Å–ø—Ä–µ–¥–µ–ª–µ–Ω–∏—è $\xi_n$, $\varphi_...

You may provide a definition with
\DeclareUnicodeCharacter 


! Package inputenc Error: Unicode character —É (U+0443)
(inputenc)                not set up for use with LaTeX.

See the inputenc package documentation for explanation.
Type  H <return>  for immediate help.
 ...                                              
                                                  
l.6 $F_n (x)$ - —Ñ—É
                    –Ω–∫—Ü–∏—è —Ä–∞—Å–ø—Ä–µ–¥–µ–ª–µ–Ω–∏—è $\xi_n$, $\varphi_...

You may provide a definition with
\DeclareUnicodeCharacter 


! Package inputenc Error: Unicode character –Ω (U+043D)
(inputenc)                not set up for use with LaTeX.

See the inputenc package documentation for explanation.
Type  H <return>  for immediate help.
 ...                                              
                                                  
l.6 $F_n (x)$ - —Ñ—É–Ω
                      –∫—Ü–∏—è —Ä–∞—Å–ø—Ä–µ–¥–µ–ª–µ–Ω–∏—è $\xi_n$, $\varphi_...

You may provide a definition with
\DeclareUnicodeCharacter 


! Package inputenc Error: Unicode character –∫ (U+043A)
(inputenc)                not set up for use with LaTeX.

See the inputenc package documentation for explanation.
Type  H <return>  for immediate help.
 ...                                              
                                                  
l.6 $F_n (x)$ - —Ñ—É–Ω–∫
                        —Ü–∏—è —Ä–∞—Å–ø—Ä–µ–¥–µ–ª–µ–Ω–∏—è $\xi_n$, $\varphi_...

You may provide a definition with
\DeclareUnicodeCharacter 


! Package inputenc Error: Unicode character —Ü (U+0446)
(inputenc)                not set up for use with LaTeX.

See the inputenc package documentation for explanation.
Type  H <return>  for immediate help.
 ...                                              
                                                  
l.6 $F_n (x)$ - —Ñ—É–Ω–∫—Ü
                          –∏—è —Ä–∞—Å–ø—Ä–µ–¥–µ–ª–µ–Ω–∏—è $\xi_n$, $\varphi_...

You may provide a definition with
\DeclareUnicodeCharacter 


! Package inputenc Error: Unicode character –∏ (U+0438)
(inputenc)                not set up for use with LaTeX.

See the inputenc package documentation for explanation.
Type  H <return>  for immediate help.
 ...                                              
                                                  
l.6 $F_n (x)$ - —Ñ—É–Ω–∫—Ü–∏
                            —è —Ä–∞—Å–ø—Ä–µ–¥–µ–ª–µ–Ω–∏—è $\xi_n$, $\varphi_...

You may provide a definition with
\DeclareUnicodeCharacter 


! Package inputenc Error: Unicode character —è (U+044F)
(inputenc)                not set up for use with LaTeX.

See the inputenc package documentation for explanation.
Type  H <return>  for immediate help.
 ...                                              
                                                  
l.6 $F_n (x)$ - —Ñ—É–Ω–∫—Ü–∏—è
                               —Ä–∞—Å–ø—Ä–µ–¥–µ–ª–µ–Ω–∏—è $\xi_n$, $\varphi_...

You may provide a definition with
\DeclareUnicodeCharacter 


! Package inputenc Error: Unicode character —Ä (U+0440)
(inputenc)                not set up for use with LaTeX.

See the inputenc package documentation for explanation.
Type  H <return>  for immediate help.
 ...                                              
                                                  
l.6 $F_n (x)$ - —Ñ—É–Ω–∫—Ü–∏—è —Ä
                                 –∞—Å–ø—Ä–µ–¥–µ–ª–µ–Ω–∏—è $\xi_n$, $\varphi_...

You may provide a definition with
\DeclareUnicodeCharacter 


! Package inputenc Error: Unicode character –∞ (U+0430)
(inputenc)                not set up for use with LaTeX.

See the inputenc package documentation for explanation.
Type  H <return>  for immediate help.
 ...                                              
                                                  
l.6 $F_n (x)$ - —Ñ—É–Ω–∫—Ü–∏—è —Ä–∞
                                   —Å–ø—Ä–µ–¥–µ–ª–µ–Ω–∏—è $\xi_n$, $\varphi_...

You may provide a definition with
\DeclareUnicodeCharacter 


! Package inputenc Error: Unicode character —Å (U+0441)
(inputenc)                not set up for use with LaTeX.

See the inputenc package documentation for explanation.
Type  H <return>  for immediate help.
 ...                                              
                                                  
l.6 $F_n (x)$ - —Ñ—É–Ω–∫—Ü–∏—è —Ä–∞—Å
                                     –ø—Ä–µ–¥–µ–ª–µ–Ω–∏—è $\xi_n$, $\varphi_...

You may provide a definition with
\DeclareUnicodeCharacter 


! Package inputenc Error: Unicode character –ø (U+043F)
(inputenc)                not set up for use with LaTeX.

See the inputenc package documentation for explanation.
Type  H <return>  for immediate help.
 ...                                              
                                                  
l.6 $F_n (x)$ - —Ñ—É–Ω–∫—Ü–∏—è —Ä–∞—Å–ø
                                       —Ä–µ–¥–µ–ª–µ–Ω–∏—è $\xi_n$, $\varphi_...

You may provide a definition with
\DeclareUnicodeCharacter 


! Package inputenc Error: Unicode character —Ä (U+0440)
(inputenc)                not set up for use with LaTeX.

See the inputenc package documentation for explanation.
Type  H <return>  for immediate help.
 ...                                              
                                                  
l.6 $F_n (x)$ - —Ñ—É–Ω–∫—Ü–∏—è —Ä–∞—Å–ø—Ä
                                         –µ–¥–µ–ª–µ–Ω–∏—è $\xi_n$, $\varphi_...

You may provide a definition with
\DeclareUnicodeCharacter 


! Package inputenc Error: Unicode character –µ (U+0435)
(inputenc)                not set up for use with LaTeX.

See the inputenc package documentation for explanation.
Type  H <return>  for immediate help.
 ...                                              
                                                  
l.6 $F_n (x)$ - —Ñ—É–Ω–∫—Ü–∏—è —Ä–∞—Å–ø—Ä–µ
                                           –¥–µ–ª–µ–Ω–∏—è $\xi_n$, $\varphi_...

You may provide a definition with
\DeclareUnicodeCharacter 


! Package inputenc Error: Unicode character –¥ (U+0434)
(inputenc)                not set up for use with LaTeX.

See the inputenc package documentation for explanation.
Type  H <return>  for immediate help.
 ...                                              
                                                  
l.6 $F_n (x)$ - —Ñ—É–Ω–∫—Ü–∏—è —Ä–∞—Å–ø—Ä–µ–¥
                                             –µ–ª–µ–Ω–∏—è $\xi_n$, $\varphi_...

You may provide a definition with
\DeclareUnicodeCharacter 


! Package inputenc Error: Unicode character –µ (U+0435)
(inputenc)                not set up for use with LaTeX.

See the inputenc package documentation for explanation.
Type  H <return>  for immediate help.
 ...                                              
                                                  
l.6 $F_n (x)$ - —Ñ—É–Ω–∫—Ü–∏—è —Ä–∞—Å–ø—Ä–µ–¥–µ
                                               –ª–µ–Ω–∏—è $\xi_n$, $\varphi_...

You may provide a definition with
\DeclareUnicodeCharacter 


! Package inputenc Error: Unicode character –ª (U+043B)
(inputenc)                not set up for use with LaTeX.

See the inputenc package documentation for explanation.
Type  H <return>  for immediate help.
 ...                                              
                                                  
l.6 $F_n (x)$ - —Ñ—É–Ω–∫—Ü–∏—è —Ä–∞—Å–ø—Ä–µ–¥–µ–ª
                                                 –µ–Ω–∏—è $\xi_n$, $\varphi_...

You may provide a definition with
\DeclareUnicodeCharacter 


! Package inputenc Error: Unicode character –µ (U+0435)
(inputenc)                not set up for use with LaTeX.

See the inputenc package documentation for explanation.
Type  H <return>  for immediate help.
 ...                                              
                                                  
l.6 ... (x)$ - —Ñ—É–Ω–∫—Ü–∏—è —Ä–∞—Å–ø—Ä–µ–¥–µ–ª–µ
                                                  –Ω–∏—è $\xi_n$, $\varphi_n...

You may provide a definition with
\DeclareUnicodeCharacter 


! Package inputenc Error: Unicode character –Ω (U+043D)
(inputenc)                not set up for use with LaTeX.

See the inputenc package documentation for explanation.
Type  H <return>  for immediate help.
 ...                                              
                                                  
l.6 ...x)$ - —Ñ—É–Ω–∫—Ü–∏—è —Ä–∞—Å–ø—Ä–µ–¥–µ–ª–µ–Ω
                                                  –∏—è $\xi_n$, $\varphi_n (...

You may provide a definition with
\DeclareUnicodeCharacter 


! Package inputenc Error: Unicode character –∏ (U+0438)
(inputenc)                not set up for use with LaTeX.

See the inputenc package documentation for explanation.
Type  H <return>  for immediate help.
 ...                                              
                                                  
l.6 ...$ - —Ñ—É–Ω–∫—Ü–∏—è —Ä–∞—Å–ø—Ä–µ–¥–µ–ª–µ–Ω–∏
                                                  —è $\xi_n$, $\varphi_n (t)...

You may provide a definition with
\DeclareUnicodeCharacter 


! Package inputenc Error: Unicode character —è (U+044F)
(inputenc)                not set up for use with LaTeX.

See the inputenc package documentation for explanation.
Type  H <return>  for immediate help.
 ...                                              
                                                  
l.6 ...- —Ñ—É–Ω–∫—Ü–∏—è —Ä–∞—Å–ø—Ä–µ–¥–µ–ª–µ–Ω–∏—è
                                                   $\xi_n$, $\varphi_n (t)$ ...

You may provide a definition with
\DeclareUnicodeCharacter 

Missing character: There is no , in font nullfont!
Missing character: There is no - in font nullfont!

! Package inputenc Error: Unicode character —Ö (U+0445)
(inputenc)                not set up for use with LaTeX.

See the inputenc package documentation for explanation.
Type  H <return>  for immediate help.
 ...                                              
                                                  
l.6 ...¥–µ–ª–µ–Ω–∏—è $\xi_n$, $\varphi_n (t)$ - —Ö
                                                  –∞—Ä–∞–∫—Ç–µ—Ä–∏—Å—Ç–∏—á–µ...

You may provide a definition with
\DeclareUnicodeCharacter 


! Package inputenc Error: Unicode character –∞ (U+0430)
(inputenc)                not set up for use with LaTeX.

See the inputenc package documentation for explanation.
Type  H <return>  for immediate help.
 ...                                              
                                                  
l.6 ...µ–ª–µ–Ω–∏—è $\xi_n$, $\varphi_n (t)$ - —Ö–∞
                                                  —Ä–∞–∫—Ç–µ—Ä–∏—Å—Ç–∏—á–µ—Å...

You may provide a definition with
\DeclareUnicodeCharacter 


! Package inputenc Error: Unicode character —Ä (U+0440)
(inputenc)                not set up for use with LaTeX.

See the inputenc package documentation for explanation.
Type  H <return>  for immediate help.
 ...                                              
                                                  
l.6 ...ª–µ–Ω–∏—è $\xi_n$, $\varphi_n (t)$ - —Ö–∞—Ä
                                                  –∞–∫—Ç–µ—Ä–∏—Å—Ç–∏—á–µ—Å–∫...

You may provide a definition with
\DeclareUnicodeCharacter 


! Package inputenc Error: Unicode character –∞ (U+0430)
(inputenc)                not set up for use with LaTeX.

See the inputenc package documentation for explanation.
Type  H <return>  for immediate help.
 ...                                              
                                                  
l.6 ...µ–Ω–∏—è $\xi_n$, $\varphi_n (t)$ - —Ö–∞—Ä–∞
                                                  –∫—Ç–µ—Ä–∏—Å—Ç–∏—á–µ—Å–∫–∞...

You may provide a definition with
\DeclareUnicodeCharacter 


! Package inputenc Error: Unicode character –∫ (U+043A)
(inputenc)                not set up for use with LaTeX.

See the inputenc package documentation for explanation.
Type  H <return>  for immediate help.
 ...                                              
                                                  
l.6 ...Ω–∏—è $\xi_n$, $\varphi_n (t)$ - —Ö–∞—Ä–∞–∫
                                                  —Ç–µ—Ä–∏—Å—Ç–∏—á–µ—Å–∫–∞—è...

You may provide a definition with
\DeclareUnicodeCharacter 


! Package inputenc Error: Unicode character —Ç (U+0442)
(inputenc)                not set up for use with LaTeX.

See the inputenc package documentation for explanation.
Type  H <return>  for immediate help.
 ...                                              
                                                  
l.6 ...∏—è $\xi_n$, $\varphi_n (t)$ - —Ö–∞—Ä–∞–∫—Ç
                                                  –µ—Ä–∏—Å—Ç–∏—á–µ—Å–∫–∞—è —...

You may provide a definition with
\DeclareUnicodeCharacter 


! Package inputenc Error: Unicode character –µ (U+0435)
(inputenc)                not set up for use with LaTeX.

See the inputenc package documentation for explanation.
Type  H <return>  for immediate help.
 ...                                              
                                                  
l.6 ...è $\xi_n$, $\varphi_n (t)$ - —Ö–∞—Ä–∞–∫—Ç–µ
                                                  —Ä–∏—Å—Ç–∏—á–µ—Å–∫–∞—è —Ñ—...

You may provide a definition with
\DeclareUnicodeCharacter 


! Package inputenc Error: Unicode character —Ä (U+0440)
(inputenc)                not set up for use with LaTeX.

See the inputenc package documentation for explanation.
Type  H <return>  for immediate help.
 ...                                              
                                                  
l.6 ...$\xi_n$, $\varphi_n (t)$ - —Ö–∞—Ä–∞–∫—Ç–µ—Ä
                                                  –∏—Å—Ç–∏—á–µ—Å–∫–∞—è —Ñ—É–...

You may provide a definition with
\DeclareUnicodeCharacter 


! Package inputenc Error: Unicode character –∏ (U+0438)
(inputenc)                not set up for use with LaTeX.

See the inputenc package documentation for explanation.
Type  H <return>  for immediate help.
 ...                                              
                                                  
l.6 ...xi_n$, $\varphi_n (t)$ - —Ö–∞—Ä–∞–∫—Ç–µ—Ä–∏
                                                  —Å—Ç–∏—á–µ—Å–∫–∞—è —Ñ—É–Ω–...

You may provide a definition with
\DeclareUnicodeCharacter 


! Package inputenc Error: Unicode character —Å (U+0441)
(inputenc)                not set up for use with LaTeX.

See the inputenc package documentation for explanation.
Type  H <return>  for immediate help.
 ...                                              
                                                  
l.6 ..._n$, $\varphi_n (t)$ - —Ö–∞—Ä–∞–∫—Ç–µ—Ä–∏—Å
                                                  —Ç–∏—á–µ—Å–∫–∞—è —Ñ—É–Ω–∫—...

You may provide a definition with
\DeclareUnicodeCharacter 


! Package inputenc Error: Unicode character —Ç (U+0442)
(inputenc)                not set up for use with LaTeX.

See the inputenc package documentation for explanation.
Type  H <return>  for immediate help.
 ...                                              
                                                  
l.6 ...$, $\varphi_n (t)$ - —Ö–∞—Ä–∞–∫—Ç–µ—Ä–∏—Å—Ç
                                                  –∏—á–µ—Å–∫–∞—è —Ñ—É–Ω–∫—Ü–...

You may provide a definition with
\DeclareUnicodeCharacter 


! Package inputenc Error: Unicode character –∏ (U+0438)
(inputenc)                not set up for use with LaTeX.

See the inputenc package documentation for explanation.
Type  H <return>  for immediate help.
 ...                                              
                                                  
l.6 ... $\varphi_n (t)$ - —Ö–∞—Ä–∞–∫—Ç–µ—Ä–∏—Å—Ç–∏
                                                  —á–µ—Å–∫–∞—è —Ñ—É–Ω–∫—Ü–∏—...

You may provide a definition with
\DeclareUnicodeCharacter 


! Package inputenc Error: Unicode character —á (U+0447)
(inputenc)                not set up for use with LaTeX.

See the inputenc package documentation for explanation.
Type  H <return>  for immediate help.
 ...                                              
                                                  
l.6 ...\varphi_n (t)$ - —Ö–∞—Ä–∞–∫—Ç–µ—Ä–∏—Å—Ç–∏—á
                                                  –µ—Å–∫–∞—è —Ñ—É–Ω–∫—Ü–∏—è,...

You may provide a definition with
\DeclareUnicodeCharacter 


! Package inputenc Error: Unicode character –µ (U+0435)
(inputenc)                not set up for use with LaTeX.

See the inputenc package documentation for explanation.
Type  H <return>  for immediate help.
 ...                                              
                                                  
l.6 ...arphi_n (t)$ - —Ö–∞—Ä–∞–∫—Ç–µ—Ä–∏—Å—Ç–∏—á–µ
                                                  —Å–∫–∞—è —Ñ—É–Ω–∫—Ü–∏—è, $...

You may provide a definition with
\DeclareUnicodeCharacter 


! Package inputenc Error: Unicode character —Å (U+0441)
(inputenc)                not set up for use with LaTeX.

See the inputenc package documentation for explanation.
Type  H <return>  for immediate help.
 ...                                              
                                                  
l.6 ...phi_n (t)$ - —Ö–∞—Ä–∞–∫—Ç–µ—Ä–∏—Å—Ç–∏—á–µ—Å
                                                  –∫–∞—è —Ñ—É–Ω–∫—Ü–∏—è, $Q_...

You may provide a definition with
\DeclareUnicodeCharacter 


! Package inputenc Error: Unicode character –∫ (U+043A)
(inputenc)                not set up for use with LaTeX.

See the inputenc package documentation for explanation.
Type  H <return>  for immediate help.
 ...                                              
                                                  
l.6 ...i_n (t)$ - —Ö–∞—Ä–∞–∫—Ç–µ—Ä–∏—Å—Ç–∏—á–µ—Å–∫
                                                  –∞—è —Ñ—É–Ω–∫—Ü–∏—è, $Q_n$...

You may provide a definition with
\DeclareUnicodeCharacter 


! Package inputenc Error: Unicode character –∞ (U+0430)
(inputenc)                not set up for use with LaTeX.

See the inputenc package documentation for explanation.
Type  H <return>  for immediate help.
 ...                                              
                                                  
l.6 ...n (t)$ - —Ö–∞—Ä–∞–∫—Ç–µ—Ä–∏—Å—Ç–∏—á–µ—Å–∫–∞
                                                  —è —Ñ—É–Ω–∫—Ü–∏—è, $Q_n$ -...

You may provide a definition with
\DeclareUnicodeCharacter 


! Package inputenc Error: Unicode character —è (U+044F)
(inputenc)                not set up for use with LaTeX.

See the inputenc package documentation for explanation.
Type  H <return>  for immediate help.
 ...                                              
                                                  
l.6 ...(t)$ - —Ö–∞—Ä–∞–∫—Ç–µ—Ä–∏—Å—Ç–∏—á–µ—Å–∫–∞—è
                                                   —Ñ—É–Ω–∫—Ü–∏—è, $Q_n$ - —...

You may provide a definition with
\DeclareUnicodeCharacter 


! Package inputenc Error: Unicode character —Ñ (U+0444)
(inputenc)                not set up for use with LaTeX.

See the inputenc package documentation for explanation.
Type  H <return>  for immediate help.
 ...                                              
                                                  
l.6 ...$ - —Ö–∞—Ä–∞–∫—Ç–µ—Ä–∏—Å—Ç–∏—á–µ—Å–∫–∞—è —Ñ
                                                  —É–Ω–∫—Ü–∏—è, $Q_n$ - —Ä–∞...

You may provide a definition with
\DeclareUnicodeCharacter 


! Package inputenc Error: Unicode character —É (U+0443)
(inputenc)                not set up for use with LaTeX.

See the inputenc package documentation for explanation.
Type  H <return>  for immediate help.
 ...                                              
                                                  
l.6 ...- —Ö–∞—Ä–∞–∫—Ç–µ—Ä–∏—Å—Ç–∏—á–µ—Å–∫–∞—è —Ñ—É
                                                  –Ω–∫—Ü–∏—è, $Q_n$ - —Ä–∞—Å...

You may provide a definition with
\DeclareUnicodeCharacter 


! Package inputenc Error: Unicode character –Ω (U+043D)
(inputenc)                not set up for use with LaTeX.

See the inputenc package documentation for explanation.
Type  H <return>  for immediate help.
 ...                                              
                                                  
l.6 ...—Ö–∞—Ä–∞–∫—Ç–µ—Ä–∏—Å—Ç–∏—á–µ—Å–∫–∞—è —Ñ—É–Ω
                                                  –∫—Ü–∏—è, $Q_n$ - —Ä–∞—Å–ø...

You may provide a definition with
\DeclareUnicodeCharacter 


! Package inputenc Error: Unicode character –∫ (U+043A)
(inputenc)                not set up for use with LaTeX.

See the inputenc package documentation for explanation.
Type  H <return>  for immediate help.
 ...                                              
                                                  
l.6 ...–∞—Ä–∞–∫—Ç–µ—Ä–∏—Å—Ç–∏—á–µ—Å–∫–∞—è —Ñ—É–Ω–∫
                                                  —Ü–∏—è, $Q_n$ - —Ä–∞—Å–ø—Ä...

You may provide a definition with
\DeclareUnicodeCharacter 


! Package inputenc Error: Unicode character —Ü (U+0446)
(inputenc)                not set up for use with LaTeX.

See the inputenc package documentation for explanation.
Type  H <return>  for immediate help.
 ...                                              
                                                  
l.6 ...—Ä–∞–∫—Ç–µ—Ä–∏—Å—Ç–∏—á–µ—Å–∫–∞—è —Ñ—É–Ω–∫—Ü
                                                  –∏—è, $Q_n$ - —Ä–∞—Å–ø—Ä–µ...

You may provide a definition with
\DeclareUnicodeCharacter 


! Package inputenc Error: Unicode character –∏ (U+0438)
(inputenc)                not set up for use with LaTeX.

See the inputenc package documentation for explanation.
Type  H <return>  for immediate help.
 ...                                              
                                                  
l.6 ...–∞–∫—Ç–µ—Ä–∏—Å—Ç–∏—á–µ—Å–∫–∞—è —Ñ—É–Ω–∫—Ü–∏
                                                  —è, $Q_n$ - —Ä–∞—Å–ø—Ä–µ–¥...

You may provide a definition with
\DeclareUnicodeCharacter 


! Package inputenc Error: Unicode character —è (U+044F)
(inputenc)                not set up for use with LaTeX.

See the inputenc package documentation for explanation.
Type  H <return>  for immediate help.
 ...                                              
                                                  
l.6 ...–∫—Ç–µ—Ä–∏—Å—Ç–∏—á–µ—Å–∫–∞—è —Ñ—É–Ω–∫—Ü–∏—è
                                                  , $Q_n$ - —Ä–∞—Å–ø—Ä–µ–¥–µ...

You may provide a definition with
\DeclareUnicodeCharacter 

Missing character: There is no , in font nullfont!
Missing character: There is no - in font nullfont!

! Package inputenc Error: Unicode character —Ä (U+0440)
(inputenc)                not set up for use with LaTeX.

See the inputenc package documentation for explanation.
Type  H <return>  for immediate help.
 ...                                              
                                                  
l.6 ...—Ç–∏—á–µ—Å–∫–∞—è —Ñ—É–Ω–∫—Ü–∏—è, $Q_n$ - —Ä
                                                  –∞—Å–ø—Ä–µ–¥–µ–ª–µ–Ω–∏–µ (...
(That makes 100 errors; please try again.) 
Here is how much of TeX's memory you used:
 48 strings out of 479334
 790 string characters out of 2857559
 282611 words of memory out of 3000000
 17602 multiletter control sequences out of 15000+200000
 403430 words of font info for 27 fonts, out of 3000000 for 9000
 1141 hyphenation exceptions out of 8191
 18i,2n,15p,268b,56s stack positions out of 5000i,500n,10000p,200000b,50000s

!  ==> Fatal error occurred, no output PDF file produced!
