This is pdfTeX, Version 3.141592653-2.6-1.40.22 (MiKTeX 21.2) (preloaded format=pdflatex 2021.4.30)  7 MAY 2021 21:50
entering extended mode
**./14.tex
(14.tex
LaTeX2e <2020-10-01> patch level 4
L3 programming layer <2021-02-18> xparse <2020-03-03>
! Undefined control sequence.
l.1 \chapter
            {–û–±–æ–±—â–µ–Ω–Ω—ã–µ —Ñ—É–Ω–∫—Ü–∏–∏. –î–µ–π—Å—Ç–≤–∏—è –Ω–∞–¥ –æ...
The control sequence at the end of the top line
of your error message was never \def'ed. If you have
misspelled it (e.g., `\hobx'), type `I' and the correct
spelling (e.g., `I\hbox'). Otherwise just continue,
and I'll forget about whatever was undefined.


! Package inputenc Error: Unicode character –û (U+041E)
(inputenc)                not set up for use with LaTeX.

See the inputenc package documentation for explanation.
Type  H <return>  for immediate help.
 ...                                              
                                                  
l.1 \chapter{–û
               –±–æ–±—â–µ–Ω–Ω—ã–µ —Ñ—É–Ω–∫—Ü–∏–∏. –î–µ–π—Å—Ç–≤–∏—è –Ω–∞–¥ –æ...

You may provide a definition with
\DeclareUnicodeCharacter 


! Package inputenc Error: Unicode character –± (U+0431)
(inputenc)                not set up for use with LaTeX.

See the inputenc package documentation for explanation.
Type  H <return>  for immediate help.
 ...                                              
                                                  
l.1 \chapter{–û–±
                 –æ–±—â–µ–Ω–Ω—ã–µ —Ñ—É–Ω–∫—Ü–∏–∏. –î–µ–π—Å—Ç–≤–∏—è –Ω–∞–¥ –æ...

You may provide a definition with
\DeclareUnicodeCharacter 


! Package inputenc Error: Unicode character –æ (U+043E)
(inputenc)                not set up for use with LaTeX.

See the inputenc package documentation for explanation.
Type  H <return>  for immediate help.
 ...                                              
                                                  
l.1 \chapter{–û–±–æ
                   –±—â–µ–Ω–Ω—ã–µ —Ñ—É–Ω–∫—Ü–∏–∏. –î–µ–π—Å—Ç–≤–∏—è –Ω–∞–¥ –æ...

You may provide a definition with
\DeclareUnicodeCharacter 


! Package inputenc Error: Unicode character –± (U+0431)
(inputenc)                not set up for use with LaTeX.

See the inputenc package documentation for explanation.
Type  H <return>  for immediate help.
 ...                                              
                                                  
l.1 \chapter{–û–±–æ–±
                     —â–µ–Ω–Ω—ã–µ —Ñ—É–Ω–∫—Ü–∏–∏. –î–µ–π—Å—Ç–≤–∏—è –Ω–∞–¥ –æ...

You may provide a definition with
\DeclareUnicodeCharacter 


! Package inputenc Error: Unicode character —â (U+0449)
(inputenc)                not set up for use with LaTeX.

See the inputenc package documentation for explanation.
Type  H <return>  for immediate help.
 ...                                              
                                                  
l.1 \chapter{–û–±–æ–±—â
                       –µ–Ω–Ω—ã–µ —Ñ—É–Ω–∫—Ü–∏–∏. –î–µ–π—Å—Ç–≤–∏—è –Ω–∞–¥ –æ...

You may provide a definition with
\DeclareUnicodeCharacter 


! Package inputenc Error: Unicode character –µ (U+0435)
(inputenc)                not set up for use with LaTeX.

See the inputenc package documentation for explanation.
Type  H <return>  for immediate help.
 ...                                              
                                                  
l.1 \chapter{–û–±–æ–±—â–µ
                         –Ω–Ω—ã–µ —Ñ—É–Ω–∫—Ü–∏–∏. –î–µ–π—Å—Ç–≤–∏—è –Ω–∞–¥ –æ...

You may provide a definition with
\DeclareUnicodeCharacter 


! Package inputenc Error: Unicode character –Ω (U+043D)
(inputenc)                not set up for use with LaTeX.

See the inputenc package documentation for explanation.
Type  H <return>  for immediate help.
 ...                                              
                                                  
l.1 \chapter{–û–±–æ–±—â–µ–Ω
                           –Ω—ã–µ —Ñ—É–Ω–∫—Ü–∏–∏. –î–µ–π—Å—Ç–≤–∏—è –Ω–∞–¥ –æ...

You may provide a definition with
\DeclareUnicodeCharacter 


! Package inputenc Error: Unicode character –Ω (U+043D)
(inputenc)                not set up for use with LaTeX.

See the inputenc package documentation for explanation.
Type  H <return>  for immediate help.
 ...                                              
                                                  
l.1 \chapter{–û–±–æ–±—â–µ–Ω–Ω
                             —ã–µ —Ñ—É–Ω–∫—Ü–∏–∏. –î–µ–π—Å—Ç–≤–∏—è –Ω–∞–¥ –æ...

You may provide a definition with
\DeclareUnicodeCharacter 


! Package inputenc Error: Unicode character —ã (U+044B)
(inputenc)                not set up for use with LaTeX.

See the inputenc package documentation for explanation.
Type  H <return>  for immediate help.
 ...                                              
                                                  
l.1 \chapter{–û–±–æ–±—â–µ–Ω–Ω—ã
                               –µ —Ñ—É–Ω–∫—Ü–∏–∏. –î–µ–π—Å—Ç–≤–∏—è –Ω–∞–¥ –æ...

You may provide a definition with
\DeclareUnicodeCharacter 


! Package inputenc Error: Unicode character –µ (U+0435)
(inputenc)                not set up for use with LaTeX.

See the inputenc package documentation for explanation.
Type  H <return>  for immediate help.
 ...                                              
                                                  
l.1 \chapter{–û–±–æ–±—â–µ–Ω–Ω—ã–µ
                                  —Ñ—É–Ω–∫—Ü–∏–∏. –î–µ–π—Å—Ç–≤–∏—è –Ω–∞–¥ –æ...

You may provide a definition with
\DeclareUnicodeCharacter 


! Package inputenc Error: Unicode character —Ñ (U+0444)
(inputenc)                not set up for use with LaTeX.

See the inputenc package documentation for explanation.
Type  H <return>  for immediate help.
 ...                                              
                                                  
l.1 \chapter{–û–±–æ–±—â–µ–Ω–Ω—ã–µ —Ñ
                                    —É–Ω–∫—Ü–∏–∏. –î–µ–π—Å—Ç–≤–∏—è –Ω–∞–¥ –æ...

You may provide a definition with
\DeclareUnicodeCharacter 


! Package inputenc Error: Unicode character —É (U+0443)
(inputenc)                not set up for use with LaTeX.

See the inputenc package documentation for explanation.
Type  H <return>  for immediate help.
 ...                                              
                                                  
l.1 \chapter{–û–±–æ–±—â–µ–Ω–Ω—ã–µ —Ñ—É
                                      –Ω–∫—Ü–∏–∏. –î–µ–π—Å—Ç–≤–∏—è –Ω–∞–¥ –æ...

You may provide a definition with
\DeclareUnicodeCharacter 


! Package inputenc Error: Unicode character –Ω (U+043D)
(inputenc)                not set up for use with LaTeX.

See the inputenc package documentation for explanation.
Type  H <return>  for immediate help.
 ...                                              
                                                  
l.1 \chapter{–û–±–æ–±—â–µ–Ω–Ω—ã–µ —Ñ—É–Ω
                                        –∫—Ü–∏–∏. –î–µ–π—Å—Ç–≤–∏—è –Ω–∞–¥ –æ...

You may provide a definition with
\DeclareUnicodeCharacter 


! Package inputenc Error: Unicode character –∫ (U+043A)
(inputenc)                not set up for use with LaTeX.

See the inputenc package documentation for explanation.
Type  H <return>  for immediate help.
 ...                                              
                                                  
l.1 \chapter{–û–±–æ–±—â–µ–Ω–Ω—ã–µ —Ñ—É–Ω–∫
                                          —Ü–∏–∏. –î–µ–π—Å—Ç–≤–∏—è –Ω–∞–¥ –æ...

You may provide a definition with
\DeclareUnicodeCharacter 


! Package inputenc Error: Unicode character —Ü (U+0446)
(inputenc)                not set up for use with LaTeX.

See the inputenc package documentation for explanation.
Type  H <return>  for immediate help.
 ...                                              
                                                  
l.1 \chapter{–û–±–æ–±—â–µ–Ω–Ω—ã–µ —Ñ—É–Ω–∫—Ü
                                            –∏–∏. –î–µ–π—Å—Ç–≤–∏—è –Ω–∞–¥ –æ...

You may provide a definition with
\DeclareUnicodeCharacter 


! Package inputenc Error: Unicode character –∏ (U+0438)
(inputenc)                not set up for use with LaTeX.

See the inputenc package documentation for explanation.
Type  H <return>  for immediate help.
 ...                                              
                                                  
l.1 \chapter{–û–±–æ–±—â–µ–Ω–Ω—ã–µ —Ñ—É–Ω–∫—Ü–∏
                                              –∏. –î–µ–π—Å—Ç–≤–∏—è –Ω–∞–¥ –æ...

You may provide a definition with
\DeclareUnicodeCharacter 


! Package inputenc Error: Unicode character –∏ (U+0438)
(inputenc)                not set up for use with LaTeX.

See the inputenc package documentation for explanation.
Type  H <return>  for immediate help.
 ...                                              
                                                  
l.1 \chapter{–û–±–æ–±—â–µ–Ω–Ω—ã–µ —Ñ—É–Ω–∫—Ü–∏–∏
                                                . –î–µ–π—Å—Ç–≤–∏—è –Ω–∞–¥ –æ...

You may provide a definition with
\DeclareUnicodeCharacter 


! LaTeX Error: Missing \begin{document}.

See the LaTeX manual or LaTeX Companion for explanation.
Type  H <return>  for immediate help.
 ...                                              
                                                  
l.1 \chapter{–û–±–æ–±—â–µ–Ω–Ω—ã–µ —Ñ—É–Ω–∫—Ü–∏–∏.
                                                  –î–µ–π—Å—Ç–≤–∏—è –Ω–∞–¥ –æ...

You're in trouble here.  Try typing  <return>  to proceed.
If that doesn't work, type  X <return>  to quit.

Missing character: There is no . in font nullfont!

! Package inputenc Error: Unicode character –î (U+0414)
(inputenc)                not set up for use with LaTeX.

See the inputenc package documentation for explanation.
Type  H <return>  for immediate help.
 ...                                              
                                                  
l.1 ...ter{–û–±–æ–±—â–µ–Ω–Ω—ã–µ —Ñ—É–Ω–∫—Ü–∏–∏. –î
                                                  –µ–π—Å—Ç–≤–∏—è –Ω–∞–¥ –æ–±...

You may provide a definition with
\DeclareUnicodeCharacter 


! Package inputenc Error: Unicode character –µ (U+0435)
(inputenc)                not set up for use with LaTeX.

See the inputenc package documentation for explanation.
Type  H <return>  for immediate help.
 ...                                              
                                                  
l.1 ...r{–û–±–æ–±—â–µ–Ω–Ω—ã–µ —Ñ—É–Ω–∫—Ü–∏–∏. –î–µ
                                                  –π—Å—Ç–≤–∏—è –Ω–∞–¥ –æ–±–æ...

You may provide a definition with
\DeclareUnicodeCharacter 


! Package inputenc Error: Unicode character –π (U+0439)
(inputenc)                not set up for use with LaTeX.

See the inputenc package documentation for explanation.
Type  H <return>  for immediate help.
 ...                                              
                                                  
l.1 ...–û–±–æ–±—â–µ–Ω–Ω—ã–µ —Ñ—É–Ω–∫—Ü–∏–∏. –î–µ–π
                                                  —Å—Ç–≤–∏—è –Ω–∞–¥ –æ–±–æ–±...

You may provide a definition with
\DeclareUnicodeCharacter 


! Package inputenc Error: Unicode character —Å (U+0441)
(inputenc)                not set up for use with LaTeX.

See the inputenc package documentation for explanation.
Type  H <return>  for immediate help.
 ...                                              
                                                  
l.1 ...–±–æ–±—â–µ–Ω–Ω—ã–µ —Ñ—É–Ω–∫—Ü–∏–∏. –î–µ–π—Å
                                                  —Ç–≤–∏—è –Ω–∞–¥ –æ–±–æ–±—â...

You may provide a definition with
\DeclareUnicodeCharacter 


! Package inputenc Error: Unicode character —Ç (U+0442)
(inputenc)                not set up for use with LaTeX.

See the inputenc package documentation for explanation.
Type  H <return>  for immediate help.
 ...                                              
                                                  
l.1 ...–æ–±—â–µ–Ω–Ω—ã–µ —Ñ—É–Ω–∫—Ü–∏–∏. –î–µ–π—Å—Ç
                                                  –≤–∏—è –Ω–∞–¥ –æ–±–æ–±—â–µ...

You may provide a definition with
\DeclareUnicodeCharacter 


! Package inputenc Error: Unicode character –≤ (U+0432)
(inputenc)                not set up for use with LaTeX.

See the inputenc package documentation for explanation.
Type  H <return>  for immediate help.
 ...                                              
                                                  
l.1 ...–±—â–µ–Ω–Ω—ã–µ —Ñ—É–Ω–∫—Ü–∏–∏. –î–µ–π—Å—Ç–≤
                                                  –∏—è –Ω–∞–¥ –æ–±–æ–±—â–µ–Ω...

You may provide a definition with
\DeclareUnicodeCharacter 


! Package inputenc Error: Unicode character –∏ (U+0438)
(inputenc)                not set up for use with LaTeX.

See the inputenc package documentation for explanation.
Type  H <return>  for immediate help.
 ...                                              
                                                  
l.1 ...—â–µ–Ω–Ω—ã–µ —Ñ—É–Ω–∫—Ü–∏–∏. –î–µ–π—Å—Ç–≤–∏
                                                  —è –Ω–∞–¥ –æ–±–æ–±—â–µ–Ω–Ω...

You may provide a definition with
\DeclareUnicodeCharacter 


! Package inputenc Error: Unicode character —è (U+044F)
(inputenc)                not set up for use with LaTeX.

See the inputenc package documentation for explanation.
Type  H <return>  for immediate help.
 ...                                              
                                                  
l.1 ...–µ–Ω–Ω—ã–µ —Ñ—É–Ω–∫—Ü–∏–∏. –î–µ–π—Å—Ç–≤–∏—è
                                                   –Ω–∞–¥ –æ–±–æ–±—â–µ–Ω–Ω—ã...

You may provide a definition with
\DeclareUnicodeCharacter 


! Package inputenc Error: Unicode character –Ω (U+043D)
(inputenc)                not set up for use with LaTeX.

See the inputenc package documentation for explanation.
Type  H <return>  for immediate help.
 ...                                              
                                                  
l.1 ...Ω–Ω—ã–µ —Ñ—É–Ω–∫—Ü–∏–∏. –î–µ–π—Å—Ç–≤–∏—è –Ω
                                                  –∞–¥ –æ–±–æ–±—â–µ–Ω–Ω—ã–º–...

You may provide a definition with
\DeclareUnicodeCharacter 


! Package inputenc Error: Unicode character –∞ (U+0430)
(inputenc)                not set up for use with LaTeX.

See the inputenc package documentation for explanation.
Type  H <return>  for immediate help.
 ...                                              
                                                  
l.1 ...Ω—ã–µ —Ñ—É–Ω–∫—Ü–∏–∏. –î–µ–π—Å—Ç–≤–∏—è –Ω–∞
                                                  –¥ –æ–±–æ–±—â–µ–Ω–Ω—ã–º–∏ ...

You may provide a definition with
\DeclareUnicodeCharacter 


! Package inputenc Error: Unicode character –¥ (U+0434)
(inputenc)                not set up for use with LaTeX.

See the inputenc package documentation for explanation.
Type  H <return>  for immediate help.
 ...                                              
                                                  
l.1 ...ã–µ —Ñ—É–Ω–∫—Ü–∏–∏. –î–µ–π—Å—Ç–≤–∏—è –Ω–∞–¥
                                                   –æ–±–æ–±—â–µ–Ω–Ω—ã–º–∏ —Ñ...

You may provide a definition with
\DeclareUnicodeCharacter 


! Package inputenc Error: Unicode character –æ (U+043E)
(inputenc)                not set up for use with LaTeX.

See the inputenc package documentation for explanation.
Type  H <return>  for immediate help.
 ...                                              
                                                  
l.1 ... —Ñ—É–Ω–∫—Ü–∏–∏. –î–µ–π—Å—Ç–≤–∏—è –Ω–∞–¥ –æ
                                                  –±–æ–±—â–µ–Ω–Ω—ã–º–∏ —Ñ—É–...

You may provide a definition with
\DeclareUnicodeCharacter 


! Package inputenc Error: Unicode character –± (U+0431)
(inputenc)                not set up for use with LaTeX.

See the inputenc package documentation for explanation.
Type  H <return>  for immediate help.
 ...                                              
                                                  
l.1 ...Ñ—É–Ω–∫—Ü–∏–∏. –î–µ–π—Å—Ç–≤–∏—è –Ω–∞–¥ –æ–±
                                                  –æ–±—â–µ–Ω–Ω—ã–º–∏ —Ñ—É–Ω–...

You may provide a definition with
\DeclareUnicodeCharacter 


! Package inputenc Error: Unicode character –æ (U+043E)
(inputenc)                not set up for use with LaTeX.

See the inputenc package documentation for explanation.
Type  H <return>  for immediate help.
 ...                                              
                                                  
l.1 ...É–Ω–∫—Ü–∏–∏. –î–µ–π—Å—Ç–≤–∏—è –Ω–∞–¥ –æ–±–æ
                                                  –±—â–µ–Ω–Ω—ã–º–∏ —Ñ—É–Ω–∫—...

You may provide a definition with
\DeclareUnicodeCharacter 


! Package inputenc Error: Unicode character –± (U+0431)
(inputenc)                not set up for use with LaTeX.

See the inputenc package documentation for explanation.
Type  H <return>  for immediate help.
 ...                                              
                                                  
l.1 ...Ω–∫—Ü–∏–∏. –î–µ–π—Å—Ç–≤–∏—è –Ω–∞–¥ –æ–±–æ–±
                                                  —â–µ–Ω–Ω—ã–º–∏ —Ñ—É–Ω–∫—Ü–...

You may provide a definition with
\DeclareUnicodeCharacter 


! Package inputenc Error: Unicode character —â (U+0449)
(inputenc)                not set up for use with LaTeX.

See the inputenc package documentation for explanation.
Type  H <return>  for immediate help.
 ...                                              
                                                  
l.1 ...∫—Ü–∏–∏. –î–µ–π—Å—Ç–≤–∏—è –Ω–∞–¥ –æ–±–æ–±—â
                                                  –µ–Ω–Ω—ã–º–∏ —Ñ—É–Ω–∫—Ü–∏—...

You may provide a definition with
\DeclareUnicodeCharacter 


! Package inputenc Error: Unicode character –µ (U+0435)
(inputenc)                not set up for use with LaTeX.

See the inputenc package documentation for explanation.
Type  H <return>  for immediate help.
 ...                                              
                                                  
l.1 ...Ü–∏–∏. –î–µ–π—Å—Ç–≤–∏—è –Ω–∞–¥ –æ–±–æ–±—â–µ
                                                  –Ω–Ω—ã–º–∏ —Ñ—É–Ω–∫—Ü–∏—è–...

You may provide a definition with
\DeclareUnicodeCharacter 


! Package inputenc Error: Unicode character –Ω (U+043D)
(inputenc)                not set up for use with LaTeX.

See the inputenc package documentation for explanation.
Type  H <return>  for immediate help.
 ...                                              
                                                  
l.1 ...∏–∏. –î–µ–π—Å—Ç–≤–∏—è –Ω–∞–¥ –æ–±–æ–±—â–µ–Ω
                                                  –Ω—ã–º–∏ —Ñ—É–Ω–∫—Ü–∏—è–º–...

You may provide a definition with
\DeclareUnicodeCharacter 


! Package inputenc Error: Unicode character –Ω (U+043D)
(inputenc)                not set up for use with LaTeX.

See the inputenc package documentation for explanation.
Type  H <return>  for immediate help.
 ...                                              
                                                  
l.1 ...∏. –î–µ–π—Å—Ç–≤–∏—è –Ω–∞–¥ –æ–±–æ–±—â–µ–Ω–Ω
                                                  —ã–º–∏ —Ñ—É–Ω–∫—Ü–∏—è–º–∏....

You may provide a definition with
\DeclareUnicodeCharacter 


! Package inputenc Error: Unicode character —ã (U+044B)
(inputenc)                not set up for use with LaTeX.

See the inputenc package documentation for explanation.
Type  H <return>  for immediate help.
 ...                                              
                                                  
l.1 ... –î–µ–π—Å—Ç–≤–∏—è –Ω–∞–¥ –æ–±–æ–±—â–µ–Ω–Ω—ã
                                                  –º–∏ —Ñ—É–Ω–∫—Ü–∏—è–º–∏. –...

You may provide a definition with
\DeclareUnicodeCharacter 


! Package inputenc Error: Unicode character –º (U+043C)
(inputenc)                not set up for use with LaTeX.

See the inputenc package documentation for explanation.
Type  H <return>  for immediate help.
 ...                                              
                                                  
l.1 ...î–µ–π—Å—Ç–≤–∏—è –Ω–∞–¥ –æ–±–æ–±—â–µ–Ω–Ω—ã–º
                                                  –∏ —Ñ—É–Ω–∫—Ü–∏—è–º–∏. –§—...

You may provide a definition with
\DeclareUnicodeCharacter 


! Package inputenc Error: Unicode character –∏ (U+0438)
(inputenc)                not set up for use with LaTeX.

See the inputenc package documentation for explanation.
Type  H <return>  for immediate help.
 ...                                              
                                                  
l.1 ...µ–π—Å—Ç–≤–∏—è –Ω–∞–¥ –æ–±–æ–±—â–µ–Ω–Ω—ã–º–∏
                                                   —Ñ—É–Ω–∫—Ü–∏—è–º–∏. –§—É–...

You may provide a definition with
\DeclareUnicodeCharacter 


! Package inputenc Error: Unicode character —Ñ (U+0444)
(inputenc)                not set up for use with LaTeX.

See the inputenc package documentation for explanation.
Type  H <return>  for immediate help.
 ...                                              
                                                  
l.1 ...—Å—Ç–≤–∏—è –Ω–∞–¥ –æ–±–æ–±—â–µ–Ω–Ω—ã–º–∏ —Ñ
                                                  —É–Ω–∫—Ü–∏—è–º–∏. –§—É–Ω–¥...

You may provide a definition with
\DeclareUnicodeCharacter 


! Package inputenc Error: Unicode character —É (U+0443)
(inputenc)                not set up for use with LaTeX.

See the inputenc package documentation for explanation.
Type  H <return>  for immediate help.
 ...                                              
                                                  
l.1 ...—Ç–≤–∏—è –Ω–∞–¥ –æ–±–æ–±—â–µ–Ω–Ω—ã–º–∏ —Ñ—É
                                                  –Ω–∫—Ü–∏—è–º–∏. –§—É–Ω–¥–∞...

You may provide a definition with
\DeclareUnicodeCharacter 


! Package inputenc Error: Unicode character –Ω (U+043D)
(inputenc)                not set up for use with LaTeX.

See the inputenc package documentation for explanation.
Type  H <return>  for immediate help.
 ...                                              
                                                  
l.1 ...–≤–∏—è –Ω–∞–¥ –æ–±–æ–±—â–µ–Ω–Ω—ã–º–∏ —Ñ—É–Ω
                                                  –∫—Ü–∏—è–º–∏. –§—É–Ω–¥–∞–º...

You may provide a definition with
\DeclareUnicodeCharacter 


! Package inputenc Error: Unicode character –∫ (U+043A)
(inputenc)                not set up for use with LaTeX.

See the inputenc package documentation for explanation.
Type  H <return>  for immediate help.
 ...                                              
                                                  
l.1 ...–∏—è –Ω–∞–¥ –æ–±–æ–±—â–µ–Ω–Ω—ã–º–∏ —Ñ—É–Ω–∫
                                                  —Ü–∏—è–º–∏. –§—É–Ω–¥–∞–º–µ...

You may provide a definition with
\DeclareUnicodeCharacter 


! Package inputenc Error: Unicode character —Ü (U+0446)
(inputenc)                not set up for use with LaTeX.

See the inputenc package documentation for explanation.
Type  H <return>  for immediate help.
 ...                                              
                                                  
l.1 ...—è –Ω–∞–¥ –æ–±–æ–±—â–µ–Ω–Ω—ã–º–∏ —Ñ—É–Ω–∫—Ü
                                                  –∏—è–º–∏. –§—É–Ω–¥–∞–º–µ–Ω...

You may provide a definition with
\DeclareUnicodeCharacter 


! Package inputenc Error: Unicode character –∏ (U+0438)
(inputenc)                not set up for use with LaTeX.

See the inputenc package documentation for explanation.
Type  H <return>  for immediate help.
 ...                                              
                                                  
l.1 ... –Ω–∞–¥ –æ–±–æ–±—â–µ–Ω–Ω—ã–º–∏ —Ñ—É–Ω–∫—Ü–∏
                                                  —è–º–∏. –§—É–Ω–¥–∞–º–µ–Ω—Ç...

You may provide a definition with
\DeclareUnicodeCharacter 


! Package inputenc Error: Unicode character —è (U+044F)
(inputenc)                not set up for use with LaTeX.

See the inputenc package documentation for explanation.
Type  H <return>  for immediate help.
 ...                                              
                                                  
l.1 ...Ω–∞–¥ –æ–±–æ–±—â–µ–Ω–Ω—ã–º–∏ —Ñ—É–Ω–∫—Ü–∏—è
                                                  –º–∏. –§—É–Ω–¥–∞–º–µ–Ω—Ç–∞...

You may provide a definition with
\DeclareUnicodeCharacter 


! Package inputenc Error: Unicode character –º (U+043C)
(inputenc)                not set up for use with LaTeX.

See the inputenc package documentation for explanation.
Type  H <return>  for immediate help.
 ...                                              
                                                  
l.1 ...∞–¥ –æ–±–æ–±—â–µ–Ω–Ω—ã–º–∏ —Ñ—É–Ω–∫—Ü–∏—è–º
                                                  –∏. –§—É–Ω–¥–∞–º–µ–Ω—Ç–∞–ª...

You may provide a definition with
\DeclareUnicodeCharacter 


! Package inputenc Error: Unicode character –∏ (U+0438)
(inputenc)                not set up for use with LaTeX.

See the inputenc package documentation for explanation.
Type  H <return>  for immediate help.
 ...                                              
                                                  
l.1 ...¥ –æ–±–æ–±—â–µ–Ω–Ω—ã–º–∏ —Ñ—É–Ω–∫—Ü–∏—è–º–∏
                                                  . –§—É–Ω–¥–∞–º–µ–Ω—Ç–∞–ª—å...

You may provide a definition with
\DeclareUnicodeCharacter 

Missing character: There is no . in font nullfont!

! Package inputenc Error: Unicode character –§ (U+0424)
(inputenc)                not set up for use with LaTeX.

See the inputenc package documentation for explanation.
Type  H <return>  for immediate help.
 ...                                              
                                                  
l.1 ...–±–æ–±—â–µ–Ω–Ω—ã–º–∏ —Ñ—É–Ω–∫—Ü–∏—è–º–∏. –§
                                                  —É–Ω–¥–∞–º–µ–Ω—Ç–∞–ª—å–Ω–æ...

You may provide a definition with
\DeclareUnicodeCharacter 


! Package inputenc Error: Unicode character —É (U+0443)
(inputenc)                not set up for use with LaTeX.

See the inputenc package documentation for explanation.
Type  H <return>  for immediate help.
 ...                                              
                                                  
l.1 ...–æ–±—â–µ–Ω–Ω—ã–º–∏ —Ñ—É–Ω–∫—Ü–∏—è–º–∏. –§—É
                                                  –Ω–¥–∞–º–µ–Ω—Ç–∞–ª—å–Ω–æ–µ...

You may provide a definition with
\DeclareUnicodeCharacter 


! Package inputenc Error: Unicode character –Ω (U+043D)
(inputenc)                not set up for use with LaTeX.

See the inputenc package documentation for explanation.
Type  H <return>  for immediate help.
 ...                                              
                                                  
l.1 ...–±—â–µ–Ω–Ω—ã–º–∏ —Ñ—É–Ω–∫—Ü–∏—è–º–∏. –§—É–Ω
                                                  –¥–∞–º–µ–Ω—Ç–∞–ª—å–Ω–æ–µ —...

You may provide a definition with
\DeclareUnicodeCharacter 


! Package inputenc Error: Unicode character –¥ (U+0434)
(inputenc)                not set up for use with LaTeX.

See the inputenc package documentation for explanation.
Type  H <return>  for immediate help.
 ...                                              
                                                  
l.1 ...—â–µ–Ω–Ω—ã–º–∏ —Ñ—É–Ω–∫—Ü–∏—è–º–∏. –§—É–Ω–¥
                                                  –∞–º–µ–Ω—Ç–∞–ª—å–Ω–æ–µ —Ä–...

You may provide a definition with
\DeclareUnicodeCharacter 


! Package inputenc Error: Unicode character –∞ (U+0430)
(inputenc)                not set up for use with LaTeX.

See the inputenc package documentation for explanation.
Type  H <return>  for immediate help.
 ...                                              
                                                  
l.1 ...–µ–Ω–Ω—ã–º–∏ —Ñ—É–Ω–∫—Ü–∏—è–º–∏. –§—É–Ω–¥–∞
                                                  –º–µ–Ω—Ç–∞–ª—å–Ω–æ–µ —Ä–µ—...

You may provide a definition with
\DeclareUnicodeCharacter 


! Package inputenc Error: Unicode character –º (U+043C)
(inputenc)                not set up for use with LaTeX.

See the inputenc package documentation for explanation.
Type  H <return>  for immediate help.
 ...                                              
                                                  
l.1 ...–Ω–Ω—ã–º–∏ —Ñ—É–Ω–∫—Ü–∏—è–º–∏. –§—É–Ω–¥–∞–º
                                                  –µ–Ω—Ç–∞–ª—å–Ω–æ–µ —Ä–µ—à–...

You may provide a definition with
\DeclareUnicodeCharacter 


! Package inputenc Error: Unicode character –µ (U+0435)
(inputenc)                not set up for use with LaTeX.

See the inputenc package documentation for explanation.
Type  H <return>  for immediate help.
 ...                                              
                                                  
l.1 ...–Ω—ã–º–∏ —Ñ—É–Ω–∫—Ü–∏—è–º–∏. –§—É–Ω–¥–∞–º–µ
                                                  –Ω—Ç–∞–ª—å–Ω–æ–µ —Ä–µ—à–µ–...

You may provide a definition with
\DeclareUnicodeCharacter 


! Package inputenc Error: Unicode character –Ω (U+043D)
(inputenc)                not set up for use with LaTeX.

See the inputenc package documentation for explanation.
Type  H <return>  for immediate help.
 ...                                              
                                                  
l.1 ...—ã–º–∏ —Ñ—É–Ω–∫—Ü–∏—è–º–∏. –§—É–Ω–¥–∞–º–µ–Ω
                                                  —Ç–∞–ª—å–Ω–æ–µ —Ä–µ—à–µ–Ω–...

You may provide a definition with
\DeclareUnicodeCharacter 


! Package inputenc Error: Unicode character —Ç (U+0442)
(inputenc)                not set up for use with LaTeX.

See the inputenc package documentation for explanation.
Type  H <return>  for immediate help.
 ...                                              
                                                  
l.1 ...–º–∏ —Ñ—É–Ω–∫—Ü–∏—è–º–∏. –§—É–Ω–¥–∞–º–µ–Ω—Ç
                                                  –∞–ª—å–Ω–æ–µ —Ä–µ—à–µ–Ω–∏–...

You may provide a definition with
\DeclareUnicodeCharacter 


! Package inputenc Error: Unicode character –∞ (U+0430)
(inputenc)                not set up for use with LaTeX.

See the inputenc package documentation for explanation.
Type  H <return>  for immediate help.
 ...                                              
                                                  
l.1 ...–∏ —Ñ—É–Ω–∫—Ü–∏—è–º–∏. –§—É–Ω–¥–∞–º–µ–Ω—Ç–∞
                                                  –ª—å–Ω–æ–µ —Ä–µ—à–µ–Ω–∏–µ ...

You may provide a definition with
\DeclareUnicodeCharacter 


! Package inputenc Error: Unicode character –ª (U+043B)
(inputenc)                not set up for use with LaTeX.

See the inputenc package documentation for explanation.
Type  H <return>  for immediate help.
 ...                                              
                                                  
l.1 ... —Ñ—É–Ω–∫—Ü–∏—è–º–∏. –§—É–Ω–¥–∞–º–µ–Ω—Ç–∞–ª
                                                  —å–Ω–æ–µ —Ä–µ—à–µ–Ω–∏–µ –ª...

You may provide a definition with
\DeclareUnicodeCharacter 


! Package inputenc Error: Unicode character —å (U+044C)
(inputenc)                not set up for use with LaTeX.

See the inputenc package documentation for explanation.
Type  H <return>  for immediate help.
 ...                                              
                                                  
l.1 ...Ñ—É–Ω–∫—Ü–∏—è–º–∏. –§—É–Ω–¥–∞–º–µ–Ω—Ç–∞–ª—å
                                                  –Ω–æ–µ —Ä–µ—à–µ–Ω–∏–µ –ª–∏...

You may provide a definition with
\DeclareUnicodeCharacter 


! Package inputenc Error: Unicode character –Ω (U+043D)
(inputenc)                not set up for use with LaTeX.

See the inputenc package documentation for explanation.
Type  H <return>  for immediate help.
 ...                                              
                                                  
l.1 ...É–Ω–∫—Ü–∏—è–º–∏. –§—É–Ω–¥–∞–º–µ–Ω—Ç–∞–ª—å–Ω
                                                  –æ–µ —Ä–µ—à–µ–Ω–∏–µ –ª–∏–Ω...

You may provide a definition with
\DeclareUnicodeCharacter 


! Package inputenc Error: Unicode character –æ (U+043E)
(inputenc)                not set up for use with LaTeX.

See the inputenc package documentation for explanation.
Type  H <return>  for immediate help.
 ...                                              
                                                  
l.1 ...Ω–∫—Ü–∏—è–º–∏. –§—É–Ω–¥–∞–º–µ–Ω—Ç–∞–ª—å–Ω–æ
                                                  –µ —Ä–µ—à–µ–Ω–∏–µ –ª–∏–Ω–µ...

You may provide a definition with
\DeclareUnicodeCharacter 


! Package inputenc Error: Unicode character –µ (U+0435)
(inputenc)                not set up for use with LaTeX.

See the inputenc package documentation for explanation.
Type  H <return>  for immediate help.
 ...                                              
                                                  
l.1 ...∫—Ü–∏—è–º–∏. –§—É–Ω–¥–∞–º–µ–Ω—Ç–∞–ª—å–Ω–æ–µ
                                                   —Ä–µ—à–µ–Ω–∏–µ –ª–∏–Ω–µ–π...

You may provide a definition with
\DeclareUnicodeCharacter 


! Package inputenc Error: Unicode character —Ä (U+0440)
(inputenc)                not set up for use with LaTeX.

See the inputenc package documentation for explanation.
Type  H <return>  for immediate help.
 ...                                              
                                                  
l.1 ...–∏—è–º–∏. –§—É–Ω–¥–∞–º–µ–Ω—Ç–∞–ª—å–Ω–æ–µ —Ä
                                                  –µ—à–µ–Ω–∏–µ –ª–∏–Ω–µ–π–Ω–...

You may provide a definition with
\DeclareUnicodeCharacter 


! Package inputenc Error: Unicode character –µ (U+0435)
(inputenc)                not set up for use with LaTeX.

See the inputenc package documentation for explanation.
Type  H <return>  for immediate help.
 ...                                              
                                                  
l.1 ...—è–º–∏. –§—É–Ω–¥–∞–º–µ–Ω—Ç–∞–ª—å–Ω–æ–µ —Ä–µ
                                                  —à–µ–Ω–∏–µ –ª–∏–Ω–µ–π–Ω–æ–...

You may provide a definition with
\DeclareUnicodeCharacter 


! Package inputenc Error: Unicode character —à (U+0448)
(inputenc)                not set up for use with LaTeX.

See the inputenc package documentation for explanation.
Type  H <return>  for immediate help.
 ...                                              
                                                  
l.1 ...–º–∏. –§—É–Ω–¥–∞–º–µ–Ω—Ç–∞–ª—å–Ω–æ–µ —Ä–µ—à
                                                  –µ–Ω–∏–µ –ª–∏–Ω–µ–π–Ω–æ–≥–...

You may provide a definition with
\DeclareUnicodeCharacter 


! Package inputenc Error: Unicode character –µ (U+0435)
(inputenc)                not set up for use with LaTeX.

See the inputenc package documentation for explanation.
Type  H <return>  for immediate help.
 ...                                              
                                                  
l.1 ...–∏. –§—É–Ω–¥–∞–º–µ–Ω—Ç–∞–ª—å–Ω–æ–µ —Ä–µ—à–µ
                                                  –Ω–∏–µ –ª–∏–Ω–µ–π–Ω–æ–≥–æ ...

You may provide a definition with
\DeclareUnicodeCharacter 


! Package inputenc Error: Unicode character –Ω (U+043D)
(inputenc)                not set up for use with LaTeX.

See the inputenc package documentation for explanation.
Type  H <return>  for immediate help.
 ...                                              
                                                  
l.1 .... –§—É–Ω–¥–∞–º–µ–Ω—Ç–∞–ª—å–Ω–æ–µ —Ä–µ—à–µ–Ω
                                                  –∏–µ –ª–∏–Ω–µ–π–Ω–æ–≥–æ –¥...

You may provide a definition with
\DeclareUnicodeCharacter 


! Package inputenc Error: Unicode character –∏ (U+0438)
(inputenc)                not set up for use with LaTeX.

See the inputenc package documentation for explanation.
Type  H <return>  for immediate help.
 ...                                              
                                                  
l.1 ...–§—É–Ω–¥–∞–º–µ–Ω—Ç–∞–ª—å–Ω–æ–µ —Ä–µ—à–µ–Ω–∏
                                                  –µ –ª–∏–Ω–µ–π–Ω–æ–≥–æ –¥–∏...

You may provide a definition with
\DeclareUnicodeCharacter 


! Package inputenc Error: Unicode character –µ (U+0435)
(inputenc)                not set up for use with LaTeX.

See the inputenc package documentation for explanation.
Type  H <return>  for immediate help.
 ...                                              
                                                  
l.1 ...—É–Ω–¥–∞–º–µ–Ω—Ç–∞–ª—å–Ω–æ–µ —Ä–µ—à–µ–Ω–∏–µ
                                                   –ª–∏–Ω–µ–π–Ω–æ–≥–æ –¥–∏—Ñ...

You may provide a definition with
\DeclareUnicodeCharacter 


! Package inputenc Error: Unicode character –ª (U+043B)
(inputenc)                not set up for use with LaTeX.

See the inputenc package documentation for explanation.
Type  H <return>  for immediate help.
 ...                                              
                                                  
l.1 ...Ω–¥–∞–º–µ–Ω—Ç–∞–ª—å–Ω–æ–µ —Ä–µ—à–µ–Ω–∏–µ –ª
                                                  –∏–Ω–µ–π–Ω–æ–≥–æ –¥–∏—Ñ—Ñ–...

You may provide a definition with
\DeclareUnicodeCharacter 


! Package inputenc Error: Unicode character –∏ (U+0438)
(inputenc)                not set up for use with LaTeX.

See the inputenc package documentation for explanation.
Type  H <return>  for immediate help.
 ...                                              
                                                  
l.1 ...¥–∞–º–µ–Ω—Ç–∞–ª—å–Ω–æ–µ —Ä–µ—à–µ–Ω–∏–µ –ª–∏
                                                  –Ω–µ–π–Ω–æ–≥–æ –¥–∏—Ñ—Ñ–µ—...

You may provide a definition with
\DeclareUnicodeCharacter 


! Package inputenc Error: Unicode character –Ω (U+043D)
(inputenc)                not set up for use with LaTeX.

See the inputenc package documentation for explanation.
Type  H <return>  for immediate help.
 ...                                              
                                                  
l.1 ...∞–º–µ–Ω—Ç–∞–ª—å–Ω–æ–µ —Ä–µ—à–µ–Ω–∏–µ –ª–∏–Ω
                                                  –µ–π–Ω–æ–≥–æ –¥–∏—Ñ—Ñ–µ—Ä–...

You may provide a definition with
\DeclareUnicodeCharacter 


! Package inputenc Error: Unicode character –µ (U+0435)
(inputenc)                not set up for use with LaTeX.

See the inputenc package documentation for explanation.
Type  H <return>  for immediate help.
 ...                                              
                                                  
l.1 ...º–µ–Ω—Ç–∞–ª—å–Ω–æ–µ —Ä–µ—à–µ–Ω–∏–µ –ª–∏–Ω–µ
                                                  –π–Ω–æ–≥–æ –¥–∏—Ñ—Ñ–µ—Ä–µ–...

You may provide a definition with
\DeclareUnicodeCharacter 


! Package inputenc Error: Unicode character –π (U+0439)
(inputenc)                not set up for use with LaTeX.

See the inputenc package documentation for explanation.
Type  H <return>  for immediate help.
 ...                                              
                                                  
l.1 ...µ–Ω—Ç–∞–ª—å–Ω–æ–µ —Ä–µ—à–µ–Ω–∏–µ –ª–∏–Ω–µ–π
                                                  –Ω–æ–≥–æ –¥–∏—Ñ—Ñ–µ—Ä–µ–Ω—...

You may provide a definition with
\DeclareUnicodeCharacter 


! Package inputenc Error: Unicode character –Ω (U+043D)
(inputenc)                not set up for use with LaTeX.

See the inputenc package documentation for explanation.
Type  H <return>  for immediate help.
 ...                                              
                                                  
l.1 ...Ω—Ç–∞–ª—å–Ω–æ–µ —Ä–µ—à–µ–Ω–∏–µ –ª–∏–Ω–µ–π–Ω
                                                  –æ–≥–æ –¥–∏—Ñ—Ñ–µ—Ä–µ–Ω—Ü–...

You may provide a definition with
\DeclareUnicodeCharacter 


! Package inputenc Error: Unicode character –æ (U+043E)
(inputenc)                not set up for use with LaTeX.

See the inputenc package documentation for explanation.
Type  H <return>  for immediate help.
 ...                                              
                                                  
l.1 ...Ç–∞–ª—å–Ω–æ–µ —Ä–µ—à–µ–Ω–∏–µ –ª–∏–Ω–µ–π–Ω–æ
                                                  –≥–æ –¥–∏—Ñ—Ñ–µ—Ä–µ–Ω—Ü–∏–...

You may provide a definition with
\DeclareUnicodeCharacter 


! Package inputenc Error: Unicode character –≥ (U+0433)
(inputenc)                not set up for use with LaTeX.

See the inputenc package documentation for explanation.
Type  H <return>  for immediate help.
 ...                                              
                                                  
l.1 ...∞–ª—å–Ω–æ–µ —Ä–µ—à–µ–Ω–∏–µ –ª–∏–Ω–µ–π–Ω–æ–≥
                                                  –æ –¥–∏—Ñ—Ñ–µ—Ä–µ–Ω—Ü–∏–∞–...

You may provide a definition with
\DeclareUnicodeCharacter 


! Package inputenc Error: Unicode character –æ (U+043E)
(inputenc)                not set up for use with LaTeX.

See the inputenc package documentation for explanation.
Type  H <return>  for immediate help.
 ...                                              
                                                  
l.1 ...ª—å–Ω–æ–µ —Ä–µ—à–µ–Ω–∏–µ –ª–∏–Ω–µ–π–Ω–æ–≥–æ
                                                   –¥–∏—Ñ—Ñ–µ—Ä–µ–Ω—Ü–∏–∞–ª—...

You may provide a definition with
\DeclareUnicodeCharacter 


! Package inputenc Error: Unicode character –¥ (U+0434)
(inputenc)                not set up for use with LaTeX.

See the inputenc package documentation for explanation.
Type  H <return>  for immediate help.
 ...                                              
                                                  
l.1 ...–Ω–æ–µ —Ä–µ—à–µ–Ω–∏–µ –ª–∏–Ω–µ–π–Ω–æ–≥–æ –¥
                                                  –∏—Ñ—Ñ–µ—Ä–µ–Ω—Ü–∏–∞–ª—å–Ω...

You may provide a definition with
\DeclareUnicodeCharacter 


! Package inputenc Error: Unicode character –∏ (U+0438)
(inputenc)                not set up for use with LaTeX.

See the inputenc package documentation for explanation.
Type  H <return>  for immediate help.
 ...                                              
                                                  
l.1 ...–æ–µ —Ä–µ—à–µ–Ω–∏–µ –ª–∏–Ω–µ–π–Ω–æ–≥–æ –¥–∏
                                                  —Ñ—Ñ–µ—Ä–µ–Ω—Ü–∏–∞–ª—å–Ω–æ...

You may provide a definition with
\DeclareUnicodeCharacter 


! Package inputenc Error: Unicode character —Ñ (U+0444)
(inputenc)                not set up for use with LaTeX.

See the inputenc package documentation for explanation.
Type  H <return>  for immediate help.
 ...                                              
                                                  
l.1 ...–µ —Ä–µ—à–µ–Ω–∏–µ –ª–∏–Ω–µ–π–Ω–æ–≥–æ –¥–∏—Ñ
                                                  —Ñ–µ—Ä–µ–Ω—Ü–∏–∞–ª—å–Ω–æ–≥...

You may provide a definition with
\DeclareUnicodeCharacter 


! Package inputenc Error: Unicode character —Ñ (U+0444)
(inputenc)                not set up for use with LaTeX.

See the inputenc package documentation for explanation.
Type  H <return>  for immediate help.
 ...                                              
                                                  
l.1 ... —Ä–µ—à–µ–Ω–∏–µ –ª–∏–Ω–µ–π–Ω–æ–≥–æ –¥–∏—Ñ—Ñ
                                                  –µ—Ä–µ–Ω—Ü–∏–∞–ª—å–Ω–æ–≥–æ...

You may provide a definition with
\DeclareUnicodeCharacter 


! Package inputenc Error: Unicode character –µ (U+0435)
(inputenc)                not set up for use with LaTeX.

See the inputenc package documentation for explanation.
Type  H <return>  for immediate help.
 ...                                              
                                                  
l.1 ...Ä–µ—à–µ–Ω–∏–µ –ª–∏–Ω–µ–π–Ω–æ–≥–æ –¥–∏—Ñ—Ñ–µ
                                                  —Ä–µ–Ω—Ü–∏–∞–ª—å–Ω–æ–≥–æ –...

You may provide a definition with
\DeclareUnicodeCharacter 


! Package inputenc Error: Unicode character —Ä (U+0440)
(inputenc)                not set up for use with LaTeX.

See the inputenc package documentation for explanation.
Type  H <return>  for immediate help.
 ...                                              
                                                  
l.1 ...µ—à–µ–Ω–∏–µ –ª–∏–Ω–µ–π–Ω–æ–≥–æ –¥–∏—Ñ—Ñ–µ—Ä
                                                  –µ–Ω—Ü–∏–∞–ª—å–Ω–æ–≥–æ –æ–...

You may provide a definition with
\DeclareUnicodeCharacter 


! Package inputenc Error: Unicode character –µ (U+0435)
(inputenc)                not set up for use with LaTeX.

See the inputenc package documentation for explanation.
Type  H <return>  for immediate help.
 ...                                              
                                                  
l.1 ...à–µ–Ω–∏–µ –ª–∏–Ω–µ–π–Ω–æ–≥–æ –¥–∏—Ñ—Ñ–µ—Ä–µ
                                                  –Ω—Ü–∏–∞–ª—å–Ω–æ–≥–æ –æ–ø–...

You may provide a definition with
\DeclareUnicodeCharacter 


! Package inputenc Error: Unicode character –Ω (U+043D)
(inputenc)                not set up for use with LaTeX.

See the inputenc package documentation for explanation.
Type  H <return>  for immediate help.
 ...                                              
                                                  
l.1 ...µ–Ω–∏–µ –ª–∏–Ω–µ–π–Ω–æ–≥–æ –¥–∏—Ñ—Ñ–µ—Ä–µ–Ω
                                                  —Ü–∏–∞–ª—å–Ω–æ–≥–æ –æ–ø–µ—...

You may provide a definition with
\DeclareUnicodeCharacter 


! Package inputenc Error: Unicode character —Ü (U+0446)
(inputenc)                not set up for use with LaTeX.

See the inputenc package documentation for explanation.
Type  H <return>  for immediate help.
 ...                                              
                                                  
l.1 ...Ω–∏–µ –ª–∏–Ω–µ–π–Ω–æ–≥–æ –¥–∏—Ñ—Ñ–µ—Ä–µ–Ω—Ü
                                                  –∏–∞–ª—å–Ω–æ–≥–æ –æ–ø–µ—Ä–...

You may provide a definition with
\DeclareUnicodeCharacter 


! Package inputenc Error: Unicode character –∏ (U+0438)
(inputenc)                not set up for use with LaTeX.

See the inputenc package documentation for explanation.
Type  H <return>  for immediate help.
 ...                                              
                                                  
l.1 ...∏–µ –ª–∏–Ω–µ–π–Ω–æ–≥–æ –¥–∏—Ñ—Ñ–µ—Ä–µ–Ω—Ü–∏
                                                  –∞–ª—å–Ω–æ–≥–æ –æ–ø–µ—Ä–∞—...

You may provide a definition with
\DeclareUnicodeCharacter 


! Package inputenc Error: Unicode character –∞ (U+0430)
(inputenc)                not set up for use with LaTeX.

See the inputenc package documentation for explanation.
Type  H <return>  for immediate help.
 ...                                              
                                                  
l.1 ...µ –ª–∏–Ω–µ–π–Ω–æ–≥–æ –¥–∏—Ñ—Ñ–µ—Ä–µ–Ω—Ü–∏–∞
                                                  –ª—å–Ω–æ–≥–æ –æ–ø–µ—Ä–∞—Ç–...

You may provide a definition with
\DeclareUnicodeCharacter 


! Package inputenc Error: Unicode character –ª (U+043B)
(inputenc)                not set up for use with LaTeX.

See the inputenc package documentation for explanation.
Type  H <return>  for immediate help.
 ...                                              
                                                  
l.1 ...–ª–∏–Ω–µ–π–Ω–æ–≥–æ –¥–∏—Ñ—Ñ–µ—Ä–µ–Ω—Ü–∏–∞–ª
                                                  —å–Ω–æ–≥–æ –æ–ø–µ—Ä–∞—Ç–æ—...

You may provide a definition with
\DeclareUnicodeCharacter 


! Package inputenc Error: Unicode character —å (U+044C)
(inputenc)                not set up for use with LaTeX.

See the inputenc package documentation for explanation.
Type  H <return>  for immediate help.
 ...                                              
                                                  
l.1 ...–∏–Ω–µ–π–Ω–æ–≥–æ –¥–∏—Ñ—Ñ–µ—Ä–µ–Ω—Ü–∏–∞–ª—å
                                                  –Ω–æ–≥–æ –æ–ø–µ—Ä–∞—Ç–æ—Ä–...

You may provide a definition with
\DeclareUnicodeCharacter 


! Package inputenc Error: Unicode character –Ω (U+043D)
(inputenc)                not set up for use with LaTeX.

See the inputenc package documentation for explanation.
Type  H <return>  for immediate help.
 ...                                              
                                                  
l.1 ...–Ω–µ–π–Ω–æ–≥–æ –¥–∏—Ñ—Ñ–µ—Ä–µ–Ω—Ü–∏–∞–ª—å–Ω
                                                  –æ–≥–æ –æ–ø–µ—Ä–∞—Ç–æ—Ä–∞ ...

You may provide a definition with
\DeclareUnicodeCharacter 


! Package inputenc Error: Unicode character –æ (U+043E)
(inputenc)                not set up for use with LaTeX.

See the inputenc package documentation for explanation.
Type  H <return>  for immediate help.
 ...                                              
                                                  
l.1 ...–µ–π–Ω–æ–≥–æ –¥–∏—Ñ—Ñ–µ—Ä–µ–Ω—Ü–∏–∞–ª—å–Ω–æ
                                                  –≥–æ –æ–ø–µ—Ä–∞—Ç–æ—Ä–∞ —Å...

You may provide a definition with
\DeclareUnicodeCharacter 


! Package inputenc Error: Unicode character –≥ (U+0433)
(inputenc)                not set up for use with LaTeX.

See the inputenc package documentation for explanation.
Type  H <return>  for immediate help.
 ...                                              
                                                  
l.1 ...–π–Ω–æ–≥–æ –¥–∏—Ñ—Ñ–µ—Ä–µ–Ω—Ü–∏–∞–ª—å–Ω–æ–≥
                                                  –æ –æ–ø–µ—Ä–∞—Ç–æ—Ä–∞ —Å –...

You may provide a definition with
\DeclareUnicodeCharacter 


! Package inputenc Error: Unicode character –æ (U+043E)
(inputenc)                not set up for use with LaTeX.

See the inputenc package documentation for explanation.
Type  H <return>  for immediate help.
 ...                                              
                                                  
l.1 ...–Ω–æ–≥–æ –¥–∏—Ñ—Ñ–µ—Ä–µ–Ω—Ü–∏–∞–ª—å–Ω–æ–≥–æ
                                                   –æ–ø–µ—Ä–∞—Ç–æ—Ä–∞ —Å –ø–...

You may provide a definition with
\DeclareUnicodeCharacter 


! Package inputenc Error: Unicode character –æ (U+043E)
(inputenc)                not set up for use with LaTeX.

See the inputenc package documentation for explanation.
Type  H <return>  for immediate help.
 ...                                              
                                                  
l.1 ...æ–≥–æ –¥–∏—Ñ—Ñ–µ—Ä–µ–Ω—Ü–∏–∞–ª—å–Ω–æ–≥–æ –æ
                                                  –ø–µ—Ä–∞—Ç–æ—Ä–∞ —Å –ø–æ—Å...

You may provide a definition with
\DeclareUnicodeCharacter 


! Package inputenc Error: Unicode character –ø (U+043F)
(inputenc)                not set up for use with LaTeX.

See the inputenc package documentation for explanation.
Type  H <return>  for immediate help.
 ...                                              
                                                  
l.1 ...≥–æ –¥–∏—Ñ—Ñ–µ—Ä–µ–Ω—Ü–∏–∞–ª—å–Ω–æ–≥–æ –æ–ø
                                                  –µ—Ä–∞—Ç–æ—Ä–∞ —Å –ø–æ—Å—Ç...
(That makes 100 errors; please try again.) 
Here is how much of TeX's memory you used:
 47 strings out of 479334
 742 string characters out of 2857559
 282611 words of memory out of 3000000
 17601 multiletter control sequences out of 15000+200000
 403430 words of font info for 27 fonts, out of 3000000 for 9000
 1141 hyphenation exceptions out of 8191
 13i,0n,15p,328b,44s stack positions out of 5000i,500n,10000p,200000b,50000s

!  ==> Fatal error occurred, no output PDF file produced!
