This is pdfTeX, Version 3.141592653-2.6-1.40.22 (MiKTeX 21.2) (preloaded format=pdflatex 2021.4.30)  7 MAY 2021 22:58
entering extended mode
**./15.tex
(15.tex
LaTeX2e <2020-10-01> patch level 4
L3 programming layer <2021-02-18> xparse <2020-03-03>
! Undefined control sequence.
l.1 \chapter
            {–§–æ—Ä–º—É–ª—ã –ì—Ä–∏–Ω–∞.}
The control sequence at the end of the top line
of your error message was never \def'ed. If you have
misspelled it (e.g., `\hobx'), type `I' and the correct
spelling (e.g., `I\hbox'). Otherwise just continue,
and I'll forget about whatever was undefined.


! Package inputenc Error: Unicode character –§ (U+0424)
(inputenc)                not set up for use with LaTeX.

See the inputenc package documentation for explanation.
Type  H <return>  for immediate help.
 ...                                              
                                                  
l.1 \chapter{–§
               –æ—Ä–º—É–ª—ã –ì—Ä–∏–Ω–∞.}
You may provide a definition with
\DeclareUnicodeCharacter 


! Package inputenc Error: Unicode character –æ (U+043E)
(inputenc)                not set up for use with LaTeX.

See the inputenc package documentation for explanation.
Type  H <return>  for immediate help.
 ...                                              
                                                  
l.1 \chapter{–§–æ
                 —Ä–º—É–ª—ã –ì—Ä–∏–Ω–∞.}
You may provide a definition with
\DeclareUnicodeCharacter 


! Package inputenc Error: Unicode character —Ä (U+0440)
(inputenc)                not set up for use with LaTeX.

See the inputenc package documentation for explanation.
Type  H <return>  for immediate help.
 ...                                              
                                                  
l.1 \chapter{–§–æ—Ä
                   –º—É–ª—ã –ì—Ä–∏–Ω–∞.}
You may provide a definition with
\DeclareUnicodeCharacter 


! Package inputenc Error: Unicode character –º (U+043C)
(inputenc)                not set up for use with LaTeX.

See the inputenc package documentation for explanation.
Type  H <return>  for immediate help.
 ...                                              
                                                  
l.1 \chapter{–§–æ—Ä–º
                     —É–ª—ã –ì—Ä–∏–Ω–∞.}
You may provide a definition with
\DeclareUnicodeCharacter 


! Package inputenc Error: Unicode character —É (U+0443)
(inputenc)                not set up for use with LaTeX.

See the inputenc package documentation for explanation.
Type  H <return>  for immediate help.
 ...                                              
                                                  
l.1 \chapter{–§–æ—Ä–º—É
                       –ª—ã –ì—Ä–∏–Ω–∞.}
You may provide a definition with
\DeclareUnicodeCharacter 


! Package inputenc Error: Unicode character –ª (U+043B)
(inputenc)                not set up for use with LaTeX.

See the inputenc package documentation for explanation.
Type  H <return>  for immediate help.
 ...                                              
                                                  
l.1 \chapter{–§–æ—Ä–º—É–ª
                         —ã –ì—Ä–∏–Ω–∞.}
You may provide a definition with
\DeclareUnicodeCharacter 


! Package inputenc Error: Unicode character —ã (U+044B)
(inputenc)                not set up for use with LaTeX.

See the inputenc package documentation for explanation.
Type  H <return>  for immediate help.
 ...                                              
                                                  
l.1 \chapter{–§–æ—Ä–º—É–ª—ã
                            –ì—Ä–∏–Ω–∞.}
You may provide a definition with
\DeclareUnicodeCharacter 


! Package inputenc Error: Unicode character –ì (U+0413)
(inputenc)                not set up for use with LaTeX.

See the inputenc package documentation for explanation.
Type  H <return>  for immediate help.
 ...                                              
                                                  
l.1 \chapter{–§–æ—Ä–º—É–ª—ã –ì
                              —Ä–∏–Ω–∞.}
You may provide a definition with
\DeclareUnicodeCharacter 


! Package inputenc Error: Unicode character —Ä (U+0440)
(inputenc)                not set up for use with LaTeX.

See the inputenc package documentation for explanation.
Type  H <return>  for immediate help.
 ...                                              
                                                  
l.1 \chapter{–§–æ—Ä–º—É–ª—ã –ì—Ä
                                –∏–Ω–∞.}
You may provide a definition with
\DeclareUnicodeCharacter 


! Package inputenc Error: Unicode character –∏ (U+0438)
(inputenc)                not set up for use with LaTeX.

See the inputenc package documentation for explanation.
Type  H <return>  for immediate help.
 ...                                              
                                                  
l.1 \chapter{–§–æ—Ä–º—É–ª—ã –ì—Ä–∏
                                  –Ω–∞.}
You may provide a definition with
\DeclareUnicodeCharacter 


! Package inputenc Error: Unicode character –Ω (U+043D)
(inputenc)                not set up for use with LaTeX.

See the inputenc package documentation for explanation.
Type  H <return>  for immediate help.
 ...                                              
                                                  
l.1 \chapter{–§–æ—Ä–º—É–ª—ã –ì—Ä–∏–Ω
                                    –∞.}
You may provide a definition with
\DeclareUnicodeCharacter 


! Package inputenc Error: Unicode character –∞ (U+0430)
(inputenc)                not set up for use with LaTeX.

See the inputenc package documentation for explanation.
Type  H <return>  for immediate help.
 ...                                              
                                                  
l.1 \chapter{–§–æ—Ä–º—É–ª—ã –ì—Ä–∏–Ω–∞
                                      .}
You may provide a definition with
\DeclareUnicodeCharacter 


! LaTeX Error: Missing \begin{document}.

See the LaTeX manual or LaTeX Companion for explanation.
Type  H <return>  for immediate help.
 ...                                              
                                                  
l.1 \chapter{–§–æ—Ä–º—É–ª—ã –ì—Ä–∏–Ω–∞.
                                       }
You're in trouble here.  Try typing  <return>  to proceed.
If that doesn't work, type  X <return>  to quit.

Missing character: There is no . in font nullfont!

Overfull \hbox (20.0pt too wide) in paragraph at lines 1--3
[]
 []


! LaTeX Error: Missing \begin{document}.

See the LaTeX manual or LaTeX Companion for explanation.
Type  H <return>  for immediate help.
 ...                                              
                                                  
l.4 \begin{enumerate}
                     
You're in trouble here.  Try typing  <return>  to proceed.
If that doesn't work, type  X <return>  to quit.


Overfull \hbox (20.0pt too wide) in paragraph at lines 4--4
[] 
 []


! LaTeX Error: Environment theorem undefined.

See the LaTeX manual or LaTeX Companion for explanation.
Type  H <return>  for immediate help.
 ...                                              
                                                  
l.5 \item \begin{theorem}
                         [–§–æ—Ä–º—É–ª–∞ –ì–∞—É—Å—Å–∞ - –û—Å—Ç—Ä–æ–≥—Ä–∞–¥—Å...

Your command was ignored.
Type  I <command> <return>  to replace it with another command,
or  <return>  to continue without it.

Missing character: There is no [ in font nullfont!

! Package inputenc Error: Unicode character –§ (U+0424)
(inputenc)                not set up for use with LaTeX.

See the inputenc package documentation for explanation.
Type  H <return>  for immediate help.
 ...                                              
                                                  
l.5 \item \begin{theorem}[–§
                            –æ—Ä–º—É–ª–∞ –ì–∞—É—Å—Å–∞ - –û—Å—Ç—Ä–æ–≥—Ä–∞–¥—Å...

You may provide a definition with
\DeclareUnicodeCharacter 


! Package inputenc Error: Unicode character –æ (U+043E)
(inputenc)                not set up for use with LaTeX.

See the inputenc package documentation for explanation.
Type  H <return>  for immediate help.
 ...                                              
                                                  
l.5 \item \begin{theorem}[–§–æ
                              —Ä–º—É–ª–∞ –ì–∞—É—Å—Å–∞ - –û—Å—Ç—Ä–æ–≥—Ä–∞–¥—Å...

You may provide a definition with
\DeclareUnicodeCharacter 


! Package inputenc Error: Unicode character —Ä (U+0440)
(inputenc)                not set up for use with LaTeX.

See the inputenc package documentation for explanation.
Type  H <return>  for immediate help.
 ...                                              
                                                  
l.5 \item \begin{theorem}[–§–æ—Ä
                                –º—É–ª–∞ –ì–∞—É—Å—Å–∞ - –û—Å—Ç—Ä–æ–≥—Ä–∞–¥—Å...

You may provide a definition with
\DeclareUnicodeCharacter 


! Package inputenc Error: Unicode character –º (U+043C)
(inputenc)                not set up for use with LaTeX.

See the inputenc package documentation for explanation.
Type  H <return>  for immediate help.
 ...                                              
                                                  
l.5 \item \begin{theorem}[–§–æ—Ä–º
                                  —É–ª–∞ –ì–∞—É—Å—Å–∞ - –û—Å—Ç—Ä–æ–≥—Ä–∞–¥—Å...

You may provide a definition with
\DeclareUnicodeCharacter 


! Package inputenc Error: Unicode character —É (U+0443)
(inputenc)                not set up for use with LaTeX.

See the inputenc package documentation for explanation.
Type  H <return>  for immediate help.
 ...                                              
                                                  
l.5 \item \begin{theorem}[–§–æ—Ä–º—É
                                    –ª–∞ –ì–∞—É—Å—Å–∞ - –û—Å—Ç—Ä–æ–≥—Ä–∞–¥—Å...

You may provide a definition with
\DeclareUnicodeCharacter 


! Package inputenc Error: Unicode character –ª (U+043B)
(inputenc)                not set up for use with LaTeX.

See the inputenc package documentation for explanation.
Type  H <return>  for immediate help.
 ...                                              
                                                  
l.5 \item \begin{theorem}[–§–æ—Ä–º—É–ª
                                      –∞ –ì–∞—É—Å—Å–∞ - –û—Å—Ç—Ä–æ–≥—Ä–∞–¥—Å...

You may provide a definition with
\DeclareUnicodeCharacter 


! Package inputenc Error: Unicode character –∞ (U+0430)
(inputenc)                not set up for use with LaTeX.

See the inputenc package documentation for explanation.
Type  H <return>  for immediate help.
 ...                                              
                                                  
l.5 \item \begin{theorem}[–§–æ—Ä–º—É–ª–∞
                                         –ì–∞—É—Å—Å–∞ - –û—Å—Ç—Ä–æ–≥—Ä–∞–¥—Å...

You may provide a definition with
\DeclareUnicodeCharacter 


! Package inputenc Error: Unicode character –ì (U+0413)
(inputenc)                not set up for use with LaTeX.

See the inputenc package documentation for explanation.
Type  H <return>  for immediate help.
 ...                                              
                                                  
l.5 \item \begin{theorem}[–§–æ—Ä–º—É–ª–∞ –ì
                                           –∞—É—Å—Å–∞ - –û—Å—Ç—Ä–æ–≥—Ä–∞–¥—Å...

You may provide a definition with
\DeclareUnicodeCharacter 


! Package inputenc Error: Unicode character –∞ (U+0430)
(inputenc)                not set up for use with LaTeX.

See the inputenc package documentation for explanation.
Type  H <return>  for immediate help.
 ...                                              
                                                  
l.5 \item \begin{theorem}[–§–æ—Ä–º—É–ª–∞ –ì–∞
                                             —É—Å—Å–∞ - –û—Å—Ç—Ä–æ–≥—Ä–∞–¥—Å...

You may provide a definition with
\DeclareUnicodeCharacter 


! Package inputenc Error: Unicode character —É (U+0443)
(inputenc)                not set up for use with LaTeX.

See the inputenc package documentation for explanation.
Type  H <return>  for immediate help.
 ...                                              
                                                  
l.5 \item \begin{theorem}[–§–æ—Ä–º—É–ª–∞ –ì–∞—É
                                               —Å—Å–∞ - –û—Å—Ç—Ä–æ–≥—Ä–∞–¥—Å...

You may provide a definition with
\DeclareUnicodeCharacter 


! Package inputenc Error: Unicode character —Å (U+0441)
(inputenc)                not set up for use with LaTeX.

See the inputenc package documentation for explanation.
Type  H <return>  for immediate help.
 ...                                              
                                                  
l.5 \item \begin{theorem}[–§–æ—Ä–º—É–ª–∞ –ì–∞—É—Å
                                                 —Å–∞ - –û—Å—Ç—Ä–æ–≥—Ä–∞–¥—Å...

You may provide a definition with
\DeclareUnicodeCharacter 


! Package inputenc Error: Unicode character —Å (U+0441)
(inputenc)                not set up for use with LaTeX.

See the inputenc package documentation for explanation.
Type  H <return>  for immediate help.
 ...                                              
                                                  
l.5 ...m \begin{theorem}[–§–æ—Ä–º—É–ª–∞ –ì–∞—É—Å—Å
                                                  –∞ - –û—Å—Ç—Ä–æ–≥—Ä–∞–¥—Å–...

You may provide a definition with
\DeclareUnicodeCharacter 


! Package inputenc Error: Unicode character –∞ (U+0430)
(inputenc)                not set up for use with LaTeX.

See the inputenc package documentation for explanation.
Type  H <return>  for immediate help.
 ...                                              
                                                  
l.5 ...\begin{theorem}[–§–æ—Ä–º—É–ª–∞ –ì–∞—É—Å—Å–∞
                                                   - –û—Å—Ç—Ä–æ–≥—Ä–∞–¥—Å–∫–...

You may provide a definition with
\DeclareUnicodeCharacter 

Missing character: There is no - in font nullfont!

! Package inputenc Error: Unicode character –û (U+041E)
(inputenc)                not set up for use with LaTeX.

See the inputenc package documentation for explanation.
Type  H <return>  for immediate help.
 ...                                              
                                                  
l.5 ...n{theorem}[–§–æ—Ä–º—É–ª–∞ –ì–∞—É—Å—Å–∞ - –û
                                                  —Å—Ç—Ä–æ–≥—Ä–∞–¥—Å–∫–æ–≥–æ.]
You may provide a definition with
\DeclareUnicodeCharacter 


! Package inputenc Error: Unicode character —Å (U+0441)
(inputenc)                not set up for use with LaTeX.

See the inputenc package documentation for explanation.
Type  H <return>  for immediate help.
 ...                                              
                                                  
l.5 ...theorem}[–§–æ—Ä–º—É–ª–∞ –ì–∞—É—Å—Å–∞ - –û—Å
                                                  —Ç—Ä–æ–≥—Ä–∞–¥—Å–∫–æ–≥–æ.]
You may provide a definition with
\DeclareUnicodeCharacter 


! Package inputenc Error: Unicode character —Ç (U+0442)
(inputenc)                not set up for use with LaTeX.

See the inputenc package documentation for explanation.
Type  H <return>  for immediate help.
 ...                                              
                                                  
l.5 ...eorem}[–§–æ—Ä–º—É–ª–∞ –ì–∞—É—Å—Å–∞ - –û—Å—Ç
                                                  —Ä–æ–≥—Ä–∞–¥—Å–∫–æ–≥–æ.]
You may provide a definition with
\DeclareUnicodeCharacter 


! Package inputenc Error: Unicode character —Ä (U+0440)
(inputenc)                not set up for use with LaTeX.

See the inputenc package documentation for explanation.
Type  H <return>  for immediate help.
 ...                                              
                                                  
l.5 ...rem}[–§–æ—Ä–º—É–ª–∞ –ì–∞—É—Å—Å–∞ - –û—Å—Ç—Ä
                                                  –æ–≥—Ä–∞–¥—Å–∫–æ–≥–æ.]
You may provide a definition with
\DeclareUnicodeCharacter 


! Package inputenc Error: Unicode character –æ (U+043E)
(inputenc)                not set up for use with LaTeX.

See the inputenc package documentation for explanation.
Type  H <return>  for immediate help.
 ...                                              
                                                  
l.5 ...m}[–§–æ—Ä–º—É–ª–∞ –ì–∞—É—Å—Å–∞ - –û—Å—Ç—Ä–æ
                                                  –≥—Ä–∞–¥—Å–∫–æ–≥–æ.]
You may provide a definition with
\DeclareUnicodeCharacter 


! Package inputenc Error: Unicode character –≥ (U+0433)
(inputenc)                not set up for use with LaTeX.

See the inputenc package documentation for explanation.
Type  H <return>  for immediate help.
 ...                                              
                                                  
l.5 ...[–§–æ—Ä–º—É–ª–∞ –ì–∞—É—Å—Å–∞ - –û—Å—Ç—Ä–æ–≥
                                                  —Ä–∞–¥—Å–∫–æ–≥–æ.]
You may provide a definition with
\DeclareUnicodeCharacter 


! Package inputenc Error: Unicode character —Ä (U+0440)
(inputenc)                not set up for use with LaTeX.

See the inputenc package documentation for explanation.
Type  H <return>  for immediate help.
 ...                                              
                                                  
l.5 ...§–æ—Ä–º—É–ª–∞ –ì–∞—É—Å—Å–∞ - –û—Å—Ç—Ä–æ–≥—Ä
                                                  –∞–¥—Å–∫–æ–≥–æ.]
You may provide a definition with
\DeclareUnicodeCharacter 


! Package inputenc Error: Unicode character –∞ (U+0430)
(inputenc)                not set up for use with LaTeX.

See the inputenc package documentation for explanation.
Type  H <return>  for immediate help.
 ...                                              
                                                  
l.5 ...æ—Ä–º—É–ª–∞ –ì–∞—É—Å—Å–∞ - –û—Å—Ç—Ä–æ–≥—Ä–∞
                                                  –¥—Å–∫–æ–≥–æ.]
You may provide a definition with
\DeclareUnicodeCharacter 


! Package inputenc Error: Unicode character –¥ (U+0434)
(inputenc)                not set up for use with LaTeX.

See the inputenc package documentation for explanation.
Type  H <return>  for immediate help.
 ...                                              
                                                  
l.5 ...Ä–º—É–ª–∞ –ì–∞—É—Å—Å–∞ - –û—Å—Ç—Ä–æ–≥—Ä–∞–¥
                                                  —Å–∫–æ–≥–æ.]
You may provide a definition with
\DeclareUnicodeCharacter 


! Package inputenc Error: Unicode character —Å (U+0441)
(inputenc)                not set up for use with LaTeX.

See the inputenc package documentation for explanation.
Type  H <return>  for immediate help.
 ...                                              
                                                  
l.5 ...º—É–ª–∞ –ì–∞—É—Å—Å–∞ - –û—Å—Ç—Ä–æ–≥—Ä–∞–¥—Å
                                                  –∫–æ–≥–æ.]
You may provide a definition with
\DeclareUnicodeCharacter 


! Package inputenc Error: Unicode character –∫ (U+043A)
(inputenc)                not set up for use with LaTeX.

See the inputenc package documentation for explanation.
Type  H <return>  for immediate help.
 ...                                              
                                                  
l.5 ...É–ª–∞ –ì–∞—É—Å—Å–∞ - –û—Å—Ç—Ä–æ–≥—Ä–∞–¥—Å–∫
                                                  –æ–≥–æ.]
You may provide a definition with
\DeclareUnicodeCharacter 


! Package inputenc Error: Unicode character –æ (U+043E)
(inputenc)                not set up for use with LaTeX.

See the inputenc package documentation for explanation.
Type  H <return>  for immediate help.
 ...                                              
                                                  
l.5 ...ª–∞ –ì–∞—É—Å—Å–∞ - –û—Å—Ç—Ä–æ–≥—Ä–∞–¥—Å–∫–æ
                                                  –≥–æ.]
You may provide a definition with
\DeclareUnicodeCharacter 


! Package inputenc Error: Unicode character –≥ (U+0433)
(inputenc)                not set up for use with LaTeX.

See the inputenc package documentation for explanation.
Type  H <return>  for immediate help.
 ...                                              
                                                  
l.5 ...∞ –ì–∞—É—Å—Å–∞ - –û—Å—Ç—Ä–æ–≥—Ä–∞–¥—Å–∫–æ–≥
                                                  –æ.]
You may provide a definition with
\DeclareUnicodeCharacter 


! Package inputenc Error: Unicode character –æ (U+043E)
(inputenc)                not set up for use with LaTeX.

See the inputenc package documentation for explanation.
Type  H <return>  for immediate help.
 ...                                              
                                                  
l.5 ...–ì–∞—É—Å—Å–∞ - –û—Å—Ç—Ä–æ–≥—Ä–∞–¥—Å–∫–æ–≥–æ
                                                  .]
You may provide a definition with
\DeclareUnicodeCharacter 

Missing character: There is no . in font nullfont!
Missing character: There is no ] in font nullfont!
LaTeX Font Info:    External font `cmex10' loaded for size
(Font)              <7> on input line 7.
LaTeX Font Info:    External font `cmex10' loaded for size
(Font)              <5> on input line 7.
! Undefined control sequence.
l.7 $ \underset
               {\Omega}{\int\int} \dfrac{\partial \omega}{\partial x_i}d\bar...
The control sequence at the end of the top line
of your error message was never \def'ed. If you have
misspelled it (e.g., `\hobx'), type `I' and the correct
spelling (e.g., `I\hbox'). Otherwise just continue,
and I'll forget about whatever was undefined.

! Undefined control sequence.
l.7 $ \underset{\Omega}{\int\int} \dfrac
                                        {\partial \omega}{\partial x_i}d\bar...
The control sequence at the end of the top line
of your error message was never \def'ed. If you have
misspelled it (e.g., `\hobx'), type `I' and the correct
spelling (e.g., `I\hbox'). Otherwise just continue,
and I'll forget about whatever was undefined.


Overfull \hbox (71.05487pt too wide) in paragraph at lines 7--8
[]$\OT1/cmr/m/n/10 
[][][]\OML/cmm/m/it/10 d[] \OT1/cmr/m/n/10 =
 []


Overfull \hbox (41.49097pt too wide) in paragraph at lines 7--8
[] \OML/cmm/m/it/10 !n[]d:$ 
 []

! Undefined control sequence.
l.9 \includegraphics
                    [scale = 0.4]{omega}
The control sequence at the end of the top line
of your error message was never \def'ed. If you have
misspelled it (e.g., `\hobx'), type `I' and the correct
spelling (e.g., `I\hbox'). Otherwise just continue,
and I'll forget about whatever was undefined.

Missing character: There is no [ in font nullfont!
Missing character: There is no s in font nullfont!
Missing character: There is no c in font nullfont!
Missing character: There is no a in font nullfont!
Missing character: There is no l in font nullfont!
Missing character: There is no e in font nullfont!
Missing character: There is no = in font nullfont!
Missing character: There is no 0 in font nullfont!
Missing character: There is no . in font nullfont!
Missing character: There is no 4 in font nullfont!
Missing character: There is no ] in font nullfont!
Missing character: There is no o in font nullfont!
Missing character: There is no m in font nullfont!
Missing character: There is no e in font nullfont!
Missing character: There is no g in font nullfont!
Missing character: There is no a in font nullfont!

! LaTeX Error: \begin{enumerate} on input line 4 ended by \end{theorem}.

See the LaTeX manual or LaTeX Companion for explanation.
Type  H <return>  for immediate help.
 ...                                              
                                                  
l.11 \end{theorem}
                  
Your command was ignored.
Type  I <command> <return>  to replace it with another command,
or  <return>  to continue without it.

)
! Emergency stop.
<*> ./15.tex
            
*** (job aborted, no legal \end found)

 
Here is how much of TeX's memory you used:
 40 strings out of 479334
 537 string characters out of 2857559
 282611 words of memory out of 3000000
 17595 multiletter control sequences out of 15000+200000
 403430 words of font info for 27 fonts, out of 3000000 for 9000
 1141 hyphenation exceptions out of 8191
 18i,2n,15p,157b,133s stack positions out of 5000i,500n,10000p,200000b,50000s
!  ==> Fatal error occurred, no output PDF file produced!
