This is pdfTeX, Version 3.141592653-2.6-1.40.22 (MiKTeX 21.2) (preloaded format=pdflatex 2021.4.30)  23 MAY 2021 21:20
entering extended mode
**./linreg2.tex
(linreg2.tex
LaTeX2e <2020-10-01> patch level 4
L3 programming layer <2021-02-18> xparse <2020-03-03>
! Undefined control sequence.
l.1 \chapter
            {–õ–∏–Ω–µ–π–Ω–∞—è —Ä–µ–≥—Ä–µ—Å—Å–∏—è. –ü—Ä–æ–¥–æ–ª–∂–µ–Ω–∏–µ.}\l...
The control sequence at the end of the top line
of your error message was never \def'ed. If you have
misspelled it (e.g., `\hobx'), type `I' and the correct
spelling (e.g., `I\hbox'). Otherwise just continue,
and I'll forget about whatever was undefined.


! Package inputenc Error: Unicode character –õ (U+041B)
(inputenc)                not set up for use with LaTeX.

See the inputenc package documentation for explanation.
Type  H <return>  for immediate help.
 ...                                              
                                                  
l.1 \chapter{–õ
               –∏–Ω–µ–π–Ω–∞—è —Ä–µ–≥—Ä–µ—Å—Å–∏—è. –ü—Ä–æ–¥–æ–ª–∂–µ–Ω–∏–µ.}\l...

You may provide a definition with
\DeclareUnicodeCharacter 


! Package inputenc Error: Unicode character –∏ (U+0438)
(inputenc)                not set up for use with LaTeX.

See the inputenc package documentation for explanation.
Type  H <return>  for immediate help.
 ...                                              
                                                  
l.1 \chapter{–õ–∏
                 –Ω–µ–π–Ω–∞—è —Ä–µ–≥—Ä–µ—Å—Å–∏—è. –ü—Ä–æ–¥–æ–ª–∂–µ–Ω–∏–µ.}\l...

You may provide a definition with
\DeclareUnicodeCharacter 


! Package inputenc Error: Unicode character –Ω (U+043D)
(inputenc)                not set up for use with LaTeX.

See the inputenc package documentation for explanation.
Type  H <return>  for immediate help.
 ...                                              
                                                  
l.1 \chapter{–õ–∏–Ω
                   –µ–π–Ω–∞—è —Ä–µ–≥—Ä–µ—Å—Å–∏—è. –ü—Ä–æ–¥–æ–ª–∂–µ–Ω–∏–µ.}\l...

You may provide a definition with
\DeclareUnicodeCharacter 


! Package inputenc Error: Unicode character –µ (U+0435)
(inputenc)                not set up for use with LaTeX.

See the inputenc package documentation for explanation.
Type  H <return>  for immediate help.
 ...                                              
                                                  
l.1 \chapter{–õ–∏–Ω–µ
                     –π–Ω–∞—è —Ä–µ–≥—Ä–µ—Å—Å–∏—è. –ü—Ä–æ–¥–æ–ª–∂–µ–Ω–∏–µ.}\l...

You may provide a definition with
\DeclareUnicodeCharacter 


! Package inputenc Error: Unicode character –π (U+0439)
(inputenc)                not set up for use with LaTeX.

See the inputenc package documentation for explanation.
Type  H <return>  for immediate help.
 ...                                              
                                                  
l.1 \chapter{–õ–∏–Ω–µ–π
                       –Ω–∞—è —Ä–µ–≥—Ä–µ—Å—Å–∏—è. –ü—Ä–æ–¥–æ–ª–∂–µ–Ω–∏–µ.}\l...

You may provide a definition with
\DeclareUnicodeCharacter 


! Package inputenc Error: Unicode character –Ω (U+043D)
(inputenc)                not set up for use with LaTeX.

See the inputenc package documentation for explanation.
Type  H <return>  for immediate help.
 ...                                              
                                                  
l.1 \chapter{–õ–∏–Ω–µ–π–Ω
                         –∞—è —Ä–µ–≥—Ä–µ—Å—Å–∏—è. –ü—Ä–æ–¥–æ–ª–∂–µ–Ω–∏–µ.}\l...

You may provide a definition with
\DeclareUnicodeCharacter 


! Package inputenc Error: Unicode character –∞ (U+0430)
(inputenc)                not set up for use with LaTeX.

See the inputenc package documentation for explanation.
Type  H <return>  for immediate help.
 ...                                              
                                                  
l.1 \chapter{–õ–∏–Ω–µ–π–Ω–∞
                           —è —Ä–µ–≥—Ä–µ—Å—Å–∏—è. –ü—Ä–æ–¥–æ–ª–∂–µ–Ω–∏–µ.}\l...

You may provide a definition with
\DeclareUnicodeCharacter 


! Package inputenc Error: Unicode character —è (U+044F)
(inputenc)                not set up for use with LaTeX.

See the inputenc package documentation for explanation.
Type  H <return>  for immediate help.
 ...                                              
                                                  
l.1 \chapter{–õ–∏–Ω–µ–π–Ω–∞—è
                              —Ä–µ–≥—Ä–µ—Å—Å–∏—è. –ü—Ä–æ–¥–æ–ª–∂–µ–Ω–∏–µ.}\l...

You may provide a definition with
\DeclareUnicodeCharacter 


! Package inputenc Error: Unicode character —Ä (U+0440)
(inputenc)                not set up for use with LaTeX.

See the inputenc package documentation for explanation.
Type  H <return>  for immediate help.
 ...                                              
                                                  
l.1 \chapter{–õ–∏–Ω–µ–π–Ω–∞—è —Ä
                                –µ–≥—Ä–µ—Å—Å–∏—è. –ü—Ä–æ–¥–æ–ª–∂–µ–Ω–∏–µ.}\l...

You may provide a definition with
\DeclareUnicodeCharacter 


! Package inputenc Error: Unicode character –µ (U+0435)
(inputenc)                not set up for use with LaTeX.

See the inputenc package documentation for explanation.
Type  H <return>  for immediate help.
 ...                                              
                                                  
l.1 \chapter{–õ–∏–Ω–µ–π–Ω–∞—è —Ä–µ
                                  –≥—Ä–µ—Å—Å–∏—è. –ü—Ä–æ–¥–æ–ª–∂–µ–Ω–∏–µ.}\l...

You may provide a definition with
\DeclareUnicodeCharacter 


! Package inputenc Error: Unicode character –≥ (U+0433)
(inputenc)                not set up for use with LaTeX.

See the inputenc package documentation for explanation.
Type  H <return>  for immediate help.
 ...                                              
                                                  
l.1 \chapter{–õ–∏–Ω–µ–π–Ω–∞—è —Ä–µ–≥
                                    —Ä–µ—Å—Å–∏—è. –ü—Ä–æ–¥–æ–ª–∂–µ–Ω–∏–µ.}\l...

You may provide a definition with
\DeclareUnicodeCharacter 


! Package inputenc Error: Unicode character —Ä (U+0440)
(inputenc)                not set up for use with LaTeX.

See the inputenc package documentation for explanation.
Type  H <return>  for immediate help.
 ...                                              
                                                  
l.1 \chapter{–õ–∏–Ω–µ–π–Ω–∞—è —Ä–µ–≥—Ä
                                      –µ—Å—Å–∏—è. –ü—Ä–æ–¥–æ–ª–∂–µ–Ω–∏–µ.}\l...

You may provide a definition with
\DeclareUnicodeCharacter 


! Package inputenc Error: Unicode character –µ (U+0435)
(inputenc)                not set up for use with LaTeX.

See the inputenc package documentation for explanation.
Type  H <return>  for immediate help.
 ...                                              
                                                  
l.1 \chapter{–õ–∏–Ω–µ–π–Ω–∞—è —Ä–µ–≥—Ä–µ
                                        —Å—Å–∏—è. –ü—Ä–æ–¥–æ–ª–∂–µ–Ω–∏–µ.}\l...

You may provide a definition with
\DeclareUnicodeCharacter 


! Package inputenc Error: Unicode character —Å (U+0441)
(inputenc)                not set up for use with LaTeX.

See the inputenc package documentation for explanation.
Type  H <return>  for immediate help.
 ...                                              
                                                  
l.1 \chapter{–õ–∏–Ω–µ–π–Ω–∞—è —Ä–µ–≥—Ä–µ—Å
                                          —Å–∏—è. –ü—Ä–æ–¥–æ–ª–∂–µ–Ω–∏–µ.}\l...

You may provide a definition with
\DeclareUnicodeCharacter 


! Package inputenc Error: Unicode character —Å (U+0441)
(inputenc)                not set up for use with LaTeX.

See the inputenc package documentation for explanation.
Type  H <return>  for immediate help.
 ...                                              
                                                  
l.1 \chapter{–õ–∏–Ω–µ–π–Ω–∞—è —Ä–µ–≥—Ä–µ—Å—Å
                                            –∏—è. –ü—Ä–æ–¥–æ–ª–∂–µ–Ω–∏–µ.}\l...

You may provide a definition with
\DeclareUnicodeCharacter 


! Package inputenc Error: Unicode character –∏ (U+0438)
(inputenc)                not set up for use with LaTeX.

See the inputenc package documentation for explanation.
Type  H <return>  for immediate help.
 ...                                              
                                                  
l.1 \chapter{–õ–∏–Ω–µ–π–Ω–∞—è —Ä–µ–≥—Ä–µ—Å—Å–∏
                                              —è. –ü—Ä–æ–¥–æ–ª–∂–µ–Ω–∏–µ.}\l...

You may provide a definition with
\DeclareUnicodeCharacter 


! Package inputenc Error: Unicode character —è (U+044F)
(inputenc)                not set up for use with LaTeX.

See the inputenc package documentation for explanation.
Type  H <return>  for immediate help.
 ...                                              
                                                  
l.1 \chapter{–õ–∏–Ω–µ–π–Ω–∞—è —Ä–µ–≥—Ä–µ—Å—Å–∏—è
                                                . –ü—Ä–æ–¥–æ–ª–∂–µ–Ω–∏–µ.}\l...

You may provide a definition with
\DeclareUnicodeCharacter 


! LaTeX Error: Missing \begin{document}.

See the LaTeX manual or LaTeX Companion for explanation.
Type  H <return>  for immediate help.
 ...                                              
                                                  
l.1 \chapter{–õ–∏–Ω–µ–π–Ω–∞—è —Ä–µ–≥—Ä–µ—Å—Å–∏—è.
                                                  –ü—Ä–æ–¥–æ–ª–∂–µ–Ω–∏–µ.}\l...

You're in trouble here.  Try typing  <return>  to proceed.
If that doesn't work, type  X <return>  to quit.

Missing character: There is no . in font nullfont!

! Package inputenc Error: Unicode character –ü (U+041F)
(inputenc)                not set up for use with LaTeX.

See the inputenc package documentation for explanation.
Type  H <return>  for immediate help.
 ...                                              
                                                  
l.1 ...ter{–õ–∏–Ω–µ–π–Ω–∞—è —Ä–µ–≥—Ä–µ—Å—Å–∏—è. –ü
                                                  —Ä–æ–¥–æ–ª–∂–µ–Ω–∏–µ.}\lab...

You may provide a definition with
\DeclareUnicodeCharacter 


! Package inputenc Error: Unicode character —Ä (U+0440)
(inputenc)                not set up for use with LaTeX.

See the inputenc package documentation for explanation.
Type  H <return>  for immediate help.
 ...                                              
                                                  
l.1 ...r{–õ–∏–Ω–µ–π–Ω–∞—è —Ä–µ–≥—Ä–µ—Å—Å–∏—è. –ü—Ä
                                                  –æ–¥–æ–ª–∂–µ–Ω–∏–µ.}\label...

You may provide a definition with
\DeclareUnicodeCharacter 


! Package inputenc Error: Unicode character –æ (U+043E)
(inputenc)                not set up for use with LaTeX.

See the inputenc package documentation for explanation.
Type  H <return>  for immediate help.
 ...                                              
                                                  
l.1 ...–õ–∏–Ω–µ–π–Ω–∞—è —Ä–µ–≥—Ä–µ—Å—Å–∏—è. –ü—Ä–æ
                                                  –¥–æ–ª–∂–µ–Ω–∏–µ.}\label{c...

You may provide a definition with
\DeclareUnicodeCharacter 


! Package inputenc Error: Unicode character –¥ (U+0434)
(inputenc)                not set up for use with LaTeX.

See the inputenc package documentation for explanation.
Type  H <return>  for immediate help.
 ...                                              
                                                  
l.1 ...–∏–Ω–µ–π–Ω–∞—è —Ä–µ–≥—Ä–µ—Å—Å–∏—è. –ü—Ä–æ–¥
                                                  –æ–ª–∂–µ–Ω–∏–µ.}\label{cha...

You may provide a definition with
\DeclareUnicodeCharacter 


! Package inputenc Error: Unicode character –æ (U+043E)
(inputenc)                not set up for use with LaTeX.

See the inputenc package documentation for explanation.
Type  H <return>  for immediate help.
 ...                                              
                                                  
l.1 ...–Ω–µ–π–Ω–∞—è —Ä–µ–≥—Ä–µ—Å—Å–∏—è. –ü—Ä–æ–¥–æ
                                                  –ª–∂–µ–Ω–∏–µ.}\label{cha:l...

You may provide a definition with
\DeclareUnicodeCharacter 


! Package inputenc Error: Unicode character –ª (U+043B)
(inputenc)                not set up for use with LaTeX.

See the inputenc package documentation for explanation.
Type  H <return>  for immediate help.
 ...                                              
                                                  
l.1 ...–µ–π–Ω–∞—è —Ä–µ–≥—Ä–µ—Å—Å–∏—è. –ü—Ä–æ–¥–æ–ª
                                                  –∂–µ–Ω–∏–µ.}\label{cha:lin...

You may provide a definition with
\DeclareUnicodeCharacter 


! Package inputenc Error: Unicode character –∂ (U+0436)
(inputenc)                not set up for use with LaTeX.

See the inputenc package documentation for explanation.
Type  H <return>  for immediate help.
 ...                                              
                                                  
l.1 ...–π–Ω–∞—è —Ä–µ–≥—Ä–µ—Å—Å–∏—è. –ü—Ä–æ–¥–æ–ª–∂
                                                  –µ–Ω–∏–µ.}\label{cha:linreg2}

You may provide a definition with
\DeclareUnicodeCharacter 


! Package inputenc Error: Unicode character –µ (U+0435)
(inputenc)                not set up for use with LaTeX.

See the inputenc package documentation for explanation.
Type  H <return>  for immediate help.
 ...                                              
                                                  
l.1 ...–Ω–∞—è —Ä–µ–≥—Ä–µ—Å—Å–∏—è. –ü—Ä–æ–¥–æ–ª–∂–µ
                                                  –Ω–∏–µ.}\label{cha:linreg2}
You may provide a definition with
\DeclareUnicodeCharacter 


! Package inputenc Error: Unicode character –Ω (U+043D)
(inputenc)                not set up for use with LaTeX.

See the inputenc package documentation for explanation.
Type  H <return>  for immediate help.
 ...                                              
                                                  
l.1 ...–∞—è —Ä–µ–≥—Ä–µ—Å—Å–∏—è. –ü—Ä–æ–¥–æ–ª–∂–µ–Ω
                                                  –∏–µ.}\label{cha:linreg2}
You may provide a definition with
\DeclareUnicodeCharacter 


! Package inputenc Error: Unicode character –∏ (U+0438)
(inputenc)                not set up for use with LaTeX.

See the inputenc package documentation for explanation.
Type  H <return>  for immediate help.
 ...                                              
                                                  
l.1 ...—è —Ä–µ–≥—Ä–µ—Å—Å–∏—è. –ü—Ä–æ–¥–æ–ª–∂–µ–Ω–∏
                                                  –µ.}\label{cha:linreg2}
You may provide a definition with
\DeclareUnicodeCharacter 


! Package inputenc Error: Unicode character –µ (U+0435)
(inputenc)                not set up for use with LaTeX.

See the inputenc package documentation for explanation.
Type  H <return>  for immediate help.
 ...                                              
                                                  
l.1 ... —Ä–µ–≥—Ä–µ—Å—Å–∏—è. –ü—Ä–æ–¥–æ–ª–∂–µ–Ω–∏–µ
                                                  .}\label{cha:linreg2}
You may provide a definition with
\DeclareUnicodeCharacter 

Missing character: There is no . in font nullfont!

Overfull \hbox (20.0pt too wide) in paragraph at lines 1--2
[]
 []

! Undefined control sequence.
l.3 \subsection
               {–ü—Ä–∏–º–µ—Ä}\label{cha:linreg/sec:basic/subsec:prob}
The control sequence at the end of the top line
of your error message was never \def'ed. If you have
misspelled it (e.g., `\hobx'), type `I' and the correct
spelling (e.g., `I\hbox'). Otherwise just continue,
and I'll forget about whatever was undefined.


! Package inputenc Error: Unicode character –ü (U+041F)
(inputenc)                not set up for use with LaTeX.

See the inputenc package documentation for explanation.
Type  H <return>  for immediate help.
 ...                                              
                                                  
l.3 \subsection{–ü
                  —Ä–∏–º–µ—Ä}\label{cha:linreg/sec:basic/subsec:prob}
You may provide a definition with
\DeclareUnicodeCharacter 


! Package inputenc Error: Unicode character —Ä (U+0440)
(inputenc)                not set up for use with LaTeX.

See the inputenc package documentation for explanation.
Type  H <return>  for immediate help.
 ...                                              
                                                  
l.3 \subsection{–ü—Ä
                    –∏–º–µ—Ä}\label{cha:linreg/sec:basic/subsec:prob}
You may provide a definition with
\DeclareUnicodeCharacter 


! Package inputenc Error: Unicode character –∏ (U+0438)
(inputenc)                not set up for use with LaTeX.

See the inputenc package documentation for explanation.
Type  H <return>  for immediate help.
 ...                                              
                                                  
l.3 \subsection{–ü—Ä–∏
                      –º–µ—Ä}\label{cha:linreg/sec:basic/subsec:prob}
You may provide a definition with
\DeclareUnicodeCharacter 


! Package inputenc Error: Unicode character –º (U+043C)
(inputenc)                not set up for use with LaTeX.

See the inputenc package documentation for explanation.
Type  H <return>  for immediate help.
 ...                                              
                                                  
l.3 \subsection{–ü—Ä–∏–º
                        –µ—Ä}\label{cha:linreg/sec:basic/subsec:prob}
You may provide a definition with
\DeclareUnicodeCharacter 


! Package inputenc Error: Unicode character –µ (U+0435)
(inputenc)                not set up for use with LaTeX.

See the inputenc package documentation for explanation.
Type  H <return>  for immediate help.
 ...                                              
                                                  
l.3 \subsection{–ü—Ä–∏–º–µ
                          —Ä}\label{cha:linreg/sec:basic/subsec:prob}
You may provide a definition with
\DeclareUnicodeCharacter 


! Package inputenc Error: Unicode character —Ä (U+0440)
(inputenc)                not set up for use with LaTeX.

See the inputenc package documentation for explanation.
Type  H <return>  for immediate help.
 ...                                              
                                                  
l.3 \subsection{–ü—Ä–∏–º–µ—Ä
                            }\label{cha:linreg/sec:basic/subsec:prob}
You may provide a definition with
\DeclareUnicodeCharacter 


! LaTeX Error: Environment problem undefined.

See the LaTeX manual or LaTeX Companion for explanation.
Type  H <return>  for immediate help.
 ...                                              
                                                  
l.5 \begin{problem}
                   
Your command was ignored.
Type  I <command> <return>  to replace it with another command,
or  <return>  to continue without it.


! Package inputenc Error: Unicode character –í (U+0412)
(inputenc)                not set up for use with LaTeX.

See the inputenc package documentation for explanation.
Type  H <return>  for immediate help.
 ...                                              
                                                  
l.6 	–í
        —Ñ–∞–π–ª–µ $ "House\_prices.csv"  $ –ø—Ä–µ–¥—Å—Ç–∞–≤–ª–µ–Ω—ã —Ö–∞—Ä–...

You may provide a definition with
\DeclareUnicodeCharacter 


! Package inputenc Error: Unicode character —Ñ (U+0444)
(inputenc)                not set up for use with LaTeX.

See the inputenc package documentation for explanation.
Type  H <return>  for immediate help.
 ...                                              
                                                  
l.6 	–í —Ñ
          –∞–π–ª–µ $ "House\_prices.csv"  $ –ø—Ä–µ–¥—Å—Ç–∞–≤–ª–µ–Ω—ã —Ö–∞—Ä–...

You may provide a definition with
\DeclareUnicodeCharacter 


! Package inputenc Error: Unicode character –∞ (U+0430)
(inputenc)                not set up for use with LaTeX.

See the inputenc package documentation for explanation.
Type  H <return>  for immediate help.
 ...                                              
                                                  
l.6 	–í —Ñ–∞
            –π–ª–µ $ "House\_prices.csv"  $ –ø—Ä–µ–¥—Å—Ç–∞–≤–ª–µ–Ω—ã —Ö–∞—Ä–...

You may provide a definition with
\DeclareUnicodeCharacter 


! Package inputenc Error: Unicode character –π (U+0439)
(inputenc)                not set up for use with LaTeX.

See the inputenc package documentation for explanation.
Type  H <return>  for immediate help.
 ...                                              
                                                  
l.6 	–í —Ñ–∞–π
              –ª–µ $ "House\_prices.csv"  $ –ø—Ä–µ–¥—Å—Ç–∞–≤–ª–µ–Ω—ã —Ö–∞—Ä–...

You may provide a definition with
\DeclareUnicodeCharacter 


! Package inputenc Error: Unicode character –ª (U+043B)
(inputenc)                not set up for use with LaTeX.

See the inputenc package documentation for explanation.
Type  H <return>  for immediate help.
 ...                                              
                                                  
l.6 	–í —Ñ–∞–π–ª
                –µ $ "House\_prices.csv"  $ –ø—Ä–µ–¥—Å—Ç–∞–≤–ª–µ–Ω—ã —Ö–∞—Ä–...

You may provide a definition with
\DeclareUnicodeCharacter 


! Package inputenc Error: Unicode character –µ (U+0435)
(inputenc)                not set up for use with LaTeX.

See the inputenc package documentation for explanation.
Type  H <return>  for immediate help.
 ...                                              
                                                  
l.6 	–í —Ñ–∞–π–ª–µ
                   $ "House\_prices.csv"  $ –ø—Ä–µ–¥—Å—Ç–∞–≤–ª–µ–Ω—ã —Ö–∞—Ä–...

You may provide a definition with
\DeclareUnicodeCharacter 


! LaTeX Error: Missing \begin{document}.

See the LaTeX manual or LaTeX Companion for explanation.
Type  H <return>  for immediate help.
 ...                                              
                                                  
l.6 	–í —Ñ–∞–π–ª–µ $
                     "House\_prices.csv"  $ –ø—Ä–µ–¥—Å—Ç–∞–≤–ª–µ–Ω—ã —Ö–∞—Ä–...

You're in trouble here.  Try typing  <return>  to proceed.
If that doesn't work, type  X <return>  to quit.

LaTeX Font Info:    External font `cmex10' loaded for size
(Font)              <7> on input line 6.
LaTeX Font Info:    External font `cmex10' loaded for size
(Font)              <5> on input line 6.

! Package inputenc Error: Unicode character –ø (U+043F)
(inputenc)                not set up for use with LaTeX.

See the inputenc package documentation for explanation.
Type  H <return>  for immediate help.
 ...                                              
                                                  
l.6 	–í —Ñ–∞–π–ª–µ $ "House\_prices.csv"  $ –ø
                                              —Ä–µ–¥—Å—Ç–∞–≤–ª–µ–Ω—ã —Ö–∞—Ä–...

You may provide a definition with
\DeclareUnicodeCharacter 


! Package inputenc Error: Unicode character —Ä (U+0440)
(inputenc)                not set up for use with LaTeX.

See the inputenc package documentation for explanation.
Type  H <return>  for immediate help.
 ...                                              
                                                  
l.6 	–í —Ñ–∞–π–ª–µ $ "House\_prices.csv"  $ –ø—Ä
                                                –µ–¥—Å—Ç–∞–≤–ª–µ–Ω—ã —Ö–∞—Ä–...

You may provide a definition with
\DeclareUnicodeCharacter 


! Package inputenc Error: Unicode character –µ (U+0435)
(inputenc)                not set up for use with LaTeX.

See the inputenc package documentation for explanation.
Type  H <return>  for immediate help.
 ...                                              
                                                  
l.6 	–í —Ñ–∞–π–ª–µ $ "House\_prices.csv"  $ –ø—Ä–µ
                                                  –¥—Å—Ç–∞–≤–ª–µ–Ω—ã —Ö–∞—Ä–...

You may provide a definition with
\DeclareUnicodeCharacter 


! Package inputenc Error: Unicode character –¥ (U+0434)
(inputenc)                not set up for use with LaTeX.

See the inputenc package documentation for explanation.
Type  H <return>  for immediate help.
 ...                                              
                                                  
l.6 ...Ñ–∞–π–ª–µ $ "House\_prices.csv"  $ –ø—Ä–µ–¥
                                                  —Å—Ç–∞–≤–ª–µ–Ω—ã —Ö–∞—Ä–∞–...

You may provide a definition with
\DeclareUnicodeCharacter 


! Package inputenc Error: Unicode character —Å (U+0441)
(inputenc)                not set up for use with LaTeX.

See the inputenc package documentation for explanation.
Type  H <return>  for immediate help.
 ...                                              
                                                  
l.6 ...∞–π–ª–µ $ "House\_prices.csv"  $ –ø—Ä–µ–¥—Å
                                                  —Ç–∞–≤–ª–µ–Ω—ã —Ö–∞—Ä–∞–∫—...

You may provide a definition with
\DeclareUnicodeCharacter 


! Package inputenc Error: Unicode character —Ç (U+0442)
(inputenc)                not set up for use with LaTeX.

See the inputenc package documentation for explanation.
Type  H <return>  for immediate help.
 ...                                              
                                                  
l.6 ...π–ª–µ $ "House\_prices.csv"  $ –ø—Ä–µ–¥—Å—Ç
                                                  –∞–≤–ª–µ–Ω—ã —Ö–∞—Ä–∞–∫—Ç–...

You may provide a definition with
\DeclareUnicodeCharacter 


! Package inputenc Error: Unicode character –∞ (U+0430)
(inputenc)                not set up for use with LaTeX.

See the inputenc package documentation for explanation.
Type  H <return>  for immediate help.
 ...                                              
                                                  
l.6 ...ª–µ $ "House\_prices.csv"  $ –ø—Ä–µ–¥—Å—Ç–∞
                                                  –≤–ª–µ–Ω—ã —Ö–∞—Ä–∞–∫—Ç–µ—...

You may provide a definition with
\DeclareUnicodeCharacter 


! Package inputenc Error: Unicode character –≤ (U+0432)
(inputenc)                not set up for use with LaTeX.

See the inputenc package documentation for explanation.
Type  H <return>  for immediate help.
 ...                                              
                                                  
l.6 ...µ $ "House\_prices.csv"  $ –ø—Ä–µ–¥—Å—Ç–∞–≤
                                                  –ª–µ–Ω—ã —Ö–∞—Ä–∞–∫—Ç–µ—Ä–...

You may provide a definition with
\DeclareUnicodeCharacter 


! Package inputenc Error: Unicode character –ª (U+043B)
(inputenc)                not set up for use with LaTeX.

See the inputenc package documentation for explanation.
Type  H <return>  for immediate help.
 ...                                              
                                                  
l.6 ...$ "House\_prices.csv"  $ –ø—Ä–µ–¥—Å—Ç–∞–≤–ª
                                                  –µ–Ω—ã —Ö–∞—Ä–∞–∫—Ç–µ—Ä–∏—...

You may provide a definition with
\DeclareUnicodeCharacter 


! Package inputenc Error: Unicode character –µ (U+0435)
(inputenc)                not set up for use with LaTeX.

See the inputenc package documentation for explanation.
Type  H <return>  for immediate help.
 ...                                              
                                                  
l.6 ..."House\_prices.csv"  $ –ø—Ä–µ–¥—Å—Ç–∞–≤–ª–µ
                                                  –Ω—ã —Ö–∞—Ä–∞–∫—Ç–µ—Ä–∏—Å—...

You may provide a definition with
\DeclareUnicodeCharacter 


! Package inputenc Error: Unicode character –Ω (U+043D)
(inputenc)                not set up for use with LaTeX.

See the inputenc package documentation for explanation.
Type  H <return>  for immediate help.
 ...                                              
                                                  
l.6 ...ouse\_prices.csv"  $ –ø—Ä–µ–¥—Å—Ç–∞–≤–ª–µ–Ω
                                                  —ã —Ö–∞—Ä–∞–∫—Ç–µ—Ä–∏—Å—Ç–...

You may provide a definition with
\DeclareUnicodeCharacter 


! Package inputenc Error: Unicode character —ã (U+044B)
(inputenc)                not set up for use with LaTeX.

See the inputenc package documentation for explanation.
Type  H <return>  for immediate help.
 ...                                              
                                                  
l.6 ...se\_prices.csv"  $ –ø—Ä–µ–¥—Å—Ç–∞–≤–ª–µ–Ω—ã
                                                   —Ö–∞—Ä–∞–∫—Ç–µ—Ä–∏—Å—Ç–∏–...

You may provide a definition with
\DeclareUnicodeCharacter 


! Package inputenc Error: Unicode character —Ö (U+0445)
(inputenc)                not set up for use with LaTeX.

See the inputenc package documentation for explanation.
Type  H <return>  for immediate help.
 ...                                              
                                                  
l.6 ..._prices.csv"  $ –ø—Ä–µ–¥—Å—Ç–∞–≤–ª–µ–Ω—ã —Ö
                                                  –∞—Ä–∞–∫—Ç–µ—Ä–∏—Å—Ç–∏–∫–∏...

You may provide a definition with
\DeclareUnicodeCharacter 


! Package inputenc Error: Unicode character –∞ (U+0430)
(inputenc)                not set up for use with LaTeX.

See the inputenc package documentation for explanation.
Type  H <return>  for immediate help.
 ...                                              
                                                  
l.6 ...rices.csv"  $ –ø—Ä–µ–¥—Å—Ç–∞–≤–ª–µ–Ω—ã —Ö–∞
                                                  —Ä–∞–∫—Ç–µ—Ä–∏—Å—Ç–∏–∫–∏ —...

You may provide a definition with
\DeclareUnicodeCharacter 


! Package inputenc Error: Unicode character —Ä (U+0440)
(inputenc)                not set up for use with LaTeX.

See the inputenc package documentation for explanation.
Type  H <return>  for immediate help.
 ...                                              
                                                  
l.6 ...ces.csv"  $ –ø—Ä–µ–¥—Å—Ç–∞–≤–ª–µ–Ω—ã —Ö–∞—Ä
                                                  –∞–∫—Ç–µ—Ä–∏—Å—Ç–∏–∫–∏ —Ä–...

You may provide a definition with
\DeclareUnicodeCharacter 


! Package inputenc Error: Unicode character –∞ (U+0430)
(inputenc)                not set up for use with LaTeX.

See the inputenc package documentation for explanation.
Type  H <return>  for immediate help.
 ...                                              
                                                  
l.6 ...s.csv"  $ –ø—Ä–µ–¥—Å—Ç–∞–≤–ª–µ–Ω—ã —Ö–∞—Ä–∞
                                                  –∫—Ç–µ—Ä–∏—Å—Ç–∏–∫–∏ —Ä–∞–...

You may provide a definition with
\DeclareUnicodeCharacter 


! Package inputenc Error: Unicode character –∫ (U+043A)
(inputenc)                not set up for use with LaTeX.

See the inputenc package documentation for explanation.
Type  H <return>  for immediate help.
 ...                                              
                                                  
l.6 ...csv"  $ –ø—Ä–µ–¥—Å—Ç–∞–≤–ª–µ–Ω—ã —Ö–∞—Ä–∞–∫
                                                  —Ç–µ—Ä–∏—Å—Ç–∏–∫–∏ —Ä–∞–∑–...

You may provide a definition with
\DeclareUnicodeCharacter 


! Package inputenc Error: Unicode character —Ç (U+0442)
(inputenc)                not set up for use with LaTeX.

See the inputenc package documentation for explanation.
Type  H <return>  for immediate help.
 ...                                              
                                                  
l.6 ...v"  $ –ø—Ä–µ–¥—Å—Ç–∞–≤–ª–µ–Ω—ã —Ö–∞—Ä–∞–∫—Ç
                                                  –µ—Ä–∏—Å—Ç–∏–∫–∏ —Ä–∞–∑–ª–...

You may provide a definition with
\DeclareUnicodeCharacter 


! Package inputenc Error: Unicode character –µ (U+0435)
(inputenc)                not set up for use with LaTeX.

See the inputenc package documentation for explanation.
Type  H <return>  for immediate help.
 ...                                              
                                                  
l.6 ...  $ –ø—Ä–µ–¥—Å—Ç–∞–≤–ª–µ–Ω—ã —Ö–∞—Ä–∞–∫—Ç–µ
                                                  —Ä–∏—Å—Ç–∏–∫–∏ —Ä–∞–∑–ª–∏—...

You may provide a definition with
\DeclareUnicodeCharacter 


! Package inputenc Error: Unicode character —Ä (U+0440)
(inputenc)                not set up for use with LaTeX.

See the inputenc package documentation for explanation.
Type  H <return>  for immediate help.
 ...                                              
                                                  
l.6 ...$ –ø—Ä–µ–¥—Å—Ç–∞–≤–ª–µ–Ω—ã —Ö–∞—Ä–∞–∫—Ç–µ—Ä
                                                  –∏—Å—Ç–∏–∫–∏ —Ä–∞–∑–ª–∏—á–...

You may provide a definition with
\DeclareUnicodeCharacter 


! Package inputenc Error: Unicode character –∏ (U+0438)
(inputenc)                not set up for use with LaTeX.

See the inputenc package documentation for explanation.
Type  H <return>  for immediate help.
 ...                                              
                                                  
l.6 ...–ø—Ä–µ–¥—Å—Ç–∞–≤–ª–µ–Ω—ã —Ö–∞—Ä–∞–∫—Ç–µ—Ä–∏
                                                  —Å—Ç–∏–∫–∏ —Ä–∞–∑–ª–∏—á–Ω—...

You may provide a definition with
\DeclareUnicodeCharacter 


! Package inputenc Error: Unicode character —Å (U+0441)
(inputenc)                not set up for use with LaTeX.

See the inputenc package documentation for explanation.
Type  H <return>  for immediate help.
 ...                                              
                                                  
l.6 ...—Ä–µ–¥—Å—Ç–∞–≤–ª–µ–Ω—ã —Ö–∞—Ä–∞–∫—Ç–µ—Ä–∏—Å
                                                  —Ç–∏–∫–∏ —Ä–∞–∑–ª–∏—á–Ω—ã—...

You may provide a definition with
\DeclareUnicodeCharacter 


! Package inputenc Error: Unicode character —Ç (U+0442)
(inputenc)                not set up for use with LaTeX.

See the inputenc package documentation for explanation.
Type  H <return>  for immediate help.
 ...                                              
                                                  
l.6 ...–µ–¥—Å—Ç–∞–≤–ª–µ–Ω—ã —Ö–∞—Ä–∞–∫—Ç–µ—Ä–∏—Å—Ç
                                                  –∏–∫–∏ —Ä–∞–∑–ª–∏—á–Ω—ã—Ö ...

You may provide a definition with
\DeclareUnicodeCharacter 


! Package inputenc Error: Unicode character –∏ (U+0438)
(inputenc)                not set up for use with LaTeX.

See the inputenc package documentation for explanation.
Type  H <return>  for immediate help.
 ...                                              
                                                  
l.6 ...–¥—Å—Ç–∞–≤–ª–µ–Ω—ã —Ö–∞—Ä–∞–∫—Ç–µ—Ä–∏—Å—Ç–∏
                                                  –∫–∏ —Ä–∞–∑–ª–∏—á–Ω—ã—Ö –¥...

You may provide a definition with
\DeclareUnicodeCharacter 


! Package inputenc Error: Unicode character –∫ (U+043A)
(inputenc)                not set up for use with LaTeX.

See the inputenc package documentation for explanation.
Type  H <return>  for immediate help.
 ...                                              
                                                  
l.6 ...—Å—Ç–∞–≤–ª–µ–Ω—ã —Ö–∞—Ä–∞–∫—Ç–µ—Ä–∏—Å—Ç–∏–∫
                                                  –∏ —Ä–∞–∑–ª–∏—á–Ω—ã—Ö –¥–æ...

You may provide a definition with
\DeclareUnicodeCharacter 


! Package inputenc Error: Unicode character –∏ (U+0438)
(inputenc)                not set up for use with LaTeX.

See the inputenc package documentation for explanation.
Type  H <return>  for immediate help.
 ...                                              
                                                  
l.6 ...—Ç–∞–≤–ª–µ–Ω—ã —Ö–∞—Ä–∞–∫—Ç–µ—Ä–∏—Å—Ç–∏–∫–∏
                                                   —Ä–∞–∑–ª–∏—á–Ω—ã—Ö –¥–æ–º...

You may provide a definition with
\DeclareUnicodeCharacter 


! Package inputenc Error: Unicode character —Ä (U+0440)
(inputenc)                not set up for use with LaTeX.

See the inputenc package documentation for explanation.
Type  H <return>  for immediate help.
 ...                                              
                                                  
l.6 ...∞–≤–ª–µ–Ω—ã —Ö–∞—Ä–∞–∫—Ç–µ—Ä–∏—Å—Ç–∏–∫–∏ —Ä
                                                  –∞–∑–ª–∏—á–Ω—ã—Ö –¥–æ–º–æ–...

You may provide a definition with
\DeclareUnicodeCharacter 


! Package inputenc Error: Unicode character –∞ (U+0430)
(inputenc)                not set up for use with LaTeX.

See the inputenc package documentation for explanation.
Type  H <return>  for immediate help.
 ...                                              
                                                  
l.6 ...≤–ª–µ–Ω—ã —Ö–∞—Ä–∞–∫—Ç–µ—Ä–∏—Å—Ç–∏–∫–∏ —Ä–∞
                                                  –∑–ª–∏—á–Ω—ã—Ö –¥–æ–º–æ–≤ ...

You may provide a definition with
\DeclareUnicodeCharacter 


! Package inputenc Error: Unicode character –∑ (U+0437)
(inputenc)                not set up for use with LaTeX.

See the inputenc package documentation for explanation.
Type  H <return>  for immediate help.
 ...                                              
                                                  
l.6 ...ª–µ–Ω—ã —Ö–∞—Ä–∞–∫—Ç–µ—Ä–∏—Å—Ç–∏–∫–∏ —Ä–∞–∑
                                                  –ª–∏—á–Ω—ã—Ö –¥–æ–º–æ–≤ (—...

You may provide a definition with
\DeclareUnicodeCharacter 


! Package inputenc Error: Unicode character –ª (U+043B)
(inputenc)                not set up for use with LaTeX.

See the inputenc package documentation for explanation.
Type  H <return>  for immediate help.
 ...                                              
                                                  
l.6 ...µ–Ω—ã —Ö–∞—Ä–∞–∫—Ç–µ—Ä–∏—Å—Ç–∏–∫–∏ —Ä–∞–∑–ª
                                                  –∏—á–Ω—ã—Ö –¥–æ–º–æ–≤ (—Å—...

You may provide a definition with
\DeclareUnicodeCharacter 


! Package inputenc Error: Unicode character –∏ (U+0438)
(inputenc)                not set up for use with LaTeX.

See the inputenc package documentation for explanation.
Type  H <return>  for immediate help.
 ...                                              
                                                  
l.6 ...Ω—ã —Ö–∞—Ä–∞–∫—Ç–µ—Ä–∏—Å—Ç–∏–∫–∏ —Ä–∞–∑–ª–∏
                                                  —á–Ω—ã—Ö –¥–æ–º–æ–≤ (—Å—Ç–...

You may provide a definition with
\DeclareUnicodeCharacter 


! Package inputenc Error: Unicode character —á (U+0447)
(inputenc)                not set up for use with LaTeX.

See the inputenc package documentation for explanation.
Type  H <return>  for immediate help.
 ...                                              
                                                  
l.6 ...ã —Ö–∞—Ä–∞–∫—Ç–µ—Ä–∏—Å—Ç–∏–∫–∏ —Ä–∞–∑–ª–∏—á
                                                  –Ω—ã—Ö –¥–æ–º–æ–≤ (—Å—Ç–æ–...

You may provide a definition with
\DeclareUnicodeCharacter 


! Package inputenc Error: Unicode character –Ω (U+043D)
(inputenc)                not set up for use with LaTeX.

See the inputenc package documentation for explanation.
Type  H <return>  for immediate help.
 ...                                              
                                                  
l.6 ...—Ö–∞—Ä–∞–∫—Ç–µ—Ä–∏—Å—Ç–∏–∫–∏ —Ä–∞–∑–ª–∏—á–Ω
                                                  —ã—Ö –¥–æ–º–æ–≤ (—Å—Ç–æ–∏–...

You may provide a definition with
\DeclareUnicodeCharacter 


! Package inputenc Error: Unicode character —ã (U+044B)
(inputenc)                not set up for use with LaTeX.

See the inputenc package documentation for explanation.
Type  H <return>  for immediate help.
 ...                                              
                                                  
l.6 ...–∞—Ä–∞–∫—Ç–µ—Ä–∏—Å—Ç–∏–∫–∏ —Ä–∞–∑–ª–∏—á–Ω—ã
                                                  —Ö –¥–æ–º–æ–≤ (—Å—Ç–æ–∏–º–...

You may provide a definition with
\DeclareUnicodeCharacter 


! Package inputenc Error: Unicode character —Ö (U+0445)
(inputenc)                not set up for use with LaTeX.

See the inputenc package documentation for explanation.
Type  H <return>  for immediate help.
 ...                                              
                                                  
l.6 ...—Ä–∞–∫—Ç–µ—Ä–∏—Å—Ç–∏–∫–∏ —Ä–∞–∑–ª–∏—á–Ω—ã—Ö
                                                   –¥–æ–º–æ–≤ (—Å—Ç–æ–∏–º–æ—...

You may provide a definition with
\DeclareUnicodeCharacter 


! Package inputenc Error: Unicode character –¥ (U+0434)
(inputenc)                not set up for use with LaTeX.

See the inputenc package documentation for explanation.
Type  H <return>  for immediate help.
 ...                                              
                                                  
l.6 ...∞–∫—Ç–µ—Ä–∏—Å—Ç–∏–∫–∏ —Ä–∞–∑–ª–∏—á–Ω—ã—Ö –¥
                                                  –æ–º–æ–≤ (—Å—Ç–æ–∏–º–æ—Å—Ç...

You may provide a definition with
\DeclareUnicodeCharacter 


! Package inputenc Error: Unicode character –æ (U+043E)
(inputenc)                not set up for use with LaTeX.

See the inputenc package documentation for explanation.
Type  H <return>  for immediate help.
 ...                                              
                                                  
l.6 ...∫—Ç–µ—Ä–∏—Å—Ç–∏–∫–∏ —Ä–∞–∑–ª–∏—á–Ω—ã—Ö –¥–æ
                                                  –º–æ–≤ (—Å—Ç–æ–∏–º–æ—Å—Ç—å...

You may provide a definition with
\DeclareUnicodeCharacter 


! Package inputenc Error: Unicode character –º (U+043C)
(inputenc)                not set up for use with LaTeX.

See the inputenc package documentation for explanation.
Type  H <return>  for immediate help.
 ...                                              
                                                  
l.6 ...Ç–µ—Ä–∏—Å—Ç–∏–∫–∏ —Ä–∞–∑–ª–∏—á–Ω—ã—Ö –¥–æ–º
                                                  –æ–≤ (—Å—Ç–æ–∏–º–æ—Å—Ç—å, ...

You may provide a definition with
\DeclareUnicodeCharacter 


! Package inputenc Error: Unicode character –æ (U+043E)
(inputenc)                not set up for use with LaTeX.

See the inputenc package documentation for explanation.
Type  H <return>  for immediate help.
 ...                                              
                                                  
l.6 ...µ—Ä–∏—Å—Ç–∏–∫–∏ —Ä–∞–∑–ª–∏—á–Ω—ã—Ö –¥–æ–º–æ
                                                  –≤ (—Å—Ç–æ–∏–º–æ—Å—Ç—å, –ø...

You may provide a definition with
\DeclareUnicodeCharacter 


! Package inputenc Error: Unicode character –≤ (U+0432)
(inputenc)                not set up for use with LaTeX.

See the inputenc package documentation for explanation.
Type  H <return>  for immediate help.
 ...                                              
                                                  
l.6 ...Ä–∏—Å—Ç–∏–∫–∏ —Ä–∞–∑–ª–∏—á–Ω—ã—Ö –¥–æ–º–æ–≤
                                                   (—Å—Ç–æ–∏–º–æ—Å—Ç—å, –ø–ª...

You may provide a definition with
\DeclareUnicodeCharacter 

Missing character: There is no ( in font nullfont!

! Package inputenc Error: Unicode character —Å (U+0441)
(inputenc)                not set up for use with LaTeX.

See the inputenc package documentation for explanation.
Type  H <return>  for immediate help.
 ...                                              
                                                  
l.6 ...Å—Ç–∏–∫–∏ —Ä–∞–∑–ª–∏—á–Ω—ã—Ö –¥–æ–º–æ–≤ (—Å
                                                  —Ç–æ–∏–º–æ—Å—Ç—å, –ø–ª–æ—â...

You may provide a definition with
\DeclareUnicodeCharacter 


! Package inputenc Error: Unicode character —Ç (U+0442)
(inputenc)                not set up for use with LaTeX.

See the inputenc package documentation for explanation.
Type  H <return>  for immediate help.
 ...                                              
                                                  
l.6 ...Ç–∏–∫–∏ —Ä–∞–∑–ª–∏—á–Ω—ã—Ö –¥–æ–º–æ–≤ (—Å—Ç
                                                  –æ–∏–º–æ—Å—Ç—å, –ø–ª–æ—â–∞...

You may provide a definition with
\DeclareUnicodeCharacter 


! Package inputenc Error: Unicode character –æ (U+043E)
(inputenc)                not set up for use with LaTeX.

See the inputenc package documentation for explanation.
Type  H <return>  for immediate help.
 ...                                              
                                                  
l.6 ...∏–∫–∏ —Ä–∞–∑–ª–∏—á–Ω—ã—Ö –¥–æ–º–æ–≤ (—Å—Ç–æ
                                                  –∏–º–æ—Å—Ç—å, –ø–ª–æ—â–∞–¥...

You may provide a definition with
\DeclareUnicodeCharacter 


! Package inputenc Error: Unicode character –∏ (U+0438)
(inputenc)                not set up for use with LaTeX.

See the inputenc package documentation for explanation.
Type  H <return>  for immediate help.
 ...                                              
                                                  
l.6 ...∫–∏ —Ä–∞–∑–ª–∏—á–Ω—ã—Ö –¥–æ–º–æ–≤ (—Å—Ç–æ–∏
                                                  –º–æ—Å—Ç—å, –ø–ª–æ—â–∞–¥—å...

You may provide a definition with
\DeclareUnicodeCharacter 


! Package inputenc Error: Unicode character –º (U+043C)
(inputenc)                not set up for use with LaTeX.

See the inputenc package documentation for explanation.
Type  H <return>  for immediate help.
 ...                                              
                                                  
l.6 ...∏ —Ä–∞–∑–ª–∏—á–Ω—ã—Ö –¥–æ–º–æ–≤ (—Å—Ç–æ–∏–º
                                                  –æ—Å—Ç—å, –ø–ª–æ—â–∞–¥—å, ...

You may provide a definition with
\DeclareUnicodeCharacter 


! Package inputenc Error: Unicode character –æ (U+043E)
(inputenc)                not set up for use with LaTeX.

See the inputenc package documentation for explanation.
Type  H <return>  for immediate help.
 ...                                              
                                                  
l.6 ...—Ä–∞–∑–ª–∏—á–Ω—ã—Ö –¥–æ–º–æ–≤ (—Å—Ç–æ–∏–º–æ
                                                  —Å—Ç—å, –ø–ª–æ—â–∞–¥—å, –∫...

You may provide a definition with
\DeclareUnicodeCharacter 


! Package inputenc Error: Unicode character —Å (U+0441)
(inputenc)                not set up for use with LaTeX.

See the inputenc package documentation for explanation.
Type  H <return>  for immediate help.
 ...                                              
                                                  
l.6 ...–∞–∑–ª–∏—á–Ω—ã—Ö –¥–æ–º–æ–≤ (—Å—Ç–æ–∏–º–æ—Å
                                                  —Ç—å, –ø–ª–æ—â–∞–¥—å, –∫–æ...

You may provide a definition with
\DeclareUnicodeCharacter 


! Package inputenc Error: Unicode character —Ç (U+0442)
(inputenc)                not set up for use with LaTeX.

See the inputenc package documentation for explanation.
Type  H <return>  for immediate help.
 ...                                              
                                                  
l.6 ...–∑–ª–∏—á–Ω—ã—Ö –¥–æ–º–æ–≤ (—Å—Ç–æ–∏–º–æ—Å—Ç
                                                  —å, –ø–ª–æ—â–∞–¥—å, –∫–æ–ª...

You may provide a definition with
\DeclareUnicodeCharacter 


! Package inputenc Error: Unicode character —å (U+044C)
(inputenc)                not set up for use with LaTeX.

See the inputenc package documentation for explanation.
Type  H <return>  for immediate help.
 ...                                              
                                                  
l.6 ...–ª–∏—á–Ω—ã—Ö –¥–æ–º–æ–≤ (—Å—Ç–æ–∏–º–æ—Å—Ç—å
                                                  , –ø–ª–æ—â–∞–¥—å, –∫–æ–ª–∏...

You may provide a definition with
\DeclareUnicodeCharacter 

Missing character: There is no , in font nullfont!

! Package inputenc Error: Unicode character –ø (U+043F)
(inputenc)                not set up for use with LaTeX.

See the inputenc package documentation for explanation.
Type  H <return>  for immediate help.
 ...                                              
                                                  
l.6 ...—á–Ω—ã—Ö –¥–æ–º–æ–≤ (—Å—Ç–æ–∏–º–æ—Å—Ç—å, –ø
                                                  –ª–æ—â–∞–¥—å, –∫–æ–ª–∏—á–µ...

You may provide a definition with
\DeclareUnicodeCharacter 


! Package inputenc Error: Unicode character –ª (U+043B)
(inputenc)                not set up for use with LaTeX.

See the inputenc package documentation for explanation.
Type  H <return>  for immediate help.
 ...                                              
                                                  
l.6 ...–Ω—ã—Ö –¥–æ–º–æ–≤ (—Å—Ç–æ–∏–º–æ—Å—Ç—å, –ø–ª
                                                  –æ—â–∞–¥—å, –∫–æ–ª–∏—á–µ—Å...

You may provide a definition with
\DeclareUnicodeCharacter 


! Package inputenc Error: Unicode character –æ (U+043E)
(inputenc)                not set up for use with LaTeX.

See the inputenc package documentation for explanation.
Type  H <return>  for immediate help.
 ...                                              
                                                  
l.6 ...—ã—Ö –¥–æ–º–æ–≤ (—Å—Ç–æ–∏–º–æ—Å—Ç—å, –ø–ª–æ
                                                  —â–∞–¥—å, –∫–æ–ª–∏—á–µ—Å—Ç...

You may provide a definition with
\DeclareUnicodeCharacter 


! Package inputenc Error: Unicode character —â (U+0449)
(inputenc)                not set up for use with LaTeX.

See the inputenc package documentation for explanation.
Type  H <return>  for immediate help.
 ...                                              
                                                  
l.6 ...—Ö –¥–æ–º–æ–≤ (—Å—Ç–æ–∏–º–æ—Å—Ç—å, –ø–ª–æ—â
                                                  –∞–¥—å, –∫–æ–ª–∏—á–µ—Å—Ç–≤...

You may provide a definition with
\DeclareUnicodeCharacter 


! Package inputenc Error: Unicode character –∞ (U+0430)
(inputenc)                not set up for use with LaTeX.

See the inputenc package documentation for explanation.
Type  H <return>  for immediate help.
 ...                                              
                                                  
l.6 ... –¥–æ–º–æ–≤ (—Å—Ç–æ–∏–º–æ—Å—Ç—å, –ø–ª–æ—â–∞
                                                  –¥—å, –∫–æ–ª–∏—á–µ—Å—Ç–≤–æ...

You may provide a definition with
\DeclareUnicodeCharacter 


! Package inputenc Error: Unicode character –¥ (U+0434)
(inputenc)                not set up for use with LaTeX.

See the inputenc package documentation for explanation.
Type  H <return>  for immediate help.
 ...                                              
                                                  
l.6 ...¥–æ–º–æ–≤ (—Å—Ç–æ–∏–º–æ—Å—Ç—å, –ø–ª–æ—â–∞–¥
                                                  —å, –∫–æ–ª–∏—á–µ—Å—Ç–≤–æ –...

You may provide a definition with
\DeclareUnicodeCharacter 


! Package inputenc Error: Unicode character —å (U+044C)
(inputenc)                not set up for use with LaTeX.

See the inputenc package documentation for explanation.
Type  H <return>  for immediate help.
 ...                                              
                                                  
l.6 ...æ–º–æ–≤ (—Å—Ç–æ–∏–º–æ—Å—Ç—å, –ø–ª–æ—â–∞–¥—å
                                                  , –∫–æ–ª–∏—á–µ—Å—Ç–≤–æ –∫–...

You may provide a definition with
\DeclareUnicodeCharacter 

Missing character: There is no , in font nullfont!

! Package inputenc Error: Unicode character –∫ (U+043A)
(inputenc)                not set up for use with LaTeX.

See the inputenc package documentation for explanation.
Type  H <return>  for immediate help.
 ...                                              
                                                  
l.6 ...æ–≤ (—Å—Ç–æ–∏–º–æ—Å—Ç—å, –ø–ª–æ—â–∞–¥—å, –∫
                                                  –æ–ª–∏—á–µ—Å—Ç–≤–æ –∫–æ–º–...

You may provide a definition with
\DeclareUnicodeCharacter 


! Package inputenc Error: Unicode character –æ (U+043E)
(inputenc)                not set up for use with LaTeX.

See the inputenc package documentation for explanation.
Type  H <return>  for immediate help.
 ...                                              
                                                  
l.6 ...≤ (—Å—Ç–æ–∏–º–æ—Å—Ç—å, –ø–ª–æ—â–∞–¥—å, –∫–æ
                                                  –ª–∏—á–µ—Å—Ç–≤–æ –∫–æ–º–Ω–...

You may provide a definition with
\DeclareUnicodeCharacter 


! Package inputenc Error: Unicode character –ª (U+043B)
(inputenc)                not set up for use with LaTeX.

See the inputenc package documentation for explanation.
Type  H <return>  for immediate help.
 ...                                              
                                                  
l.6 ...(—Å—Ç–æ–∏–º–æ—Å—Ç—å, –ø–ª–æ—â–∞–¥—å, –∫–æ–ª
                                                  –∏—á–µ—Å—Ç–≤–æ –∫–æ–º–Ω–∞—...

You may provide a definition with
\DeclareUnicodeCharacter 


! Package inputenc Error: Unicode character –∏ (U+0438)
(inputenc)                not set up for use with LaTeX.

See the inputenc package documentation for explanation.
Type  H <return>  for immediate help.
 ...                                              
                                                  
l.6 ...Å—Ç–æ–∏–º–æ—Å—Ç—å, –ø–ª–æ—â–∞–¥—å, –∫–æ–ª–∏
                                                  —á–µ—Å—Ç–≤–æ –∫–æ–º–Ω–∞—Ç,...

You may provide a definition with
\DeclareUnicodeCharacter 


! Package inputenc Error: Unicode character —á (U+0447)
(inputenc)                not set up for use with LaTeX.

See the inputenc package documentation for explanation.
Type  H <return>  for immediate help.
 ...                                              
                                                  
l.6 ...Ç–æ–∏–º–æ—Å—Ç—å, –ø–ª–æ—â–∞–¥—å, –∫–æ–ª–∏—á
                                                  –µ—Å—Ç–≤–æ –∫–æ–º–Ω–∞—Ç, –...

You may provide a definition with
\DeclareUnicodeCharacter 


! Package inputenc Error: Unicode character –µ (U+0435)
(inputenc)                not set up for use with LaTeX.

See the inputenc package documentation for explanation.
Type  H <return>  for immediate help.
 ...                                              
                                                  
l.6 ...æ–∏–º–æ—Å—Ç—å, –ø–ª–æ—â–∞–¥—å, –∫–æ–ª–∏—á–µ
                                                  —Å—Ç–≤–æ –∫–æ–º–Ω–∞—Ç, –≥–...

You may provide a definition with
\DeclareUnicodeCharacter 


! Package inputenc Error: Unicode character —Å (U+0441)
(inputenc)                not set up for use with LaTeX.

See the inputenc package documentation for explanation.
Type  H <return>  for immediate help.
 ...                                              
                                                  
l.6 ...∏–º–æ—Å—Ç—å, –ø–ª–æ—â–∞–¥—å, –∫–æ–ª–∏—á–µ—Å
                                                  —Ç–≤–æ –∫–æ–º–Ω–∞—Ç, –≥–æ–...

You may provide a definition with
\DeclareUnicodeCharacter 


! Package inputenc Error: Unicode character —Ç (U+0442)
(inputenc)                not set up for use with LaTeX.

See the inputenc package documentation for explanation.
Type  H <return>  for immediate help.
 ...                                              
                                                  
l.6 ...º–æ—Å—Ç—å, –ø–ª–æ—â–∞–¥—å, –∫–æ–ª–∏—á–µ—Å—Ç
                                                  –≤–æ –∫–æ–º–Ω–∞—Ç, –≥–æ–¥ ...

You may provide a definition with
\DeclareUnicodeCharacter 


! Package inputenc Error: Unicode character –≤ (U+0432)
(inputenc)                not set up for use with LaTeX.

See the inputenc package documentation for explanation.
Type  H <return>  for immediate help.
 ...                                              
                                                  
l.6 ...æ—Å—Ç—å, –ø–ª–æ—â–∞–¥—å, –∫–æ–ª–∏—á–µ—Å—Ç–≤
                                                  –æ –∫–æ–º–Ω–∞—Ç, –≥–æ–¥ –ø...

You may provide a definition with
\DeclareUnicodeCharacter 


! Package inputenc Error: Unicode character –æ (U+043E)
(inputenc)                not set up for use with LaTeX.

See the inputenc package documentation for explanation.
Type  H <return>  for immediate help.
 ...                                              
                                                  
l.6 ...Å—Ç—å, –ø–ª–æ—â–∞–¥—å, –∫–æ–ª–∏—á–µ—Å—Ç–≤–æ
                                                   –∫–æ–º–Ω–∞—Ç, –≥–æ–¥ –ø–æ...

You may provide a definition with
\DeclareUnicodeCharacter 


! Package inputenc Error: Unicode character –∫ (U+043A)
(inputenc)                not set up for use with LaTeX.

See the inputenc package documentation for explanation.
Type  H <return>  for immediate help.
 ...                                              
                                                  
l.6 ...—å, –ø–ª–æ—â–∞–¥—å, –∫–æ–ª–∏—á–µ—Å—Ç–≤–æ –∫
                                                  –æ–º–Ω–∞—Ç, –≥–æ–¥ –ø–æ—Å—...

You may provide a definition with
\DeclareUnicodeCharacter 


! Package inputenc Error: Unicode character –æ (U+043E)
(inputenc)                not set up for use with LaTeX.

See the inputenc package documentation for explanation.
Type  H <return>  for immediate help.
 ...                                              
                                                  
l.6 ..., –ø–ª–æ—â–∞–¥—å, –∫–æ–ª–∏—á–µ—Å—Ç–≤–æ –∫–æ
                                                  –º–Ω–∞—Ç, –≥–æ–¥ –ø–æ—Å—Ç—...

You may provide a definition with
\DeclareUnicodeCharacter 


! Package inputenc Error: Unicode character –º (U+043C)
(inputenc)                not set up for use with LaTeX.

See the inputenc package documentation for explanation.
Type  H <return>  for immediate help.
 ...                                              
                                                  
l.6 ...–ø–ª–æ—â–∞–¥—å, –∫–æ–ª–∏—á–µ—Å—Ç–≤–æ –∫–æ–º
                                                  –Ω–∞—Ç, –≥–æ–¥ –ø–æ—Å—Ç—Ä–...

You may provide a definition with
\DeclareUnicodeCharacter 


! Package inputenc Error: Unicode character –Ω (U+043D)
(inputenc)                not set up for use with LaTeX.

See the inputenc package documentation for explanation.
Type  H <return>  for immediate help.
 ...                                              
                                                  
l.6 ...–ª–æ—â–∞–¥—å, –∫–æ–ª–∏—á–µ—Å—Ç–≤–æ –∫–æ–º–Ω
                                                  –∞—Ç, –≥–æ–¥ –ø–æ—Å—Ç—Ä–æ–...

You may provide a definition with
\DeclareUnicodeCharacter 


! Package inputenc Error: Unicode character –∞ (U+0430)
(inputenc)                not set up for use with LaTeX.

See the inputenc package documentation for explanation.
Type  H <return>  for immediate help.
 ...                                              
                                                  
l.6 ...–æ—â–∞–¥—å, –∫–æ–ª–∏—á–µ—Å—Ç–≤–æ –∫–æ–º–Ω–∞
                                                  —Ç, –≥–æ–¥ –ø–æ—Å—Ç—Ä–æ–π–...

You may provide a definition with
\DeclareUnicodeCharacter 


! Package inputenc Error: Unicode character —Ç (U+0442)
(inputenc)                not set up for use with LaTeX.

See the inputenc package documentation for explanation.
Type  H <return>  for immediate help.
 ...                                              
                                                  
l.6 ...—â–∞–¥—å, –∫–æ–ª–∏—á–µ—Å—Ç–≤–æ –∫–æ–º–Ω–∞—Ç
                                                  , –≥–æ–¥ –ø–æ—Å—Ç—Ä–æ–π–∫–...

You may provide a definition with
\DeclareUnicodeCharacter 

Missing character: There is no , in font nullfont!

! Package inputenc Error: Unicode character –≥ (U+0433)
(inputenc)                not set up for use with LaTeX.

See the inputenc package documentation for explanation.
Type  H <return>  for immediate help.
 ...                                              
                                                  
l.6 ...–¥—å, –∫–æ–ª–∏—á–µ—Å—Ç–≤–æ –∫–æ–º–Ω–∞—Ç, –≥
                                                  –æ–¥ –ø–æ—Å—Ç—Ä–æ–π–∫–∏ –∏...

You may provide a definition with
\DeclareUnicodeCharacter 


! Package inputenc Error: Unicode character –æ (U+043E)
(inputenc)                not set up for use with LaTeX.

See the inputenc package documentation for explanation.
Type  H <return>  for immediate help.
 ...                                              
                                                  
l.6 ...—å, –∫–æ–ª–∏—á–µ—Å—Ç–≤–æ –∫–æ–º–Ω–∞—Ç, –≥–æ
                                                  –¥ –ø–æ—Å—Ç—Ä–æ–π–∫–∏ –∏ —...

You may provide a definition with
\DeclareUnicodeCharacter 


! Package inputenc Error: Unicode character –¥ (U+0434)
(inputenc)                not set up for use with LaTeX.

See the inputenc package documentation for explanation.
Type  H <return>  for immediate help.
 ...                                              
                                                  
l.6 ..., –∫–æ–ª–∏—á–µ—Å—Ç–≤–æ –∫–æ–º–Ω–∞—Ç, –≥–æ–¥
                                                   –ø–æ—Å—Ç—Ä–æ–π–∫–∏ –∏ —Ç–...

You may provide a definition with
\DeclareUnicodeCharacter 


! Package inputenc Error: Unicode character –ø (U+043F)
(inputenc)                not set up for use with LaTeX.

See the inputenc package documentation for explanation.
Type  H <return>  for immediate help.
 ...                                              
                                                  
l.6 ...∫–æ–ª–∏—á–µ—Å—Ç–≤–æ –∫–æ–º–Ω–∞—Ç, –≥–æ–¥ –ø
                                                  –æ—Å—Ç—Ä–æ–π–∫–∏ –∏ —Ç–ø, ...

You may provide a definition with
\DeclareUnicodeCharacter 


! Package inputenc Error: Unicode character –æ (U+043E)
(inputenc)                not set up for use with LaTeX.

See the inputenc package documentation for explanation.
Type  H <return>  for immediate help.
 ...                                              
                                                  
l.6 ...æ–ª–∏—á–µ—Å—Ç–≤–æ –∫–æ–º–Ω–∞—Ç, –≥–æ–¥ –ø–æ
                                                  —Å—Ç—Ä–æ–π–∫–∏ –∏ —Ç–ø, –æ...

You may provide a definition with
\DeclareUnicodeCharacter 


! Package inputenc Error: Unicode character —Å (U+0441)
(inputenc)                not set up for use with LaTeX.

See the inputenc package documentation for explanation.
Type  H <return>  for immediate help.
 ...                                              
                                                  
l.6 ...ª–∏—á–µ—Å—Ç–≤–æ –∫–æ–º–Ω–∞—Ç, –≥–æ–¥ –ø–æ—Å
                                                  —Ç—Ä–æ–π–∫–∏ –∏ —Ç–ø, –æ–ø...

You may provide a definition with
\DeclareUnicodeCharacter 


! Package inputenc Error: Unicode character —Ç (U+0442)
(inputenc)                not set up for use with LaTeX.

See the inputenc package documentation for explanation.
Type  H <return>  for immediate help.
 ...                                              
                                                  
l.6 ...∏—á–µ—Å—Ç–≤–æ –∫–æ–º–Ω–∞—Ç, –≥–æ–¥ –ø–æ—Å—Ç
                                                  —Ä–æ–π–∫–∏ –∏ —Ç–ø, –æ–ø–∏...

You may provide a definition with
\DeclareUnicodeCharacter 


! Package inputenc Error: Unicode character —Ä (U+0440)
(inputenc)                not set up for use with LaTeX.

See the inputenc package documentation for explanation.
Type  H <return>  for immediate help.
 ...                                              
                                                  
l.6 ...á–µ—Å—Ç–≤–æ –∫–æ–º–Ω–∞—Ç, –≥–æ–¥ –ø–æ—Å—Ç—Ä
                                                  –æ–π–∫–∏ –∏ —Ç–ø, –æ–ø–∏—Å...

You may provide a definition with
\DeclareUnicodeCharacter 


! Package inputenc Error: Unicode character –æ (U+043E)
(inputenc)                not set up for use with LaTeX.

See the inputenc package documentation for explanation.
Type  H <return>  for immediate help.
 ...                                              
                                                  
l.6 ...µ—Å—Ç–≤–æ –∫–æ–º–Ω–∞—Ç, –≥–æ–¥ –ø–æ—Å—Ç—Ä–æ
                                                  –π–∫–∏ –∏ —Ç–ø, –æ–ø–∏—Å–∞...

You may provide a definition with
\DeclareUnicodeCharacter 


! Package inputenc Error: Unicode character –π (U+0439)
(inputenc)                not set up for use with LaTeX.

See the inputenc package documentation for explanation.
Type  H <return>  for immediate help.
 ...                                              
                                                  
l.6 ...Å—Ç–≤–æ –∫–æ–º–Ω–∞—Ç, –≥–æ–¥ –ø–æ—Å—Ç—Ä–æ–π
                                                  –∫–∏ –∏ —Ç–ø, –æ–ø–∏—Å–∞–Ω...

You may provide a definition with
\DeclareUnicodeCharacter 


! Package inputenc Error: Unicode character –∫ (U+043A)
(inputenc)                not set up for use with LaTeX.

See the inputenc package documentation for explanation.
Type  H <return>  for immediate help.
 ...                                              
                                                  
l.6 ...Ç–≤–æ –∫–æ–º–Ω–∞—Ç, –≥–æ–¥ –ø–æ—Å—Ç—Ä–æ–π–∫
                                                  –∏ –∏ —Ç–ø, –æ–ø–∏—Å–∞–Ω–∏...

You may provide a definition with
\DeclareUnicodeCharacter 


! Package inputenc Error: Unicode character –∏ (U+0438)
(inputenc)                not set up for use with LaTeX.

See the inputenc package documentation for explanation.
Type  H <return>  for immediate help.
 ...                                              
                                                  
l.6 ...≤–æ –∫–æ–º–Ω–∞—Ç, –≥–æ–¥ –ø–æ—Å—Ç—Ä–æ–π–∫–∏
                                                   –∏ —Ç–ø, –æ–ø–∏—Å–∞–Ω–∏–µ...

You may provide a definition with
\DeclareUnicodeCharacter 


! Package inputenc Error: Unicode character –∏ (U+0438)
(inputenc)                not set up for use with LaTeX.

See the inputenc package documentation for explanation.
Type  H <return>  for immediate help.
 ...                                              
                                                  
l.6 ... –∫–æ–º–Ω–∞—Ç, –≥–æ–¥ –ø–æ—Å—Ç—Ä–æ–π–∫–∏ –∏
                                                   —Ç–ø, –æ–ø–∏—Å–∞–Ω–∏–µ –ø...
(That makes 100 errors; please try again.) 
Here is how much of TeX's memory you used:
 50 strings out of 479334
 810 string characters out of 2857559
 282611 words of memory out of 3000000
 17604 multiletter control sequences out of 15000+200000
 403430 words of font info for 27 fonts, out of 3000000 for 9000
 1141 hyphenation exceptions out of 8191
 18i,4n,15p,362b,64s stack positions out of 5000i,500n,10000p,200000b,50000s

!  ==> Fatal error occurred, no output PDF file produced!
